[2024-12-10 12:40:36,960 ] 97 werkzeug - WARNING -  * Debugger is active!
[2024-12-10 12:40:36,962 ] 97 werkzeug - INFO -  * Debugger PIN: 291-304-962
[2024-12-10 12:40:39,063 ] 97 werkzeug - INFO - 127.0.0.1 - - [10/Dec/2024 12:40:39] "GET /upload HTTP/1.1" 200 -
[2024-12-10 12:40:47,323 ] 97 werkzeug - INFO - 127.0.0.1 - - [10/Dec/2024 12:40:47] "[32mPOST /authenticate HTTP/1.1[0m" 302 -
[2024-12-10 12:40:47,333 ] 97 werkzeug - INFO - 127.0.0.1 - - [10/Dec/2024 12:40:47] "GET /upload HTTP/1.1" 200 -
[2024-12-10 12:40:47,372 ] 97 werkzeug - INFO - 127.0.0.1 - - [10/Dec/2024 12:40:47] "[36mGET /static/images/pexels-jplenio-1103970.jpg HTTP/1.1[0m" 304 -
[2024-12-10 12:40:55,322 ] 241 root - INFO - Subject options: ['JAVA PROGRAMMING', 'ALGORITHMS AND LOGIC DEVELOPMENT', 'COMPUTER FUNDAMENTALS AND NETWORKING', 'WEB DESIGNING AND DATABASE', 'PYTHON PROGRAMMING', 'DATABASE MANAGEMENT SYSTEM', 'FOUNDATIONS OF MATHEMATICS', 'LINUX FUNDAMENTAL WITH NETWORKING', 'PYTHON PROGRAMMING LAB', 'JAVA PROGRAMMING LAB']
[2024-12-10 12:40:55,323 ] 251 root - INFO - weighted_subjects: ['JAVA PROGRAMMING', 'JAVA PROGRAMMING', 'JAVA PROGRAMMING', 'JAVA PROGRAMMING', 'ALGORITHMS AND LOGIC DEVELOPMENT', 'ALGORITHMS AND LOGIC DEVELOPMENT', 'ALGORITHMS AND LOGIC DEVELOPMENT', 'ALGORITHMS AND LOGIC DEVELOPMENT', 'COMPUTER FUNDAMENTALS AND NETWORKING', 'COMPUTER FUNDAMENTALS AND NETWORKING', 'COMPUTER FUNDAMENTALS AND NETWORKING', 'COMPUTER FUNDAMENTALS AND NETWORKING', 'WEB DESIGNING AND DATABASE', 'WEB DESIGNING AND DATABASE', 'WEB DESIGNING AND DATABASE', 'WEB DESIGNING AND DATABASE', 'WEB DESIGNING AND DATABASE', 'PYTHON PROGRAMMING', 'PYTHON PROGRAMMING', 'PYTHON PROGRAMMING', 'PYTHON PROGRAMMING', 'PYTHON PROGRAMMING', 'DATABASE MANAGEMENT SYSTEM', 'DATABASE MANAGEMENT SYSTEM', 'DATABASE MANAGEMENT SYSTEM', 'DATABASE MANAGEMENT SYSTEM', 'DATABASE MANAGEMENT SYSTEM', 'FOUNDATIONS OF MATHEMATICS', 'FOUNDATIONS OF MATHEMATICS', 'LINUX FUNDAMENTAL WITH NETWORKING', 'LINUX FUNDAMENTAL WITH NETWORKING', 'LINUX FUNDAMENTAL WITH NETWORKING', 'PYTHON PROGRAMMING LAB', 'JAVA PROGRAMMING LAB']
[2024-12-10 12:40:55,323 ] 254 root - INFO - weighted_subjects: ['ALGORITHMS AND LOGIC DEVELOPMENT', 'JAVA PROGRAMMING LAB', 'PYTHON PROGRAMMING', 'JAVA PROGRAMMING', 'COMPUTER FUNDAMENTALS AND NETWORKING', 'FOUNDATIONS OF MATHEMATICS', 'COMPUTER FUNDAMENTALS AND NETWORKING', 'DATABASE MANAGEMENT SYSTEM', 'COMPUTER FUNDAMENTALS AND NETWORKING', 'PYTHON PROGRAMMING', 'JAVA PROGRAMMING', 'COMPUTER FUNDAMENTALS AND NETWORKING', 'LINUX FUNDAMENTAL WITH NETWORKING', 'WEB DESIGNING AND DATABASE', 'PYTHON PROGRAMMING', 'JAVA PROGRAMMING', 'ALGORITHMS AND LOGIC DEVELOPMENT', 'LINUX FUNDAMENTAL WITH NETWORKING', 'WEB DESIGNING AND DATABASE', 'WEB DESIGNING AND DATABASE', 'FOUNDATIONS OF MATHEMATICS', 'DATABASE MANAGEMENT SYSTEM', 'DATABASE MANAGEMENT SYSTEM', 'PYTHON PROGRAMMING', 'WEB DESIGNING AND DATABASE', 'WEB DESIGNING AND DATABASE', 'JAVA PROGRAMMING', 'PYTHON PROGRAMMING LAB', 'DATABASE MANAGEMENT SYSTEM', 'LINUX FUNDAMENTAL WITH NETWORKING', 'ALGORITHMS AND LOGIC DEVELOPMENT', 'DATABASE MANAGEMENT SYSTEM', 'ALGORITHMS AND LOGIC DEVELOPMENT', 'PYTHON PROGRAMMING']
[2024-12-10 12:40:55,323 ] 259 root - INFO - Creating timetable for MCA-1 on Monday
[2024-12-10 12:40:55,323 ] 267 root - INFO - st: 09:00:00, et: 16:00:00, rs: 12:00:00, re: 13:00:00, tl: 60, pl: 120
[2024-12-10 12:40:55,323 ] 329 root - INFO - Not enough time for practical, trying another subject
[2024-12-10 12:40:55,323 ] 259 root - INFO - Creating timetable for MCA-1 on Tuesday
[2024-12-10 12:40:55,323 ] 267 root - INFO - st: 09:00:00, et: 16:00:00, rs: 12:00:00, re: 13:00:00, tl: 60, pl: 120
[2024-12-10 12:40:55,324 ] 329 root - INFO - Not enough time for practical, trying another subject
[2024-12-10 12:40:55,324 ] 259 root - INFO - Creating timetable for MCA-1 on Wednesday
[2024-12-10 12:40:55,324 ] 267 root - INFO - st: 09:00:00, et: 16:00:00, rs: 12:00:00, re: 13:00:00, tl: 60, pl: 120
[2024-12-10 12:40:55,324 ] 259 root - INFO - Creating timetable for MCA-1 on Thursday
[2024-12-10 12:40:55,324 ] 267 root - INFO - st: 09:00:00, et: 16:00:00, rs: 12:00:00, re: 13:00:00, tl: 60, pl: 120
[2024-12-10 12:40:55,324 ] 259 root - INFO - Creating timetable for MCA-1 on Friday
[2024-12-10 12:40:55,324 ] 267 root - INFO - st: 09:00:00, et: 16:00:00, rs: 12:00:00, re: 13:00:00, tl: 60, pl: 120
[2024-12-10 12:40:55,325 ] 259 root - INFO - Creating timetable for MCA-1 on Saturday
[2024-12-10 12:40:55,325 ] 267 root - INFO - st: 09:00:00, et: 16:00:00, rs: 12:00:00, re: 13:00:00, tl: 60, pl: 120
[2024-12-10 12:40:55,325 ] 374 root - INFO - time is over
[2024-12-10 12:40:55,325 ] 381 root - INFO - teacher workload: {'R.S. Prajapati': 5, 'D.G. Patel': 6, 'I.M.Khare': 6, 'P.K. Patel': 5, 'S.I. Shah': 4, 'S.K. Mishra': 5, 'V.P. Paul': 5}
[2024-12-10 12:40:55,325 ] 241 root - INFO - Subject options: ['ADVANCED DATABASE MANAGEMENT SYSTEM', 'WEB TECHNOLOGIES DEVELOPMENT USING PHP', 'DEVOPS, DESIGN AND ANALYSIS OF ALGORITHMS', 'ENTREPRENEURSHIP', 'HUMAN VALUES PROFESSIONAL ETHICS', 'IOS APPLICATION DEVELOPMENT', 'TESTING AND AUTOMATION REST API', 'WEB TECHNOLOGIES DEVELOPMENT USING SPRING', 'BLOCKCHAIN TECHNOLOGY-II', 'BIG DATA ANALYTICS-II', 'CLOUD COMPUTING-II', 'DATA SCIENCE-II', 'FUNDAMENTAL OF INFORMATION SYSTEMS AUDIT', 'IOT  ADVANCED', 'MACHINE LEARNING-II', 'MOBILE TESTING AUTOMATION', 'SYSTEM DEVELOPMENT PROJECT - I', 'DATABASE LAB', 'PROGRAMMING LAB']
[2024-12-10 12:40:55,326 ] 251 root - INFO - weighted_subjects: ['ADVANCED DATABASE MANAGEMENT SYSTEM', 'ADVANCED DATABASE MANAGEMENT SYSTEM', 'ADVANCED DATABASE MANAGEMENT SYSTEM', 'WEB TECHNOLOGIES DEVELOPMENT USING PHP', 'WEB TECHNOLOGIES DEVELOPMENT USING PHP', 'DEVOPS, DESIGN AND ANALYSIS OF ALGORITHMS', 'DEVOPS, DESIGN AND ANALYSIS OF ALGORITHMS', 'DEVOPS, DESIGN AND ANALYSIS OF ALGORITHMS', 'ENTREPRENEURSHIP', 'ENTREPRENEURSHIP', 'ENTREPRENEURSHIP', 'ENTREPRENEURSHIP', 'ENTREPRENEURSHIP', 'HUMAN VALUES PROFESSIONAL ETHICS', 'HUMAN VALUES PROFESSIONAL ETHICS', 'IOS APPLICATION DEVELOPMENT', 'TESTING AND AUTOMATION REST API', 'WEB TECHNOLOGIES DEVELOPMENT USING SPRING', 'WEB TECHNOLOGIES DEVELOPMENT USING SPRING', 'BLOCKCHAIN TECHNOLOGY-II', 'BLOCKCHAIN TECHNOLOGY-II', 'BLOCKCHAIN TECHNOLOGY-II', 'BIG DATA ANALYTICS-II', 'BIG DATA ANALYTICS-II', 'CLOUD COMPUTING-II', 'CLOUD COMPUTING-II', 'DATA SCIENCE-II', 'FUNDAMENTAL OF INFORMATION SYSTEMS AUDIT', 'IOT  ADVANCED', 'MACHINE LEARNING-II', 'MOBILE TESTING AUTOMATION', 'MOBILE TESTING AUTOMATION', 'SYSTEM DEVELOPMENT PROJECT - I', 'DATABASE LAB', 'PROGRAMMING LAB']
[2024-12-10 12:40:55,326 ] 254 root - INFO - weighted_subjects: ['ADVANCED DATABASE MANAGEMENT SYSTEM', 'FUNDAMENTAL OF INFORMATION SYSTEMS AUDIT', 'HUMAN VALUES PROFESSIONAL ETHICS', 'WEB TECHNOLOGIES DEVELOPMENT USING PHP', 'WEB TECHNOLOGIES DEVELOPMENT USING PHP', 'CLOUD COMPUTING-II', 'IOT  ADVANCED', 'BLOCKCHAIN TECHNOLOGY-II', 'ENTREPRENEURSHIP', 'PROGRAMMING LAB', 'WEB TECHNOLOGIES DEVELOPMENT USING SPRING', 'DATABASE LAB', 'WEB TECHNOLOGIES DEVELOPMENT USING SPRING', 'ENTREPRENEURSHIP', 'ADVANCED DATABASE MANAGEMENT SYSTEM', 'ENTREPRENEURSHIP', 'IOS APPLICATION DEVELOPMENT', 'SYSTEM DEVELOPMENT PROJECT - I', 'MACHINE LEARNING-II', 'DEVOPS, DESIGN AND ANALYSIS OF ALGORITHMS', 'MOBILE TESTING AUTOMATION', 'DEVOPS, DESIGN AND ANALYSIS OF ALGORITHMS', 'BLOCKCHAIN TECHNOLOGY-II', 'ADVANCED DATABASE MANAGEMENT SYSTEM', 'BIG DATA ANALYTICS-II', 'BLOCKCHAIN TECHNOLOGY-II', 'CLOUD COMPUTING-II', 'BIG DATA ANALYTICS-II', 'DATA SCIENCE-II', 'TESTING AND AUTOMATION REST API', 'HUMAN VALUES PROFESSIONAL ETHICS', 'MOBILE TESTING AUTOMATION', 'ENTREPRENEURSHIP', 'DEVOPS, DESIGN AND ANALYSIS OF ALGORITHMS', 'ENTREPRENEURSHIP']
[2024-12-10 12:40:55,326 ] 259 root - INFO - Creating timetable for MCA-2 on Monday
[2024-12-10 12:40:55,326 ] 267 root - INFO - st: 09:00:00, et: 16:00:00, rs: 12:00:00, re: 13:00:00, tl: 60, pl: 120
[2024-12-10 12:40:55,327 ] 259 root - INFO - Creating timetable for MCA-2 on Tuesday
[2024-12-10 12:40:55,327 ] 267 root - INFO - st: 09:00:00, et: 16:00:00, rs: 12:00:00, re: 13:00:00, tl: 60, pl: 120
[2024-12-10 12:40:55,327 ] 329 root - INFO - Not enough time for practical, trying another subject
[2024-12-10 12:40:55,327 ] 259 root - INFO - Creating timetable for MCA-2 on Wednesday
[2024-12-10 12:40:55,327 ] 267 root - INFO - st: 09:00:00, et: 16:00:00, rs: 12:00:00, re: 13:00:00, tl: 60, pl: 120
[2024-12-10 12:40:55,328 ] 374 root - INFO - time is over
[2024-12-10 12:40:55,328 ] 259 root - INFO - Creating timetable for MCA-2 on Thursday
[2024-12-10 12:40:55,328 ] 267 root - INFO - st: 09:00:00, et: 16:00:00, rs: 12:00:00, re: 13:00:00, tl: 60, pl: 120
[2024-12-10 12:40:55,328 ] 374 root - INFO - time is over
[2024-12-10 12:40:55,328 ] 259 root - INFO - Creating timetable for MCA-2 on Friday
[2024-12-10 12:40:55,328 ] 267 root - INFO - st: 09:00:00, et: 16:00:00, rs: 12:00:00, re: 13:00:00, tl: 60, pl: 120
[2024-12-10 12:40:55,329 ] 259 root - INFO - Creating timetable for MCA-2 on Saturday
[2024-12-10 12:40:55,330 ] 267 root - INFO - st: 09:00:00, et: 16:00:00, rs: 12:00:00, re: 13:00:00, tl: 60, pl: 120
[2024-12-10 12:40:55,330 ] 381 root - INFO - teacher workload: {'R.S. Prajapati': 10, 'D.G. Patel': 9, 'I.M.Khare': 10, 'P.K. Patel': 10, 'S.I. Shah': 9, 'S.K. Mishra': 10, 'V.P. Paul': 10, 'A.R. Rao': 2, 'H.K. Shrivastav': 2}
[2024-12-10 12:40:55,331 ] 241 root - INFO - Subject options: ['PRINCIPLES OF MANAGEMENT', 'QUANTITATIVE TECHNIQUES IN MANAGEMENT', 'MANAGERIAL ECONOMICS', 'MANAGERIAL ACCOUNTING', 'ORGANISATIONAL BEHAVIOUR', 'MANAGERIAL COMMUNICATION', 'RESEARCH DESIGN FOR MANAGEMENT', 'COMMUNICATIVE ENGLISH LABORATORY', 'RESEARCH DESIGN LABORATORY']
[2024-12-10 12:40:55,331 ] 251 root - INFO - weighted_subjects: ['PRINCIPLES OF MANAGEMENT', 'PRINCIPLES OF MANAGEMENT', 'PRINCIPLES OF MANAGEMENT', 'PRINCIPLES OF MANAGEMENT', 'QUANTITATIVE TECHNIQUES IN MANAGEMENT', 'QUANTITATIVE TECHNIQUES IN MANAGEMENT', 'QUANTITATIVE TECHNIQUES IN MANAGEMENT', 'QUANTITATIVE TECHNIQUES IN MANAGEMENT', 'QUANTITATIVE TECHNIQUES IN MANAGEMENT', 'MANAGERIAL ECONOMICS', 'MANAGERIAL ECONOMICS', 'MANAGERIAL ECONOMICS', 'MANAGERIAL ECONOMICS', 'MANAGERIAL ACCOUNTING', 'MANAGERIAL ACCOUNTING', 'MANAGERIAL ACCOUNTING', 'ORGANISATIONAL BEHAVIOUR', 'ORGANISATIONAL BEHAVIOUR', 'MANAGERIAL COMMUNICATION', 'MANAGERIAL COMMUNICATION', 'MANAGERIAL COMMUNICATION', 'MANAGERIAL COMMUNICATION', 'MANAGERIAL COMMUNICATION', 'RESEARCH DESIGN FOR MANAGEMENT', 'RESEARCH DESIGN FOR MANAGEMENT', 'RESEARCH DESIGN FOR MANAGEMENT', 'RESEARCH DESIGN FOR MANAGEMENT', 'RESEARCH DESIGN FOR MANAGEMENT', 'COMMUNICATIVE ENGLISH LABORATORY', 'COMMUNICATIVE ENGLISH LABORATORY', 'RESEARCH DESIGN LABORATORY', 'RESEARCH DESIGN LABORATORY']
[2024-12-10 12:40:55,332 ] 254 root - INFO - weighted_subjects: ['RESEARCH DESIGN FOR MANAGEMENT', 'ORGANISATIONAL BEHAVIOUR', 'RESEARCH DESIGN FOR MANAGEMENT', 'MANAGERIAL ACCOUNTING', 'QUANTITATIVE TECHNIQUES IN MANAGEMENT', 'RESEARCH DESIGN FOR MANAGEMENT', 'MANAGERIAL ECONOMICS', 'QUANTITATIVE TECHNIQUES IN MANAGEMENT', 'ORGANISATIONAL BEHAVIOUR', 'MANAGERIAL ECONOMICS', 'RESEARCH DESIGN LABORATORY', 'RESEARCH DESIGN FOR MANAGEMENT', 'RESEARCH DESIGN FOR MANAGEMENT', 'MANAGERIAL ACCOUNTING', 'QUANTITATIVE TECHNIQUES IN MANAGEMENT', 'PRINCIPLES OF MANAGEMENT', 'MANAGERIAL COMMUNICATION', 'QUANTITATIVE TECHNIQUES IN MANAGEMENT', 'QUANTITATIVE TECHNIQUES IN MANAGEMENT', 'COMMUNICATIVE ENGLISH LABORATORY', 'MANAGERIAL COMMUNICATION', 'PRINCIPLES OF MANAGEMENT', 'MANAGERIAL COMMUNICATION', 'RESEARCH DESIGN LABORATORY', 'MANAGERIAL ECONOMICS', 'PRINCIPLES OF MANAGEMENT', 'MANAGERIAL ACCOUNTING', 'COMMUNICATIVE ENGLISH LABORATORY', 'MANAGERIAL COMMUNICATION', 'MANAGERIAL COMMUNICATION', 'PRINCIPLES OF MANAGEMENT', 'MANAGERIAL ECONOMICS']
[2024-12-10 12:40:55,332 ] 259 root - INFO - Creating timetable for MBA-1 on Monday
[2024-12-10 12:40:55,332 ] 267 root - INFO - st: 08:00:00, et: 15:00:00, rs: 11:00:00, re: 12:00:00, tl: 60, pl: 120
[2024-12-10 12:40:55,332 ] 259 root - INFO - Creating timetable for MBA-1 on Tuesday
[2024-12-10 12:40:55,332 ] 267 root - INFO - st: 08:00:00, et: 15:00:00, rs: 11:00:00, re: 12:00:00, tl: 60, pl: 120
[2024-12-10 12:40:55,333 ] 374 root - INFO - time is over
[2024-12-10 12:40:55,333 ] 259 root - INFO - Creating timetable for MBA-1 on Wednesday
[2024-12-10 12:40:55,333 ] 267 root - INFO - st: 08:00:00, et: 15:00:00, rs: 11:00:00, re: 12:00:00, tl: 60, pl: 120
[2024-12-10 12:40:55,333 ] 329 root - INFO - Not enough time for practical, trying another subject
[2024-12-10 12:40:55,334 ] 259 root - INFO - Creating timetable for MBA-1 on Thursday
[2024-12-10 12:40:55,334 ] 267 root - INFO - st: 08:00:00, et: 15:00:00, rs: 11:00:00, re: 12:00:00, tl: 60, pl: 120
[2024-12-10 12:40:55,334 ] 374 root - INFO - time is over
[2024-12-10 12:40:55,334 ] 259 root - INFO - Creating timetable for MBA-1 on Friday
[2024-12-10 12:40:55,334 ] 267 root - INFO - st: 08:00:00, et: 15:00:00, rs: 11:00:00, re: 12:00:00, tl: 60, pl: 120
[2024-12-10 12:40:55,334 ] 259 root - INFO - Creating timetable for MBA-1 on Saturday
[2024-12-10 12:40:55,335 ] 267 root - INFO - st: 08:00:00, et: 15:00:00, rs: 11:00:00, re: 12:00:00, tl: 60, pl: 120
[2024-12-10 12:40:55,335 ] 381 root - INFO - teacher workload: {'R.S. Prajapati': 10, 'D.G. Patel': 9, 'I.M.Khare': 10, 'P.K. Patel': 10, 'S.I. Shah': 9, 'S.K. Mishra': 10, 'V.P. Paul': 10, 'A.R. Rao': 5, 'H.K. Shrivastav': 7, 'G.S. Desai': 6, 'H.K. Patel': 4, 'J.P. Patel': 6, 'P.J. Jha': 7, 'P.K. Solanki': 5}
[2024-12-10 12:40:55,335 ] 241 root - INFO - Subject options: ['STRATEGIC MANAGEMENT', 'FUNDAMENTALS OF ENTERPRISE RESOURCE PLANNING', 'MARKETING', 'FINANCE', 'HUMAN RESOURCE', 'INTERNATIONAL BUSINESS', 'ENTREPRENEURSHIP', 'SUPPLY CHAIN MANAGEMENT', 'SECTOR', 'PERSONALITY GROWTH LAB', 'MANAGEMENT RESEARCH PROJECT']
[2024-12-10 12:40:55,335 ] 251 root - INFO - weighted_subjects: ['STRATEGIC MANAGEMENT', 'STRATEGIC MANAGEMENT', 'STRATEGIC MANAGEMENT', 'FUNDAMENTALS OF ENTERPRISE RESOURCE PLANNING', 'FUNDAMENTALS OF ENTERPRISE RESOURCE PLANNING', 'FUNDAMENTALS OF ENTERPRISE RESOURCE PLANNING', 'MARKETING', 'MARKETING', 'MARKETING', 'MARKETING', 'FINANCE', 'FINANCE', 'FINANCE', 'FINANCE', 'HUMAN RESOURCE', 'HUMAN RESOURCE', 'HUMAN RESOURCE', 'INTERNATIONAL BUSINESS', 'INTERNATIONAL BUSINESS', 'INTERNATIONAL BUSINESS', 'ENTREPRENEURSHIP', 'ENTREPRENEURSHIP', 'ENTREPRENEURSHIP', 'ENTREPRENEURSHIP', 'ENTREPRENEURSHIP', 'SUPPLY CHAIN MANAGEMENT', 'SUPPLY CHAIN MANAGEMENT', 'SUPPLY CHAIN MANAGEMENT', 'SECTOR', 'SECTOR', 'SECTOR', 'SECTOR', 'PERSONALITY GROWTH LAB', 'MANAGEMENT RESEARCH PROJECT']
[2024-12-10 12:40:55,335 ] 254 root - INFO - weighted_subjects: ['MARKETING', 'SUPPLY CHAIN MANAGEMENT', 'FINANCE', 'HUMAN RESOURCE', 'SECTOR', 'ENTREPRENEURSHIP', 'MARKETING', 'ENTREPRENEURSHIP', 'ENTREPRENEURSHIP', 'INTERNATIONAL BUSINESS', 'PERSONALITY GROWTH LAB', 'MARKETING', 'SECTOR', 'SUPPLY CHAIN MANAGEMENT', 'FUNDAMENTALS OF ENTERPRISE RESOURCE PLANNING', 'FINANCE', 'MARKETING', 'INTERNATIONAL BUSINESS', 'INTERNATIONAL BUSINESS', 'HUMAN RESOURCE', 'STRATEGIC MANAGEMENT', 'SECTOR', 'HUMAN RESOURCE', 'ENTREPRENEURSHIP', 'FUNDAMENTALS OF ENTERPRISE RESOURCE PLANNING', 'STRATEGIC MANAGEMENT', 'FINANCE', 'FUNDAMENTALS OF ENTERPRISE RESOURCE PLANNING', 'ENTREPRENEURSHIP', 'STRATEGIC MANAGEMENT', 'MANAGEMENT RESEARCH PROJECT', 'SECTOR', 'SUPPLY CHAIN MANAGEMENT', 'FINANCE']
[2024-12-10 12:40:55,335 ] 259 root - INFO - Creating timetable for MBA-2 on Monday
[2024-12-10 12:40:55,335 ] 267 root - INFO - st: 08:00:00, et: 15:00:00, rs: 11:00:00, re: 12:00:00, tl: 60, pl: 120
[2024-12-10 12:40:55,335 ] 374 root - INFO - time is over
[2024-12-10 12:40:55,335 ] 259 root - INFO - Creating timetable for MBA-2 on Tuesday
[2024-12-10 12:40:55,335 ] 267 root - INFO - st: 08:00:00, et: 15:00:00, rs: 11:00:00, re: 12:00:00, tl: 60, pl: 120
[2024-12-10 12:40:55,336 ] 259 root - INFO - Creating timetable for MBA-2 on Wednesday
[2024-12-10 12:40:55,336 ] 267 root - INFO - st: 08:00:00, et: 15:00:00, rs: 11:00:00, re: 12:00:00, tl: 60, pl: 120
[2024-12-10 12:40:55,336 ] 329 root - INFO - Not enough time for practical, trying another subject
[2024-12-10 12:40:55,336 ] 259 root - INFO - Creating timetable for MBA-2 on Thursday
[2024-12-10 12:40:55,336 ] 267 root - INFO - st: 08:00:00, et: 15:00:00, rs: 11:00:00, re: 12:00:00, tl: 60, pl: 120
[2024-12-10 12:40:55,336 ] 259 root - INFO - Creating timetable for MBA-2 on Friday
[2024-12-10 12:40:55,336 ] 267 root - INFO - st: 08:00:00, et: 15:00:00, rs: 11:00:00, re: 12:00:00, tl: 60, pl: 120
[2024-12-10 12:40:55,337 ] 259 root - INFO - Creating timetable for MBA-2 on Saturday
[2024-12-10 12:40:55,337 ] 267 root - INFO - st: 08:00:00, et: 15:00:00, rs: 11:00:00, re: 12:00:00, tl: 60, pl: 120
[2024-12-10 12:40:55,337 ] 374 root - INFO - time is over
[2024-12-10 12:40:55,337 ] 381 root - INFO - teacher workload: {'R.S. Prajapati': 10, 'D.G. Patel': 9, 'I.M.Khare': 10, 'P.K. Patel': 10, 'S.I. Shah': 9, 'S.K. Mishra': 10, 'V.P. Paul': 10, 'A.R. Rao': 11, 'H.K. Shrivastav': 10, 'G.S. Desai': 11, 'H.K. Patel': 11, 'J.P. Patel': 11, 'P.J. Jha': 10, 'P.K. Solanki': 12}
[2024-12-10 12:40:55,337 ] 97 werkzeug - INFO - 127.0.0.1 - - [10/Dec/2024 12:40:55] "[32mPOST /upload HTTP/1.1[0m" 302 -
[2024-12-10 12:40:55,350 ] 97 werkzeug - INFO - 127.0.0.1 - - [10/Dec/2024 12:40:55] "GET /index HTTP/1.1" 200 -
[2024-12-10 12:40:55,390 ] 97 werkzeug - INFO - 127.0.0.1 - - [10/Dec/2024 12:40:55] "[36mGET /static/images/MCA-1.jpg HTTP/1.1[0m" 304 -
[2024-12-10 12:40:55,391 ] 97 werkzeug - INFO - 127.0.0.1 - - [10/Dec/2024 12:40:55] "[36mGET /static/images/MCA-2.jpg HTTP/1.1[0m" 304 -
[2024-12-10 12:40:55,397 ] 97 werkzeug - INFO - 127.0.0.1 - - [10/Dec/2024 12:40:55] "[36mGET /static/images/MBA-1.jpg HTTP/1.1[0m" 304 -
[2024-12-10 12:40:55,399 ] 97 werkzeug - INFO - 127.0.0.1 - - [10/Dec/2024 12:40:55] "[36mGET /static/images/MBA-2.jpg HTTP/1.1[0m" 304 -
[2024-12-10 12:41:00,220 ] 97 werkzeug - INFO - 127.0.0.1 - - [10/Dec/2024 12:41:00] "POST /get_timetable HTTP/1.1" 200 -
