[2024-12-12 10:01:42,758 ] 97 werkzeug - WARNING -  * Debugger is active!
[2024-12-12 10:01:42,760 ] 97 werkzeug - INFO -  * Debugger PIN: 291-304-962
[2024-12-12 10:02:29,026 ] 97 werkzeug - INFO - 127.0.0.1 - - [12/Dec/2024 10:02:29] "GET / HTTP/1.1" 200 -
[2024-12-12 10:02:29,068 ] 97 werkzeug - INFO - 127.0.0.1 - - [12/Dec/2024 10:02:29] "[36mGET /static/images/pexels-jplenio-1103970.jpg HTTP/1.1[0m" 304 -
[2024-12-12 10:02:30,223 ] 97 werkzeug - INFO - 127.0.0.1 - - [12/Dec/2024 10:02:30] "[33mGET /favicon.ico HTTP/1.1[0m" 404 -
[2024-12-12 10:02:43,381 ] 97 werkzeug - INFO - 127.0.0.1 - - [12/Dec/2024 10:02:43] "[32mPOST /authenticate HTTP/1.1[0m" 302 -
[2024-12-12 10:02:43,386 ] 97 werkzeug - INFO - 127.0.0.1 - - [12/Dec/2024 10:02:43] "GET /upload HTTP/1.1" 200 -
[2024-12-12 10:02:43,415 ] 97 werkzeug - INFO - 127.0.0.1 - - [12/Dec/2024 10:02:43] "[36mGET /static/images/pexels-jplenio-1103970.jpg HTTP/1.1[0m" 304 -
[2024-12-12 10:02:53,645 ] 241 root - INFO - Subject options: ['JAVA PROGRAMMING', 'ALGORITHMS AND LOGIC DEVELOPMENT', 'COMPUTER FUNDAMENTALS AND NETWORKING', 'WEB DESIGNING AND DATABASE', 'PYTHON PROGRAMMING', 'DATABASE MANAGEMENT SYSTEM', 'FOUNDATIONS OF MATHEMATICS', 'LINUX FUNDAMENTAL WITH NETWORKING', 'PYTHON PROGRAMMING LAB', 'JAVA PROGRAMMING LAB']
[2024-12-12 10:02:53,645 ] 251 root - INFO - weighted_subjects: ['JAVA PROGRAMMING', 'JAVA PROGRAMMING', 'JAVA PROGRAMMING', 'JAVA PROGRAMMING', 'ALGORITHMS AND LOGIC DEVELOPMENT', 'ALGORITHMS AND LOGIC DEVELOPMENT', 'ALGORITHMS AND LOGIC DEVELOPMENT', 'ALGORITHMS AND LOGIC DEVELOPMENT', 'COMPUTER FUNDAMENTALS AND NETWORKING', 'COMPUTER FUNDAMENTALS AND NETWORKING', 'COMPUTER FUNDAMENTALS AND NETWORKING', 'COMPUTER FUNDAMENTALS AND NETWORKING', 'WEB DESIGNING AND DATABASE', 'WEB DESIGNING AND DATABASE', 'WEB DESIGNING AND DATABASE', 'WEB DESIGNING AND DATABASE', 'WEB DESIGNING AND DATABASE', 'PYTHON PROGRAMMING', 'PYTHON PROGRAMMING', 'PYTHON PROGRAMMING', 'PYTHON PROGRAMMING', 'PYTHON PROGRAMMING', 'DATABASE MANAGEMENT SYSTEM', 'DATABASE MANAGEMENT SYSTEM', 'DATABASE MANAGEMENT SYSTEM', 'DATABASE MANAGEMENT SYSTEM', 'DATABASE MANAGEMENT SYSTEM', 'FOUNDATIONS OF MATHEMATICS', 'FOUNDATIONS OF MATHEMATICS', 'LINUX FUNDAMENTAL WITH NETWORKING', 'LINUX FUNDAMENTAL WITH NETWORKING', 'LINUX FUNDAMENTAL WITH NETWORKING', 'PYTHON PROGRAMMING LAB', 'JAVA PROGRAMMING LAB']
[2024-12-12 10:02:53,645 ] 254 root - INFO - weighted_subjects: ['WEB DESIGNING AND DATABASE', 'COMPUTER FUNDAMENTALS AND NETWORKING', 'PYTHON PROGRAMMING LAB', 'JAVA PROGRAMMING', 'ALGORITHMS AND LOGIC DEVELOPMENT', 'DATABASE MANAGEMENT SYSTEM', 'DATABASE MANAGEMENT SYSTEM', 'FOUNDATIONS OF MATHEMATICS', 'LINUX FUNDAMENTAL WITH NETWORKING', 'DATABASE MANAGEMENT SYSTEM', 'ALGORITHMS AND LOGIC DEVELOPMENT', 'COMPUTER FUNDAMENTALS AND NETWORKING', 'WEB DESIGNING AND DATABASE', 'ALGORITHMS AND LOGIC DEVELOPMENT', 'DATABASE MANAGEMENT SYSTEM', 'WEB DESIGNING AND DATABASE', 'ALGORITHMS AND LOGIC DEVELOPMENT', 'JAVA PROGRAMMING', 'PYTHON PROGRAMMING', 'PYTHON PROGRAMMING', 'LINUX FUNDAMENTAL WITH NETWORKING', 'PYTHON PROGRAMMING', 'JAVA PROGRAMMING LAB', 'JAVA PROGRAMMING', 'DATABASE MANAGEMENT SYSTEM', 'FOUNDATIONS OF MATHEMATICS', 'WEB DESIGNING AND DATABASE', 'COMPUTER FUNDAMENTALS AND NETWORKING', 'PYTHON PROGRAMMING', 'JAVA PROGRAMMING', 'WEB DESIGNING AND DATABASE', 'PYTHON PROGRAMMING', 'COMPUTER FUNDAMENTALS AND NETWORKING', 'LINUX FUNDAMENTAL WITH NETWORKING']
[2024-12-12 10:02:53,645 ] 259 root - INFO - Creating timetable for MCA-1 on Monday
[2024-12-12 10:02:53,645 ] 267 root - INFO - st: 09:00:00, et: 16:00:00, rs: 12:00:00, re: 13:00:00, tl: 60, pl: 120
[2024-12-12 10:02:53,646 ] 259 root - INFO - Creating timetable for MCA-1 on Tuesday
[2024-12-12 10:02:53,646 ] 267 root - INFO - st: 09:00:00, et: 16:00:00, rs: 12:00:00, re: 13:00:00, tl: 60, pl: 120
[2024-12-12 10:02:53,646 ] 259 root - INFO - Creating timetable for MCA-1 on Wednesday
[2024-12-12 10:02:53,646 ] 267 root - INFO - st: 09:00:00, et: 16:00:00, rs: 12:00:00, re: 13:00:00, tl: 60, pl: 120
[2024-12-12 10:02:53,646 ] 259 root - INFO - Creating timetable for MCA-1 on Thursday
[2024-12-12 10:02:53,646 ] 267 root - INFO - st: 09:00:00, et: 16:00:00, rs: 12:00:00, re: 13:00:00, tl: 60, pl: 120
[2024-12-12 10:02:53,646 ] 259 root - INFO - Creating timetable for MCA-1 on Friday
[2024-12-12 10:02:53,646 ] 267 root - INFO - st: 09:00:00, et: 16:00:00, rs: 12:00:00, re: 13:00:00, tl: 60, pl: 120
[2024-12-12 10:02:53,646 ] 259 root - INFO - Creating timetable for MCA-1 on Saturday
[2024-12-12 10:02:53,646 ] 267 root - INFO - st: 09:00:00, et: 16:00:00, rs: 12:00:00, re: 13:00:00, tl: 60, pl: 120
[2024-12-12 10:02:53,646 ] 381 root - INFO - teacher workload: {'P.K. Patel': 4, 'V.P. Paul': 6, 'D.G. Patel': 5, 'S.K. Mishra': 6, 'R.S. Prajapati': 5, 'I.M.Khare': 6, 'S.I. Shah': 4}
[2024-12-12 10:02:53,646 ] 241 root - INFO - Subject options: ['ADVANCED DATABASE MANAGEMENT SYSTEM', 'WEB TECHNOLOGIES DEVELOPMENT USING PHP', 'DEVOPS, DESIGN AND ANALYSIS OF ALGORITHMS', 'ENTREPRENEURSHIP', 'HUMAN VALUES PROFESSIONAL ETHICS', 'IOS APPLICATION DEVELOPMENT', 'TESTING AND AUTOMATION REST API', 'WEB TECHNOLOGIES DEVELOPMENT USING SPRING', 'BLOCKCHAIN TECHNOLOGY-II', 'BIG DATA ANALYTICS-II', 'CLOUD COMPUTING-II', 'DATA SCIENCE-II', 'FUNDAMENTAL OF INFORMATION SYSTEMS AUDIT', 'IOT  ADVANCED', 'MACHINE LEARNING-II', 'MOBILE TESTING AUTOMATION', 'SYSTEM DEVELOPMENT PROJECT - I', 'DATABASE LAB', 'PROGRAMMING LAB']
[2024-12-12 10:02:53,647 ] 251 root - INFO - weighted_subjects: ['ADVANCED DATABASE MANAGEMENT SYSTEM', 'ADVANCED DATABASE MANAGEMENT SYSTEM', 'ADVANCED DATABASE MANAGEMENT SYSTEM', 'WEB TECHNOLOGIES DEVELOPMENT USING PHP', 'WEB TECHNOLOGIES DEVELOPMENT USING PHP', 'DEVOPS, DESIGN AND ANALYSIS OF ALGORITHMS', 'DEVOPS, DESIGN AND ANALYSIS OF ALGORITHMS', 'DEVOPS, DESIGN AND ANALYSIS OF ALGORITHMS', 'ENTREPRENEURSHIP', 'ENTREPRENEURSHIP', 'ENTREPRENEURSHIP', 'ENTREPRENEURSHIP', 'ENTREPRENEURSHIP', 'HUMAN VALUES PROFESSIONAL ETHICS', 'HUMAN VALUES PROFESSIONAL ETHICS', 'IOS APPLICATION DEVELOPMENT', 'TESTING AND AUTOMATION REST API', 'WEB TECHNOLOGIES DEVELOPMENT USING SPRING', 'WEB TECHNOLOGIES DEVELOPMENT USING SPRING', 'BLOCKCHAIN TECHNOLOGY-II', 'BLOCKCHAIN TECHNOLOGY-II', 'BLOCKCHAIN TECHNOLOGY-II', 'BIG DATA ANALYTICS-II', 'BIG DATA ANALYTICS-II', 'CLOUD COMPUTING-II', 'CLOUD COMPUTING-II', 'DATA SCIENCE-II', 'FUNDAMENTAL OF INFORMATION SYSTEMS AUDIT', 'IOT  ADVANCED', 'MACHINE LEARNING-II', 'MOBILE TESTING AUTOMATION', 'MOBILE TESTING AUTOMATION', 'SYSTEM DEVELOPMENT PROJECT - I', 'DATABASE LAB', 'PROGRAMMING LAB']
[2024-12-12 10:02:53,647 ] 254 root - INFO - weighted_subjects: ['MACHINE LEARNING-II', 'DEVOPS, DESIGN AND ANALYSIS OF ALGORITHMS', 'ENTREPRENEURSHIP', 'ADVANCED DATABASE MANAGEMENT SYSTEM', 'IOT  ADVANCED', 'MOBILE TESTING AUTOMATION', 'HUMAN VALUES PROFESSIONAL ETHICS', 'ENTREPRENEURSHIP', 'DATA SCIENCE-II', 'CLOUD COMPUTING-II', 'TESTING AND AUTOMATION REST API', 'SYSTEM DEVELOPMENT PROJECT - I', 'ADVANCED DATABASE MANAGEMENT SYSTEM', 'ENTREPRENEURSHIP', 'MOBILE TESTING AUTOMATION', 'IOS APPLICATION DEVELOPMENT', 'ENTREPRENEURSHIP', 'DATABASE LAB', 'WEB TECHNOLOGIES DEVELOPMENT USING PHP', 'BLOCKCHAIN TECHNOLOGY-II', 'WEB TECHNOLOGIES DEVELOPMENT USING PHP', 'BLOCKCHAIN TECHNOLOGY-II', 'BLOCKCHAIN TECHNOLOGY-II', 'CLOUD COMPUTING-II', 'HUMAN VALUES PROFESSIONAL ETHICS', 'FUNDAMENTAL OF INFORMATION SYSTEMS AUDIT', 'BIG DATA ANALYTICS-II', 'PROGRAMMING LAB', 'WEB TECHNOLOGIES DEVELOPMENT USING SPRING', 'DEVOPS, DESIGN AND ANALYSIS OF ALGORITHMS', 'DEVOPS, DESIGN AND ANALYSIS OF ALGORITHMS', 'BIG DATA ANALYTICS-II', 'ENTREPRENEURSHIP', 'ADVANCED DATABASE MANAGEMENT SYSTEM', 'WEB TECHNOLOGIES DEVELOPMENT USING SPRING']
[2024-12-12 10:02:53,647 ] 259 root - INFO - Creating timetable for MCA-2 on Monday
[2024-12-12 10:02:53,647 ] 267 root - INFO - st: 09:00:00, et: 16:00:00, rs: 12:00:00, re: 13:00:00, tl: 60, pl: 120
[2024-12-12 10:02:53,647 ] 259 root - INFO - Creating timetable for MCA-2 on Tuesday
[2024-12-12 10:02:53,647 ] 267 root - INFO - st: 09:00:00, et: 16:00:00, rs: 12:00:00, re: 13:00:00, tl: 60, pl: 120
[2024-12-12 10:02:53,647 ] 259 root - INFO - Creating timetable for MCA-2 on Wednesday
[2024-12-12 10:02:53,647 ] 267 root - INFO - st: 09:00:00, et: 16:00:00, rs: 12:00:00, re: 13:00:00, tl: 60, pl: 120
[2024-12-12 10:02:53,647 ] 259 root - INFO - Creating timetable for MCA-2 on Thursday
[2024-12-12 10:02:53,647 ] 267 root - INFO - st: 09:00:00, et: 16:00:00, rs: 12:00:00, re: 13:00:00, tl: 60, pl: 120
[2024-12-12 10:02:53,647 ] 374 root - INFO - time is over
[2024-12-12 10:02:53,647 ] 259 root - INFO - Creating timetable for MCA-2 on Friday
[2024-12-12 10:02:53,647 ] 267 root - INFO - st: 09:00:00, et: 16:00:00, rs: 12:00:00, re: 13:00:00, tl: 60, pl: 120
[2024-12-12 10:02:53,647 ] 259 root - INFO - Creating timetable for MCA-2 on Saturday
[2024-12-12 10:02:53,647 ] 267 root - INFO - st: 09:00:00, et: 16:00:00, rs: 12:00:00, re: 13:00:00, tl: 60, pl: 120
[2024-12-12 10:02:53,648 ] 329 root - INFO - Not enough time for practical, trying another subject
[2024-12-12 10:02:53,648 ] 381 root - INFO - teacher workload: {'P.K. Patel': 10, 'V.P. Paul': 10, 'D.G. Patel': 8, 'S.K. Mishra': 10, 'R.S. Prajapati': 9, 'I.M.Khare': 11, 'S.I. Shah': 9, 'A.R. Rao': 3, 'H.K. Shrivastav': 2}
[2024-12-12 10:02:53,648 ] 241 root - INFO - Subject options: ['PRINCIPLES OF MANAGEMENT', 'QUANTITATIVE TECHNIQUES IN MANAGEMENT', 'MANAGERIAL ECONOMICS', 'MANAGERIAL ACCOUNTING', 'ORGANISATIONAL BEHAVIOUR', 'MANAGERIAL COMMUNICATION', 'RESEARCH DESIGN FOR MANAGEMENT', 'COMMUNICATIVE ENGLISH LABORATORY', 'RESEARCH DESIGN LABORATORY']
[2024-12-12 10:02:53,648 ] 251 root - INFO - weighted_subjects: ['PRINCIPLES OF MANAGEMENT', 'PRINCIPLES OF MANAGEMENT', 'PRINCIPLES OF MANAGEMENT', 'PRINCIPLES OF MANAGEMENT', 'QUANTITATIVE TECHNIQUES IN MANAGEMENT', 'QUANTITATIVE TECHNIQUES IN MANAGEMENT', 'QUANTITATIVE TECHNIQUES IN MANAGEMENT', 'QUANTITATIVE TECHNIQUES IN MANAGEMENT', 'QUANTITATIVE TECHNIQUES IN MANAGEMENT', 'MANAGERIAL ECONOMICS', 'MANAGERIAL ECONOMICS', 'MANAGERIAL ECONOMICS', 'MANAGERIAL ECONOMICS', 'MANAGERIAL ACCOUNTING', 'MANAGERIAL ACCOUNTING', 'MANAGERIAL ACCOUNTING', 'ORGANISATIONAL BEHAVIOUR', 'ORGANISATIONAL BEHAVIOUR', 'MANAGERIAL COMMUNICATION', 'MANAGERIAL COMMUNICATION', 'MANAGERIAL COMMUNICATION', 'MANAGERIAL COMMUNICATION', 'MANAGERIAL COMMUNICATION', 'RESEARCH DESIGN FOR MANAGEMENT', 'RESEARCH DESIGN FOR MANAGEMENT', 'RESEARCH DESIGN FOR MANAGEMENT', 'RESEARCH DESIGN FOR MANAGEMENT', 'RESEARCH DESIGN FOR MANAGEMENT', 'COMMUNICATIVE ENGLISH LABORATORY', 'COMMUNICATIVE ENGLISH LABORATORY', 'RESEARCH DESIGN LABORATORY', 'RESEARCH DESIGN LABORATORY']
[2024-12-12 10:02:53,648 ] 254 root - INFO - weighted_subjects: ['QUANTITATIVE TECHNIQUES IN MANAGEMENT', 'QUANTITATIVE TECHNIQUES IN MANAGEMENT', 'PRINCIPLES OF MANAGEMENT', 'PRINCIPLES OF MANAGEMENT', 'ORGANISATIONAL BEHAVIOUR', 'RESEARCH DESIGN LABORATORY', 'MANAGERIAL ACCOUNTING', 'PRINCIPLES OF MANAGEMENT', 'MANAGERIAL ECONOMICS', 'ORGANISATIONAL BEHAVIOUR', 'QUANTITATIVE TECHNIQUES IN MANAGEMENT', 'MANAGERIAL ECONOMICS', 'MANAGERIAL COMMUNICATION', 'MANAGERIAL ACCOUNTING', 'PRINCIPLES OF MANAGEMENT', 'COMMUNICATIVE ENGLISH LABORATORY', 'MANAGERIAL COMMUNICATION', 'MANAGERIAL ACCOUNTING', 'MANAGERIAL COMMUNICATION', 'COMMUNICATIVE ENGLISH LABORATORY', 'QUANTITATIVE TECHNIQUES IN MANAGEMENT', 'MANAGERIAL ECONOMICS', 'QUANTITATIVE TECHNIQUES IN MANAGEMENT', 'RESEARCH DESIGN FOR MANAGEMENT', 'MANAGERIAL ECONOMICS', 'RESEARCH DESIGN LABORATORY', 'RESEARCH DESIGN FOR MANAGEMENT', 'RESEARCH DESIGN FOR MANAGEMENT', 'RESEARCH DESIGN FOR MANAGEMENT', 'RESEARCH DESIGN FOR MANAGEMENT', 'MANAGERIAL COMMUNICATION', 'MANAGERIAL COMMUNICATION']
[2024-12-12 10:02:53,648 ] 259 root - INFO - Creating timetable for MBA-1 on Monday
[2024-12-12 10:02:53,648 ] 267 root - INFO - st: 08:00:00, et: 15:00:00, rs: 11:00:00, re: 12:00:00, tl: 60, pl: 120
[2024-12-12 10:02:53,648 ] 329 root - INFO - Not enough time for practical, trying another subject
[2024-12-12 10:02:53,648 ] 259 root - INFO - Creating timetable for MBA-1 on Tuesday
[2024-12-12 10:02:53,648 ] 267 root - INFO - st: 08:00:00, et: 15:00:00, rs: 11:00:00, re: 12:00:00, tl: 60, pl: 120
[2024-12-12 10:02:53,648 ] 259 root - INFO - Creating timetable for MBA-1 on Wednesday
[2024-12-12 10:02:53,648 ] 267 root - INFO - st: 08:00:00, et: 15:00:00, rs: 11:00:00, re: 12:00:00, tl: 60, pl: 120
[2024-12-12 10:02:53,648 ] 374 root - INFO - time is over
[2024-12-12 10:02:53,648 ] 259 root - INFO - Creating timetable for MBA-1 on Thursday
[2024-12-12 10:02:53,648 ] 267 root - INFO - st: 08:00:00, et: 15:00:00, rs: 11:00:00, re: 12:00:00, tl: 60, pl: 120
[2024-12-12 10:02:53,648 ] 259 root - INFO - Creating timetable for MBA-1 on Friday
[2024-12-12 10:02:53,649 ] 267 root - INFO - st: 08:00:00, et: 15:00:00, rs: 11:00:00, re: 12:00:00, tl: 60, pl: 120
[2024-12-12 10:02:53,649 ] 259 root - INFO - Creating timetable for MBA-1 on Saturday
[2024-12-12 10:02:53,649 ] 267 root - INFO - st: 08:00:00, et: 15:00:00, rs: 11:00:00, re: 12:00:00, tl: 60, pl: 120
[2024-12-12 10:02:53,649 ] 374 root - INFO - time is over
[2024-12-12 10:02:53,649 ] 381 root - INFO - teacher workload: {'P.K. Patel': 10, 'V.P. Paul': 10, 'D.G. Patel': 8, 'S.K. Mishra': 10, 'R.S. Prajapati': 9, 'I.M.Khare': 11, 'S.I. Shah': 9, 'A.R. Rao': 6, 'H.K. Shrivastav': 7, 'J.P. Patel': 6, 'H.K. Patel': 4, 'G.S. Desai': 6, 'P.K. Solanki': 5, 'P.J. Jha': 7}
[2024-12-12 10:02:53,649 ] 241 root - INFO - Subject options: ['STRATEGIC MANAGEMENT', 'FUNDAMENTALS OF ENTERPRISE RESOURCE PLANNING', 'MARKETING', 'FINANCE', 'HUMAN RESOURCE', 'INTERNATIONAL BUSINESS', 'ENTREPRENEURSHIP', 'SUPPLY CHAIN MANAGEMENT', 'SECTOR', 'PERSONALITY GROWTH LAB', 'MANAGEMENT RESEARCH PROJECT']
[2024-12-12 10:02:53,649 ] 251 root - INFO - weighted_subjects: ['STRATEGIC MANAGEMENT', 'STRATEGIC MANAGEMENT', 'STRATEGIC MANAGEMENT', 'FUNDAMENTALS OF ENTERPRISE RESOURCE PLANNING', 'FUNDAMENTALS OF ENTERPRISE RESOURCE PLANNING', 'FUNDAMENTALS OF ENTERPRISE RESOURCE PLANNING', 'MARKETING', 'MARKETING', 'MARKETING', 'MARKETING', 'FINANCE', 'FINANCE', 'FINANCE', 'FINANCE', 'HUMAN RESOURCE', 'HUMAN RESOURCE', 'HUMAN RESOURCE', 'INTERNATIONAL BUSINESS', 'INTERNATIONAL BUSINESS', 'INTERNATIONAL BUSINESS', 'ENTREPRENEURSHIP', 'ENTREPRENEURSHIP', 'ENTREPRENEURSHIP', 'ENTREPRENEURSHIP', 'ENTREPRENEURSHIP', 'SUPPLY CHAIN MANAGEMENT', 'SUPPLY CHAIN MANAGEMENT', 'SUPPLY CHAIN MANAGEMENT', 'SECTOR', 'SECTOR', 'SECTOR', 'SECTOR', 'PERSONALITY GROWTH LAB', 'MANAGEMENT RESEARCH PROJECT']
[2024-12-12 10:02:53,649 ] 254 root - INFO - weighted_subjects: ['HUMAN RESOURCE', 'PERSONALITY GROWTH LAB', 'SECTOR', 'MANAGEMENT RESEARCH PROJECT', 'SECTOR', 'INTERNATIONAL BUSINESS', 'FINANCE', 'STRATEGIC MANAGEMENT', 'MARKETING', 'FINANCE', 'ENTREPRENEURSHIP', 'FUNDAMENTALS OF ENTERPRISE RESOURCE PLANNING', 'ENTREPRENEURSHIP', 'INTERNATIONAL BUSINESS', 'SUPPLY CHAIN MANAGEMENT', 'INTERNATIONAL BUSINESS', 'MARKETING', 'SUPPLY CHAIN MANAGEMENT', 'ENTREPRENEURSHIP', 'MARKETING', 'STRATEGIC MANAGEMENT', 'ENTREPRENEURSHIP', 'FUNDAMENTALS OF ENTERPRISE RESOURCE PLANNING', 'HUMAN RESOURCE', 'STRATEGIC MANAGEMENT', 'MARKETING', 'HUMAN RESOURCE', 'FUNDAMENTALS OF ENTERPRISE RESOURCE PLANNING', 'SUPPLY CHAIN MANAGEMENT', 'SECTOR', 'ENTREPRENEURSHIP', 'FINANCE', 'SECTOR', 'FINANCE']
[2024-12-12 10:02:53,649 ] 259 root - INFO - Creating timetable for MBA-2 on Monday
[2024-12-12 10:02:53,649 ] 267 root - INFO - st: 08:00:00, et: 15:00:00, rs: 11:00:00, re: 12:00:00, tl: 60, pl: 120
[2024-12-12 10:02:53,649 ] 374 root - INFO - time is over
[2024-12-12 10:02:53,649 ] 259 root - INFO - Creating timetable for MBA-2 on Tuesday
[2024-12-12 10:02:53,649 ] 267 root - INFO - st: 08:00:00, et: 15:00:00, rs: 11:00:00, re: 12:00:00, tl: 60, pl: 120
[2024-12-12 10:02:53,649 ] 259 root - INFO - Creating timetable for MBA-2 on Wednesday
[2024-12-12 10:02:53,649 ] 267 root - INFO - st: 08:00:00, et: 15:00:00, rs: 11:00:00, re: 12:00:00, tl: 60, pl: 120
[2024-12-12 10:02:53,649 ] 259 root - INFO - Creating timetable for MBA-2 on Thursday
[2024-12-12 10:02:53,649 ] 267 root - INFO - st: 08:00:00, et: 15:00:00, rs: 11:00:00, re: 12:00:00, tl: 60, pl: 120
[2024-12-12 10:02:53,650 ] 259 root - INFO - Creating timetable for MBA-2 on Friday
[2024-12-12 10:02:53,650 ] 267 root - INFO - st: 08:00:00, et: 15:00:00, rs: 11:00:00, re: 12:00:00, tl: 60, pl: 120
[2024-12-12 10:02:53,650 ] 259 root - INFO - Creating timetable for MBA-2 on Saturday
[2024-12-12 10:02:53,650 ] 267 root - INFO - st: 08:00:00, et: 15:00:00, rs: 11:00:00, re: 12:00:00, tl: 60, pl: 120
[2024-12-12 10:02:53,650 ] 381 root - INFO - teacher workload: {'P.K. Patel': 10, 'V.P. Paul': 10, 'D.G. Patel': 8, 'S.K. Mishra': 10, 'R.S. Prajapati': 9, 'I.M.Khare': 11, 'S.I. Shah': 9, 'A.R. Rao': 10, 'H.K. Shrivastav': 11, 'J.P. Patel': 11, 'H.K. Patel': 11, 'G.S. Desai': 11, 'P.K. Solanki': 11, 'P.J. Jha': 12}
[2024-12-12 10:02:53,650 ] 97 werkzeug - INFO - 127.0.0.1 - - [12/Dec/2024 10:02:53] "[32mPOST /upload HTTP/1.1[0m" 302 -
[2024-12-12 10:02:53,661 ] 97 werkzeug - INFO - 127.0.0.1 - - [12/Dec/2024 10:02:53] "GET /index HTTP/1.1" 200 -
[2024-12-12 10:02:53,693 ] 97 werkzeug - INFO - 127.0.0.1 - - [12/Dec/2024 10:02:53] "[36mGET /static/images/MBA-1.jpg HTTP/1.1[0m" 304 -
[2024-12-12 10:02:53,694 ] 97 werkzeug - INFO - 127.0.0.1 - - [12/Dec/2024 10:02:53] "[36mGET /static/images/MCA-1.jpg HTTP/1.1[0m" 304 -
[2024-12-12 10:02:53,694 ] 97 werkzeug - INFO - 127.0.0.1 - - [12/Dec/2024 10:02:53] "[36mGET /static/images/MCA-2.jpg HTTP/1.1[0m" 304 -
[2024-12-12 10:02:53,699 ] 97 werkzeug - INFO - 127.0.0.1 - - [12/Dec/2024 10:02:53] "[36mGET /static/images/MBA-2.jpg HTTP/1.1[0m" 304 -
[2024-12-12 10:03:00,314 ] 97 werkzeug - INFO - 127.0.0.1 - - [12/Dec/2024 10:03:00] "POST /get_timetable HTTP/1.1" 200 -
[2024-12-12 10:32:03,203 ] 97 werkzeug - INFO -  * Detected change in 'D:\\c data\\Data science projects\\Automate Time-Table\\appteacherwl.py', reloading
