[2024-12-09 15:58:14,317 ] 97 werkzeug - WARNING -  * Debugger is active!
[2024-12-09 15:58:14,319 ] 97 werkzeug - INFO -  * Debugger PIN: 291-304-962
[2024-12-09 15:58:25,502 ] 97 werkzeug - INFO - 127.0.0.1 - - [09/Dec/2024 15:58:25] "GET / HTTP/1.1" 200 -
[2024-12-09 15:58:25,799 ] 97 werkzeug - INFO - 127.0.0.1 - - [09/Dec/2024 15:58:25] "GET /static/images/pexels-jplenio-1103970.jpg HTTP/1.1" 200 -
[2024-12-09 15:58:25,863 ] 97 werkzeug - INFO - 127.0.0.1 - - [09/Dec/2024 15:58:25] "[33mGET /favicon.ico HTTP/1.1[0m" 404 -
[2024-12-09 15:58:42,187 ] 97 werkzeug - INFO - 127.0.0.1 - - [09/Dec/2024 15:58:42] "[32mPOST /authenticate HTTP/1.1[0m" 302 -
[2024-12-09 15:58:42,215 ] 97 werkzeug - INFO - 127.0.0.1 - - [09/Dec/2024 15:58:42] "GET /upload HTTP/1.1" 200 -
[2024-12-09 15:58:42,247 ] 97 werkzeug - INFO - 127.0.0.1 - - [09/Dec/2024 15:58:42] "[36mGET /static/images/pexels-jplenio-1103970.jpg HTTP/1.1[0m" 304 -
[2024-12-09 15:59:12,065 ] 250 root - INFO - Subject options: ['JAVA PROGRAMMING', 'ALGORITHMS AND LOGIC DEVELOPMENT', 'COMPUTER FUNDAMENTALS AND NETWORKING', 'WEB DESIGNING AND DATABASE', 'PYTHON PROGRAMMING', 'DATABASE MANAGEMENT SYSTEM', 'FOUNDATIONS OF MATHEMATICS', 'LINUX FUNDAMENTAL WITH NETWORKING', 'PYTHON PROGRAMMING LAB', 'JAVA PROGRAMMING LAB']
[2024-12-09 15:59:12,065 ] 260 root - INFO - weighted_subjects: ['JAVA PROGRAMMING', 'JAVA PROGRAMMING', 'JAVA PROGRAMMING', 'JAVA PROGRAMMING', 'ALGORITHMS AND LOGIC DEVELOPMENT', 'ALGORITHMS AND LOGIC DEVELOPMENT', 'ALGORITHMS AND LOGIC DEVELOPMENT', 'ALGORITHMS AND LOGIC DEVELOPMENT', 'COMPUTER FUNDAMENTALS AND NETWORKING', 'COMPUTER FUNDAMENTALS AND NETWORKING', 'COMPUTER FUNDAMENTALS AND NETWORKING', 'COMPUTER FUNDAMENTALS AND NETWORKING', 'WEB DESIGNING AND DATABASE', 'WEB DESIGNING AND DATABASE', 'WEB DESIGNING AND DATABASE', 'WEB DESIGNING AND DATABASE', 'WEB DESIGNING AND DATABASE', 'PYTHON PROGRAMMING', 'PYTHON PROGRAMMING', 'PYTHON PROGRAMMING', 'PYTHON PROGRAMMING', 'PYTHON PROGRAMMING', 'DATABASE MANAGEMENT SYSTEM', 'DATABASE MANAGEMENT SYSTEM', 'DATABASE MANAGEMENT SYSTEM', 'DATABASE MANAGEMENT SYSTEM', 'DATABASE MANAGEMENT SYSTEM', 'FOUNDATIONS OF MATHEMATICS', 'FOUNDATIONS OF MATHEMATICS', 'LINUX FUNDAMENTAL WITH NETWORKING', 'LINUX FUNDAMENTAL WITH NETWORKING', 'LINUX FUNDAMENTAL WITH NETWORKING', 'PYTHON PROGRAMMING LAB', 'JAVA PROGRAMMING LAB']
[2024-12-09 15:59:12,065 ] 263 root - INFO - weighted_subjects: ['DATABASE MANAGEMENT SYSTEM', 'FOUNDATIONS OF MATHEMATICS', 'JAVA PROGRAMMING LAB', 'PYTHON PROGRAMMING', 'JAVA PROGRAMMING', 'WEB DESIGNING AND DATABASE', 'JAVA PROGRAMMING', 'DATABASE MANAGEMENT SYSTEM', 'ALGORITHMS AND LOGIC DEVELOPMENT', 'ALGORITHMS AND LOGIC DEVELOPMENT', 'DATABASE MANAGEMENT SYSTEM', 'DATABASE MANAGEMENT SYSTEM', 'PYTHON PROGRAMMING', 'PYTHON PROGRAMMING', 'JAVA PROGRAMMING', 'FOUNDATIONS OF MATHEMATICS', 'COMPUTER FUNDAMENTALS AND NETWORKING', 'JAVA PROGRAMMING', 'WEB DESIGNING AND DATABASE', 'WEB DESIGNING AND DATABASE', 'WEB DESIGNING AND DATABASE', 'COMPUTER FUNDAMENTALS AND NETWORKING', 'PYTHON PROGRAMMING LAB', 'LINUX FUNDAMENTAL WITH NETWORKING', 'PYTHON PROGRAMMING', 'COMPUTER FUNDAMENTALS AND NETWORKING', 'COMPUTER FUNDAMENTALS AND NETWORKING', 'ALGORITHMS AND LOGIC DEVELOPMENT', 'PYTHON PROGRAMMING', 'ALGORITHMS AND LOGIC DEVELOPMENT', 'LINUX FUNDAMENTAL WITH NETWORKING', 'WEB DESIGNING AND DATABASE', 'DATABASE MANAGEMENT SYSTEM', 'LINUX FUNDAMENTAL WITH NETWORKING']
[2024-12-09 15:59:12,065 ] 268 root - INFO - Creating timetable for MCA-1 on Monday
[2024-12-09 15:59:12,065 ] 276 root - INFO - st: 09:00:00, et: 16:00:00, rs: 12:00:00, re: 13:00:00, tl: 60, pl: 120
[2024-12-09 15:59:12,065 ] 268 root - INFO - Creating timetable for MCA-1 on Tuesday
[2024-12-09 15:59:12,065 ] 276 root - INFO - st: 09:00:00, et: 16:00:00, rs: 12:00:00, re: 13:00:00, tl: 60, pl: 120
[2024-12-09 15:59:12,066 ] 268 root - INFO - Creating timetable for MCA-1 on Wednesday
[2024-12-09 15:59:12,066 ] 276 root - INFO - st: 09:00:00, et: 16:00:00, rs: 12:00:00, re: 13:00:00, tl: 60, pl: 120
[2024-12-09 15:59:12,066 ] 379 root - INFO - time is over
[2024-12-09 15:59:12,066 ] 268 root - INFO - Creating timetable for MCA-1 on Thursday
[2024-12-09 15:59:12,066 ] 276 root - INFO - st: 09:00:00, et: 16:00:00, rs: 12:00:00, re: 13:00:00, tl: 60, pl: 120
[2024-12-09 15:59:12,066 ] 268 root - INFO - Creating timetable for MCA-1 on Friday
[2024-12-09 15:59:12,066 ] 276 root - INFO - st: 09:00:00, et: 16:00:00, rs: 12:00:00, re: 13:00:00, tl: 60, pl: 120
[2024-12-09 15:59:12,066 ] 268 root - INFO - Creating timetable for MCA-1 on Saturday
[2024-12-09 15:59:12,066 ] 276 root - INFO - st: 09:00:00, et: 16:00:00, rs: 12:00:00, re: 13:00:00, tl: 60, pl: 120
[2024-12-09 15:59:12,067 ] 386 root - INFO - teacher workload: {'S.I. Shah': 4, 'D.G. Patel': 7, 'R.S. Prajapati': 6, 'S.K. Mishra': 7, 'V.P. Paul': 4, 'P.K. Patel': 3, 'I.M.Khare': 5}
[2024-12-09 15:59:12,067 ] 250 root - INFO - Subject options: ['ADVANCED DATABASE MANAGEMENT SYSTEM', 'WEB TECHNOLOGIES DEVELOPMENT USING PHP', 'DEVOPS, DESIGN AND ANALYSIS OF ALGORITHMS', 'ENTREPRENEURSHIP', 'HUMAN VALUES PROFESSIONAL ETHICS', 'IOS APPLICATION DEVELOPMENT', 'TESTING AND AUTOMATION REST API', 'WEB TECHNOLOGIES DEVELOPMENT USING SPRING', 'BLOCKCHAIN TECHNOLOGY-II', 'BIG DATA ANALYTICS-II', 'CLOUD COMPUTING-II', 'DATA SCIENCE-II', 'FUNDAMENTAL OF INFORMATION SYSTEMS AUDIT', 'IOT  ADVANCED', 'MACHINE LEARNING-II', 'MOBILE TESTING AUTOMATION', 'SYSTEM DEVELOPMENT PROJECT - I', 'DATABASE LAB', 'PROGRAMMING LAB']
[2024-12-09 15:59:12,067 ] 260 root - INFO - weighted_subjects: ['ADVANCED DATABASE MANAGEMENT SYSTEM', 'ADVANCED DATABASE MANAGEMENT SYSTEM', 'ADVANCED DATABASE MANAGEMENT SYSTEM', 'WEB TECHNOLOGIES DEVELOPMENT USING PHP', 'WEB TECHNOLOGIES DEVELOPMENT USING PHP', 'DEVOPS, DESIGN AND ANALYSIS OF ALGORITHMS', 'DEVOPS, DESIGN AND ANALYSIS OF ALGORITHMS', 'DEVOPS, DESIGN AND ANALYSIS OF ALGORITHMS', 'ENTREPRENEURSHIP', 'ENTREPRENEURSHIP', 'ENTREPRENEURSHIP', 'ENTREPRENEURSHIP', 'ENTREPRENEURSHIP', 'HUMAN VALUES PROFESSIONAL ETHICS', 'HUMAN VALUES PROFESSIONAL ETHICS', 'IOS APPLICATION DEVELOPMENT', 'TESTING AND AUTOMATION REST API', 'WEB TECHNOLOGIES DEVELOPMENT USING SPRING', 'WEB TECHNOLOGIES DEVELOPMENT USING SPRING', 'BLOCKCHAIN TECHNOLOGY-II', 'BLOCKCHAIN TECHNOLOGY-II', 'BLOCKCHAIN TECHNOLOGY-II', 'BIG DATA ANALYTICS-II', 'BIG DATA ANALYTICS-II', 'CLOUD COMPUTING-II', 'CLOUD COMPUTING-II', 'DATA SCIENCE-II', 'FUNDAMENTAL OF INFORMATION SYSTEMS AUDIT', 'IOT  ADVANCED', 'MACHINE LEARNING-II', 'MOBILE TESTING AUTOMATION', 'MOBILE TESTING AUTOMATION', 'SYSTEM DEVELOPMENT PROJECT - I', 'DATABASE LAB', 'PROGRAMMING LAB']
[2024-12-09 15:59:12,067 ] 263 root - INFO - weighted_subjects: ['MOBILE TESTING AUTOMATION', 'DEVOPS, DESIGN AND ANALYSIS OF ALGORITHMS', 'MOBILE TESTING AUTOMATION', 'TESTING AND AUTOMATION REST API', 'WEB TECHNOLOGIES DEVELOPMENT USING SPRING', 'ADVANCED DATABASE MANAGEMENT SYSTEM', 'HUMAN VALUES PROFESSIONAL ETHICS', 'IOS APPLICATION DEVELOPMENT', 'ENTREPRENEURSHIP', 'CLOUD COMPUTING-II', 'PROGRAMMING LAB', 'ENTREPRENEURSHIP', 'ENTREPRENEURSHIP', 'SYSTEM DEVELOPMENT PROJECT - I', 'WEB TECHNOLOGIES DEVELOPMENT USING SPRING', 'DEVOPS, DESIGN AND ANALYSIS OF ALGORITHMS', 'BIG DATA ANALYTICS-II', 'CLOUD COMPUTING-II', 'ADVANCED DATABASE MANAGEMENT SYSTEM', 'HUMAN VALUES PROFESSIONAL ETHICS', 'IOT  ADVANCED', 'BLOCKCHAIN TECHNOLOGY-II', 'DATABASE LAB', 'FUNDAMENTAL OF INFORMATION SYSTEMS AUDIT', 'BIG DATA ANALYTICS-II', 'ENTREPRENEURSHIP', 'WEB TECHNOLOGIES DEVELOPMENT USING PHP', 'ADVANCED DATABASE MANAGEMENT SYSTEM', 'DATA SCIENCE-II', 'MACHINE LEARNING-II', 'WEB TECHNOLOGIES DEVELOPMENT USING PHP', 'DEVOPS, DESIGN AND ANALYSIS OF ALGORITHMS', 'ENTREPRENEURSHIP', 'BLOCKCHAIN TECHNOLOGY-II', 'BLOCKCHAIN TECHNOLOGY-II']
[2024-12-09 15:59:12,067 ] 268 root - INFO - Creating timetable for MCA-2 on Monday
[2024-12-09 15:59:12,067 ] 276 root - INFO - st: 09:00:00, et: 16:00:00, rs: 12:00:00, re: 13:00:00, tl: 60, pl: 120
[2024-12-09 15:59:12,067 ] 268 root - INFO - Creating timetable for MCA-2 on Tuesday
[2024-12-09 15:59:12,067 ] 276 root - INFO - st: 09:00:00, et: 16:00:00, rs: 12:00:00, re: 13:00:00, tl: 60, pl: 120
[2024-12-09 15:59:12,067 ] 345 root - INFO - V.P. Paul is already booked for 09:00:00 on Tuesday. Finding a new teacher.
[2024-12-09 15:59:12,067 ] 268 root - INFO - Creating timetable for MCA-2 on Wednesday
[2024-12-09 15:59:12,067 ] 276 root - INFO - st: 09:00:00, et: 16:00:00, rs: 12:00:00, re: 13:00:00, tl: 60, pl: 120
[2024-12-09 15:59:12,068 ] 337 root - INFO - Not enough time for practical, trying another subject
[2024-12-09 15:59:12,068 ] 345 root - INFO - S.K. Mishra is already booked for 11:00:00 on Wednesday. Finding a new teacher.
[2024-12-09 15:59:12,068 ] 268 root - INFO - Creating timetable for MCA-2 on Thursday
[2024-12-09 15:59:12,068 ] 276 root - INFO - st: 09:00:00, et: 16:00:00, rs: 12:00:00, re: 13:00:00, tl: 60, pl: 120
[2024-12-09 15:59:12,068 ] 345 root - INFO - D.G. Patel is already booked for 11:00:00 on Thursday. Finding a new teacher.
[2024-12-09 15:59:12,068 ] 268 root - INFO - Creating timetable for MCA-2 on Friday
[2024-12-09 15:59:12,068 ] 276 root - INFO - st: 09:00:00, et: 16:00:00, rs: 12:00:00, re: 13:00:00, tl: 60, pl: 120
[2024-12-09 15:59:12,068 ] 268 root - INFO - Creating timetable for MCA-2 on Saturday
[2024-12-09 15:59:12,068 ] 276 root - INFO - st: 09:00:00, et: 16:00:00, rs: 12:00:00, re: 13:00:00, tl: 60, pl: 120
[2024-12-09 15:59:12,068 ] 386 root - INFO - teacher workload: {'S.I. Shah': 8, 'D.G. Patel': 10, 'R.S. Prajapati': 10, 'S.K. Mishra': 10, 'V.P. Paul': 9, 'P.K. Patel': 10, 'I.M.Khare': 10, 'H.K. Shrivastav': 2, 'A.R. Rao': 3}
[2024-12-09 15:59:12,068 ] 250 root - INFO - Subject options: ['PRINCIPLES OF MANAGEMENT', 'QUANTITATIVE TECHNIQUES IN MANAGEMENT', 'MANAGERIAL ECONOMICS', 'MANAGERIAL ACCOUNTING', 'ORGANISATIONAL BEHAVIOUR', 'MANAGERIAL COMMUNICATION', 'RESEARCH DESIGN FOR MANAGEMENT', 'COMMUNICATIVE ENGLISH LABORATORY', 'RESEARCH DESIGN LABORATORY']
[2024-12-09 15:59:12,069 ] 260 root - INFO - weighted_subjects: ['PRINCIPLES OF MANAGEMENT', 'PRINCIPLES OF MANAGEMENT', 'PRINCIPLES OF MANAGEMENT', 'PRINCIPLES OF MANAGEMENT', 'QUANTITATIVE TECHNIQUES IN MANAGEMENT', 'QUANTITATIVE TECHNIQUES IN MANAGEMENT', 'QUANTITATIVE TECHNIQUES IN MANAGEMENT', 'QUANTITATIVE TECHNIQUES IN MANAGEMENT', 'QUANTITATIVE TECHNIQUES IN MANAGEMENT', 'MANAGERIAL ECONOMICS', 'MANAGERIAL ECONOMICS', 'MANAGERIAL ECONOMICS', 'MANAGERIAL ECONOMICS', 'MANAGERIAL ACCOUNTING', 'MANAGERIAL ACCOUNTING', 'MANAGERIAL ACCOUNTING', 'ORGANISATIONAL BEHAVIOUR', 'ORGANISATIONAL BEHAVIOUR', 'MANAGERIAL COMMUNICATION', 'MANAGERIAL COMMUNICATION', 'MANAGERIAL COMMUNICATION', 'MANAGERIAL COMMUNICATION', 'MANAGERIAL COMMUNICATION', 'RESEARCH DESIGN FOR MANAGEMENT', 'RESEARCH DESIGN FOR MANAGEMENT', 'RESEARCH DESIGN FOR MANAGEMENT', 'RESEARCH DESIGN FOR MANAGEMENT', 'RESEARCH DESIGN FOR MANAGEMENT', 'COMMUNICATIVE ENGLISH LABORATORY', 'COMMUNICATIVE ENGLISH LABORATORY', 'RESEARCH DESIGN LABORATORY', 'RESEARCH DESIGN LABORATORY']
[2024-12-09 15:59:12,069 ] 263 root - INFO - weighted_subjects: ['QUANTITATIVE TECHNIQUES IN MANAGEMENT', 'RESEARCH DESIGN FOR MANAGEMENT', 'COMMUNICATIVE ENGLISH LABORATORY', 'RESEARCH DESIGN FOR MANAGEMENT', 'ORGANISATIONAL BEHAVIOUR', 'PRINCIPLES OF MANAGEMENT', 'PRINCIPLES OF MANAGEMENT', 'QUANTITATIVE TECHNIQUES IN MANAGEMENT', 'MANAGERIAL COMMUNICATION', 'MANAGERIAL ACCOUNTING', 'MANAGERIAL COMMUNICATION', 'MANAGERIAL ECONOMICS', 'MANAGERIAL COMMUNICATION', 'QUANTITATIVE TECHNIQUES IN MANAGEMENT', 'QUANTITATIVE TECHNIQUES IN MANAGEMENT', 'MANAGERIAL ACCOUNTING', 'COMMUNICATIVE ENGLISH LABORATORY', 'RESEARCH DESIGN LABORATORY', 'RESEARCH DESIGN FOR MANAGEMENT', 'MANAGERIAL ECONOMICS', 'MANAGERIAL COMMUNICATION', 'PRINCIPLES OF MANAGEMENT', 'RESEARCH DESIGN FOR MANAGEMENT', 'RESEARCH DESIGN FOR MANAGEMENT', 'QUANTITATIVE TECHNIQUES IN MANAGEMENT', 'MANAGERIAL ECONOMICS', 'MANAGERIAL COMMUNICATION', 'RESEARCH DESIGN LABORATORY', 'ORGANISATIONAL BEHAVIOUR', 'MANAGERIAL ACCOUNTING', 'PRINCIPLES OF MANAGEMENT', 'MANAGERIAL ECONOMICS']
[2024-12-09 15:59:12,069 ] 268 root - INFO - Creating timetable for MBA-1 on Monday
[2024-12-09 15:59:12,069 ] 276 root - INFO - st: 08:00:00, et: 15:00:00, rs: 11:00:00, re: 12:00:00, tl: 60, pl: 120
[2024-12-09 15:59:12,069 ] 379 root - INFO - time is over
[2024-12-09 15:59:12,069 ] 337 root - INFO - Not enough time for practical, trying another subject
[2024-12-09 15:59:12,069 ] 268 root - INFO - Creating timetable for MBA-1 on Tuesday
[2024-12-09 15:59:12,069 ] 276 root - INFO - st: 08:00:00, et: 15:00:00, rs: 11:00:00, re: 12:00:00, tl: 60, pl: 120
[2024-12-09 15:59:12,069 ] 337 root - INFO - Not enough time for practical, trying another subject
[2024-12-09 15:59:12,069 ] 337 root - INFO - Not enough time for practical, trying another subject
[2024-12-09 15:59:12,069 ] 268 root - INFO - Creating timetable for MBA-1 on Wednesday
[2024-12-09 15:59:12,069 ] 276 root - INFO - st: 08:00:00, et: 15:00:00, rs: 11:00:00, re: 12:00:00, tl: 60, pl: 120
[2024-12-09 15:59:12,070 ] 268 root - INFO - Creating timetable for MBA-1 on Thursday
[2024-12-09 15:59:12,070 ] 276 root - INFO - st: 08:00:00, et: 15:00:00, rs: 11:00:00, re: 12:00:00, tl: 60, pl: 120
[2024-12-09 15:59:12,070 ] 379 root - INFO - time is over
[2024-12-09 15:59:12,070 ] 379 root - INFO - time is over
[2024-12-09 15:59:12,070 ] 268 root - INFO - Creating timetable for MBA-1 on Friday
[2024-12-09 15:59:12,070 ] 276 root - INFO - st: 08:00:00, et: 15:00:00, rs: 11:00:00, re: 12:00:00, tl: 60, pl: 120
[2024-12-09 15:59:12,070 ] 268 root - INFO - Creating timetable for MBA-1 on Saturday
[2024-12-09 15:59:12,070 ] 276 root - INFO - st: 08:00:00, et: 15:00:00, rs: 11:00:00, re: 12:00:00, tl: 60, pl: 120
[2024-12-09 15:59:12,070 ] 386 root - INFO - teacher workload: {'S.I. Shah': 8, 'D.G. Patel': 10, 'R.S. Prajapati': 10, 'S.K. Mishra': 10, 'V.P. Paul': 9, 'P.K. Patel': 10, 'I.M.Khare': 10, 'H.K. Shrivastav': 10, 'A.R. Rao': 6, 'J.P. Patel': 8, 'G.S. Desai': 6, 'P.K. Solanki': 3, 'P.J. Jha': 5, 'H.K. Patel': 3}
[2024-12-09 15:59:12,070 ] 250 root - INFO - Subject options: ['STRATEGIC MANAGEMENT', 'FUNDAMENTALS OF ENTERPRISE RESOURCE PLANNING', 'MARKETING', 'FINANCE', 'HUMAN RESOURCE', 'INTERNATIONAL BUSINESS', 'ENTREPRENEURSHIP', 'SUPPLY CHAIN MANAGEMENT', 'SECTOR', 'PERSONALITY GROWTH LAB', 'MANAGEMENT RESEARCH PROJECT']
[2024-12-09 15:59:12,070 ] 260 root - INFO - weighted_subjects: ['STRATEGIC MANAGEMENT', 'STRATEGIC MANAGEMENT', 'STRATEGIC MANAGEMENT', 'FUNDAMENTALS OF ENTERPRISE RESOURCE PLANNING', 'FUNDAMENTALS OF ENTERPRISE RESOURCE PLANNING', 'FUNDAMENTALS OF ENTERPRISE RESOURCE PLANNING', 'MARKETING', 'MARKETING', 'MARKETING', 'MARKETING', 'FINANCE', 'FINANCE', 'FINANCE', 'FINANCE', 'HUMAN RESOURCE', 'HUMAN RESOURCE', 'HUMAN RESOURCE', 'INTERNATIONAL BUSINESS', 'INTERNATIONAL BUSINESS', 'INTERNATIONAL BUSINESS', 'ENTREPRENEURSHIP', 'ENTREPRENEURSHIP', 'ENTREPRENEURSHIP', 'ENTREPRENEURSHIP', 'ENTREPRENEURSHIP', 'SUPPLY CHAIN MANAGEMENT', 'SUPPLY CHAIN MANAGEMENT', 'SUPPLY CHAIN MANAGEMENT', 'SECTOR', 'SECTOR', 'SECTOR', 'SECTOR', 'PERSONALITY GROWTH LAB', 'MANAGEMENT RESEARCH PROJECT']
[2024-12-09 15:59:12,071 ] 263 root - INFO - weighted_subjects: ['STRATEGIC MANAGEMENT', 'INTERNATIONAL BUSINESS', 'MARKETING', 'FUNDAMENTALS OF ENTERPRISE RESOURCE PLANNING', 'SUPPLY CHAIN MANAGEMENT', 'SUPPLY CHAIN MANAGEMENT', 'FUNDAMENTALS OF ENTERPRISE RESOURCE PLANNING', 'ENTREPRENEURSHIP', 'HUMAN RESOURCE', 'ENTREPRENEURSHIP', 'INTERNATIONAL BUSINESS', 'ENTREPRENEURSHIP', 'INTERNATIONAL BUSINESS', 'SECTOR', 'MARKETING', 'PERSONALITY GROWTH LAB', 'ENTREPRENEURSHIP', 'SECTOR', 'HUMAN RESOURCE', 'MARKETING', 'SECTOR', 'SUPPLY CHAIN MANAGEMENT', 'SECTOR', 'FINANCE', 'HUMAN RESOURCE', 'ENTREPRENEURSHIP', 'STRATEGIC MANAGEMENT', 'MANAGEMENT RESEARCH PROJECT', 'MARKETING', 'FINANCE', 'FUNDAMENTALS OF ENTERPRISE RESOURCE PLANNING', 'STRATEGIC MANAGEMENT', 'FINANCE', 'FINANCE']
[2024-12-09 15:59:12,071 ] 268 root - INFO - Creating timetable for MBA-2 on Monday
[2024-12-09 15:59:12,071 ] 276 root - INFO - st: 08:00:00, et: 15:00:00, rs: 11:00:00, re: 12:00:00, tl: 60, pl: 120
[2024-12-09 15:59:12,071 ] 345 root - INFO - A.R. Rao is already booked for 14:00:00 on Monday. Finding a new teacher.
[2024-12-09 15:59:12,071 ] 268 root - INFO - Creating timetable for MBA-2 on Tuesday
[2024-12-09 15:59:12,071 ] 276 root - INFO - st: 08:00:00, et: 15:00:00, rs: 11:00:00, re: 12:00:00, tl: 60, pl: 120
[2024-12-09 15:59:12,071 ] 268 root - INFO - Creating timetable for MBA-2 on Wednesday
[2024-12-09 15:59:12,071 ] 276 root - INFO - st: 08:00:00, et: 15:00:00, rs: 11:00:00, re: 12:00:00, tl: 60, pl: 120
[2024-12-09 15:59:12,071 ] 268 root - INFO - Creating timetable for MBA-2 on Thursday
[2024-12-09 15:59:12,071 ] 276 root - INFO - st: 08:00:00, et: 15:00:00, rs: 11:00:00, re: 12:00:00, tl: 60, pl: 120
[2024-12-09 15:59:12,072 ] 337 root - INFO - Not enough time for practical, trying another subject
[2024-12-09 15:59:12,072 ] 268 root - INFO - Creating timetable for MBA-2 on Friday
[2024-12-09 15:59:12,072 ] 276 root - INFO - st: 08:00:00, et: 15:00:00, rs: 11:00:00, re: 12:00:00, tl: 60, pl: 120
[2024-12-09 15:59:12,072 ] 337 root - INFO - Not enough time for practical, trying another subject
[2024-12-09 15:59:12,072 ] 345 root - INFO - H.K. Patel is already booked for 10:00:00 on Friday. Finding a new teacher.
[2024-12-09 15:59:12,072 ] 345 root - INFO - H.K. Shrivastav is already booked for 13:00:00 on Friday. Finding a new teacher.
[2024-12-09 15:59:12,072 ] 353 root - INFO - Both H.K. Shrivastav and G.S. Desai are unavailable for 13:00:00 on Friday. Skipping this slot.
[2024-12-09 15:59:12,072 ] 337 root - INFO - Not enough time for practical, trying another subject
[2024-12-09 15:59:12,072 ] 337 root - INFO - Not enough time for practical, trying another subject
[2024-12-09 15:59:12,072 ] 268 root - INFO - Creating timetable for MBA-2 on Saturday
[2024-12-09 15:59:12,072 ] 276 root - INFO - st: 08:00:00, et: 15:00:00, rs: 11:00:00, re: 12:00:00, tl: 60, pl: 120
[2024-12-09 15:59:12,072 ] 305 root - INFO - no subjects left to assign
[2024-12-09 15:59:12,072 ] 386 root - INFO - teacher workload: {'S.I. Shah': 8, 'D.G. Patel': 10, 'R.S. Prajapati': 10, 'S.K. Mishra': 10, 'V.P. Paul': 9, 'P.K. Patel': 10, 'I.M.Khare': 10, 'H.K. Shrivastav': 14, 'A.R. Rao': 11, 'J.P. Patel': 12, 'G.S. Desai': 10, 'P.K. Solanki': 9, 'P.J. Jha': 10, 'H.K. Patel': 9}
[2024-12-09 15:59:12,073 ] 97 werkzeug - INFO - 127.0.0.1 - - [09/Dec/2024 15:59:12] "[32mPOST /upload HTTP/1.1[0m" 302 -
[2024-12-09 15:59:12,094 ] 97 werkzeug - INFO - 127.0.0.1 - - [09/Dec/2024 15:59:12] "GET /index HTTP/1.1" 200 -
[2024-12-09 15:59:12,120 ] 97 werkzeug - INFO - 127.0.0.1 - - [09/Dec/2024 15:59:12] "GET /static/images/MCA-2.jpg HTTP/1.1" 200 -
[2024-12-09 15:59:12,121 ] 97 werkzeug - INFO - 127.0.0.1 - - [09/Dec/2024 15:59:12] "GET /static/images/MBA-1.jpg HTTP/1.1" 200 -
[2024-12-09 15:59:12,121 ] 97 werkzeug - INFO - 127.0.0.1 - - [09/Dec/2024 15:59:12] "GET /static/images/MCA-1.jpg HTTP/1.1" 200 -
[2024-12-09 15:59:12,124 ] 97 werkzeug - INFO - 127.0.0.1 - - [09/Dec/2024 15:59:12] "GET /static/images/MBA-2.jpg HTTP/1.1" 200 -
[2024-12-09 15:59:17,743 ] 97 werkzeug - INFO - 127.0.0.1 - - [09/Dec/2024 15:59:17] "[33mPOST /course/ HTTP/1.1[0m" 404 -
[2024-12-09 15:59:38,008 ] 97 werkzeug - INFO - 127.0.0.1 - - [09/Dec/2024 15:59:38] "[33mPOST /course/ HTTP/1.1[0m" 404 -
