[2024-12-10 12:26:50,036 ] 97 werkzeug - WARNING -  * Debugger is active!
[2024-12-10 12:26:50,038 ] 97 werkzeug - INFO -  * Debugger PIN: 291-304-962
[2024-12-10 12:26:55,645 ] 97 werkzeug - INFO - 127.0.0.1 - - [10/Dec/2024 12:26:55] "GET / HTTP/1.1" 200 -
[2024-12-10 12:26:55,709 ] 97 werkzeug - INFO - 127.0.0.1 - - [10/Dec/2024 12:26:55] "[36mGET /static/images/pexels-jplenio-1103970.jpg HTTP/1.1[0m" 304 -
[2024-12-10 12:27:05,845 ] 97 werkzeug - INFO - 127.0.0.1 - - [10/Dec/2024 12:27:05] "[32mPOST /authenticate HTTP/1.1[0m" 302 -
[2024-12-10 12:27:05,856 ] 97 werkzeug - INFO - 127.0.0.1 - - [10/Dec/2024 12:27:05] "GET /upload HTTP/1.1" 200 -
[2024-12-10 12:27:05,903 ] 97 werkzeug - INFO - 127.0.0.1 - - [10/Dec/2024 12:27:05] "[36mGET /static/images/pexels-jplenio-1103970.jpg HTTP/1.1[0m" 304 -
[2024-12-10 12:27:14,382 ] 241 root - INFO - Subject options: ['JAVA PROGRAMMING', 'ALGORITHMS AND LOGIC DEVELOPMENT', 'COMPUTER FUNDAMENTALS AND NETWORKING', 'WEB DESIGNING AND DATABASE', 'PYTHON PROGRAMMING', 'DATABASE MANAGEMENT SYSTEM', 'FOUNDATIONS OF MATHEMATICS', 'LINUX FUNDAMENTAL WITH NETWORKING', 'PYTHON PROGRAMMING LAB', 'JAVA PROGRAMMING LAB']
[2024-12-10 12:27:14,382 ] 251 root - INFO - weighted_subjects: ['JAVA PROGRAMMING', 'JAVA PROGRAMMING', 'JAVA PROGRAMMING', 'JAVA PROGRAMMING', 'ALGORITHMS AND LOGIC DEVELOPMENT', 'ALGORITHMS AND LOGIC DEVELOPMENT', 'ALGORITHMS AND LOGIC DEVELOPMENT', 'ALGORITHMS AND LOGIC DEVELOPMENT', 'COMPUTER FUNDAMENTALS AND NETWORKING', 'COMPUTER FUNDAMENTALS AND NETWORKING', 'COMPUTER FUNDAMENTALS AND NETWORKING', 'COMPUTER FUNDAMENTALS AND NETWORKING', 'WEB DESIGNING AND DATABASE', 'WEB DESIGNING AND DATABASE', 'WEB DESIGNING AND DATABASE', 'WEB DESIGNING AND DATABASE', 'WEB DESIGNING AND DATABASE', 'PYTHON PROGRAMMING', 'PYTHON PROGRAMMING', 'PYTHON PROGRAMMING', 'PYTHON PROGRAMMING', 'PYTHON PROGRAMMING', 'DATABASE MANAGEMENT SYSTEM', 'DATABASE MANAGEMENT SYSTEM', 'DATABASE MANAGEMENT SYSTEM', 'DATABASE MANAGEMENT SYSTEM', 'DATABASE MANAGEMENT SYSTEM', 'FOUNDATIONS OF MATHEMATICS', 'FOUNDATIONS OF MATHEMATICS', 'LINUX FUNDAMENTAL WITH NETWORKING', 'LINUX FUNDAMENTAL WITH NETWORKING', 'LINUX FUNDAMENTAL WITH NETWORKING', 'PYTHON PROGRAMMING LAB', 'JAVA PROGRAMMING LAB']
[2024-12-10 12:27:14,382 ] 254 root - INFO - weighted_subjects: ['JAVA PROGRAMMING LAB', 'DATABASE MANAGEMENT SYSTEM', 'DATABASE MANAGEMENT SYSTEM', 'LINUX FUNDAMENTAL WITH NETWORKING', 'ALGORITHMS AND LOGIC DEVELOPMENT', 'JAVA PROGRAMMING', 'WEB DESIGNING AND DATABASE', 'PYTHON PROGRAMMING', 'PYTHON PROGRAMMING', 'FOUNDATIONS OF MATHEMATICS', 'WEB DESIGNING AND DATABASE', 'COMPUTER FUNDAMENTALS AND NETWORKING', 'DATABASE MANAGEMENT SYSTEM', 'PYTHON PROGRAMMING', 'ALGORITHMS AND LOGIC DEVELOPMENT', 'LINUX FUNDAMENTAL WITH NETWORKING', 'WEB DESIGNING AND DATABASE', 'PYTHON PROGRAMMING', 'WEB DESIGNING AND DATABASE', 'JAVA PROGRAMMING', 'ALGORITHMS AND LOGIC DEVELOPMENT', 'DATABASE MANAGEMENT SYSTEM', 'ALGORITHMS AND LOGIC DEVELOPMENT', 'WEB DESIGNING AND DATABASE', 'PYTHON PROGRAMMING', 'JAVA PROGRAMMING', 'DATABASE MANAGEMENT SYSTEM', 'COMPUTER FUNDAMENTALS AND NETWORKING', 'FOUNDATIONS OF MATHEMATICS', 'JAVA PROGRAMMING', 'COMPUTER FUNDAMENTALS AND NETWORKING', 'COMPUTER FUNDAMENTALS AND NETWORKING', 'LINUX FUNDAMENTAL WITH NETWORKING', 'PYTHON PROGRAMMING LAB']
[2024-12-10 12:27:14,383 ] 259 root - INFO - Creating timetable for MCA-1 on Monday
[2024-12-10 12:27:14,383 ] 267 root - INFO - st: 09:00:00, et: 16:00:00, rs: 12:00:00, re: 13:00:00, tl: 60, pl: 120
[2024-12-10 12:27:14,383 ] 259 root - INFO - Creating timetable for MCA-1 on Tuesday
[2024-12-10 12:27:14,383 ] 267 root - INFO - st: 09:00:00, et: 16:00:00, rs: 12:00:00, re: 13:00:00, tl: 60, pl: 120
[2024-12-10 12:27:14,383 ] 259 root - INFO - Creating timetable for MCA-1 on Wednesday
[2024-12-10 12:27:14,383 ] 267 root - INFO - st: 09:00:00, et: 16:00:00, rs: 12:00:00, re: 13:00:00, tl: 60, pl: 120
[2024-12-10 12:27:14,383 ] 259 root - INFO - Creating timetable for MCA-1 on Thursday
[2024-12-10 12:27:14,383 ] 267 root - INFO - st: 09:00:00, et: 16:00:00, rs: 12:00:00, re: 13:00:00, tl: 60, pl: 120
[2024-12-10 12:27:14,384 ] 329 root - INFO - Not enough time for practical, trying another subject
[2024-12-10 12:27:14,384 ] 259 root - INFO - Creating timetable for MCA-1 on Friday
[2024-12-10 12:27:14,384 ] 267 root - INFO - st: 09:00:00, et: 16:00:00, rs: 12:00:00, re: 13:00:00, tl: 60, pl: 120
[2024-12-10 12:27:14,384 ] 259 root - INFO - Creating timetable for MCA-1 on Saturday
[2024-12-10 12:27:14,384 ] 267 root - INFO - st: 09:00:00, et: 16:00:00, rs: 12:00:00, re: 13:00:00, tl: 60, pl: 120
[2024-12-10 12:27:14,384 ] 378 root - INFO - teacher workload: {'D.G. Patel': 5, 'S.K. Mishra': 5, 'R.S. Prajapati': 5, 'P.K. Patel': 5, 'S.I. Shah': 5, 'I.M.Khare': 6, 'V.P. Paul': 5}
[2024-12-10 12:27:14,384 ] 241 root - INFO - Subject options: ['ADVANCED DATABASE MANAGEMENT SYSTEM', 'WEB TECHNOLOGIES DEVELOPMENT USING PHP', 'DEVOPS, DESIGN AND ANALYSIS OF ALGORITHMS', 'ENTREPRENEURSHIP', 'HUMAN VALUES PROFESSIONAL ETHICS', 'IOS APPLICATION DEVELOPMENT', 'TESTING AND AUTOMATION REST API', 'WEB TECHNOLOGIES DEVELOPMENT USING SPRING', 'BLOCKCHAIN TECHNOLOGY-II', 'BIG DATA ANALYTICS-II', 'CLOUD COMPUTING-II', 'DATA SCIENCE-II', 'FUNDAMENTAL OF INFORMATION SYSTEMS AUDIT', 'IOT  ADVANCED', 'MACHINE LEARNING-II', 'MOBILE TESTING AUTOMATION', 'SYSTEM DEVELOPMENT PROJECT - I', 'DATABASE LAB', 'PROGRAMMING LAB']
[2024-12-10 12:27:14,384 ] 251 root - INFO - weighted_subjects: ['ADVANCED DATABASE MANAGEMENT SYSTEM', 'ADVANCED DATABASE MANAGEMENT SYSTEM', 'ADVANCED DATABASE MANAGEMENT SYSTEM', 'WEB TECHNOLOGIES DEVELOPMENT USING PHP', 'WEB TECHNOLOGIES DEVELOPMENT USING PHP', 'DEVOPS, DESIGN AND ANALYSIS OF ALGORITHMS', 'DEVOPS, DESIGN AND ANALYSIS OF ALGORITHMS', 'DEVOPS, DESIGN AND ANALYSIS OF ALGORITHMS', 'ENTREPRENEURSHIP', 'ENTREPRENEURSHIP', 'ENTREPRENEURSHIP', 'ENTREPRENEURSHIP', 'ENTREPRENEURSHIP', 'HUMAN VALUES PROFESSIONAL ETHICS', 'HUMAN VALUES PROFESSIONAL ETHICS', 'IOS APPLICATION DEVELOPMENT', 'TESTING AND AUTOMATION REST API', 'WEB TECHNOLOGIES DEVELOPMENT USING SPRING', 'WEB TECHNOLOGIES DEVELOPMENT USING SPRING', 'BLOCKCHAIN TECHNOLOGY-II', 'BLOCKCHAIN TECHNOLOGY-II', 'BLOCKCHAIN TECHNOLOGY-II', 'BIG DATA ANALYTICS-II', 'BIG DATA ANALYTICS-II', 'CLOUD COMPUTING-II', 'CLOUD COMPUTING-II', 'DATA SCIENCE-II', 'FUNDAMENTAL OF INFORMATION SYSTEMS AUDIT', 'IOT  ADVANCED', 'MACHINE LEARNING-II', 'MOBILE TESTING AUTOMATION', 'MOBILE TESTING AUTOMATION', 'SYSTEM DEVELOPMENT PROJECT - I', 'DATABASE LAB', 'PROGRAMMING LAB']
[2024-12-10 12:27:14,384 ] 254 root - INFO - weighted_subjects: ['BIG DATA ANALYTICS-II', 'ENTREPRENEURSHIP', 'ADVANCED DATABASE MANAGEMENT SYSTEM', 'BLOCKCHAIN TECHNOLOGY-II', 'FUNDAMENTAL OF INFORMATION SYSTEMS AUDIT', 'WEB TECHNOLOGIES DEVELOPMENT USING SPRING', 'BLOCKCHAIN TECHNOLOGY-II', 'TESTING AND AUTOMATION REST API', 'ENTREPRENEURSHIP', 'CLOUD COMPUTING-II', 'ENTREPRENEURSHIP', 'DEVOPS, DESIGN AND ANALYSIS OF ALGORITHMS', 'BLOCKCHAIN TECHNOLOGY-II', 'WEB TECHNOLOGIES DEVELOPMENT USING SPRING', 'WEB TECHNOLOGIES DEVELOPMENT USING PHP', 'CLOUD COMPUTING-II', 'MACHINE LEARNING-II', 'ENTREPRENEURSHIP', 'WEB TECHNOLOGIES DEVELOPMENT USING PHP', 'SYSTEM DEVELOPMENT PROJECT - I', 'IOS APPLICATION DEVELOPMENT', 'HUMAN VALUES PROFESSIONAL ETHICS', 'IOT  ADVANCED', 'MOBILE TESTING AUTOMATION', 'PROGRAMMING LAB', 'ADVANCED DATABASE MANAGEMENT SYSTEM', 'ADVANCED DATABASE MANAGEMENT SYSTEM', 'ENTREPRENEURSHIP', 'DEVOPS, DESIGN AND ANALYSIS OF ALGORITHMS', 'BIG DATA ANALYTICS-II', 'HUMAN VALUES PROFESSIONAL ETHICS', 'DEVOPS, DESIGN AND ANALYSIS OF ALGORITHMS', 'DATABASE LAB', 'DATA SCIENCE-II', 'MOBILE TESTING AUTOMATION']
[2024-12-10 12:27:14,384 ] 259 root - INFO - Creating timetable for MCA-2 on Monday
[2024-12-10 12:27:14,384 ] 267 root - INFO - st: 09:00:00, et: 16:00:00, rs: 12:00:00, re: 13:00:00, tl: 60, pl: 120
[2024-12-10 12:27:14,384 ] 337 root - INFO - D.G. Patel is already booked for 09:00:00 on Monday. Finding a new teacher.
[2024-12-10 12:27:14,384 ] 337 root - INFO - I.M.Khare is already booked for 15:00:00 on Monday. Finding a new teacher.
[2024-12-10 12:27:14,385 ] 259 root - INFO - Creating timetable for MCA-2 on Tuesday
[2024-12-10 12:27:14,385 ] 267 root - INFO - st: 09:00:00, et: 16:00:00, rs: 12:00:00, re: 13:00:00, tl: 60, pl: 120
[2024-12-10 12:27:14,385 ] 259 root - INFO - Creating timetable for MCA-2 on Wednesday
[2024-12-10 12:27:14,385 ] 267 root - INFO - st: 09:00:00, et: 16:00:00, rs: 12:00:00, re: 13:00:00, tl: 60, pl: 120
[2024-12-10 12:27:14,385 ] 259 root - INFO - Creating timetable for MCA-2 on Thursday
[2024-12-10 12:27:14,385 ] 267 root - INFO - st: 09:00:00, et: 16:00:00, rs: 12:00:00, re: 13:00:00, tl: 60, pl: 120
[2024-12-10 12:27:14,385 ] 337 root - INFO - D.G. Patel is already booked for 10:00:00 on Thursday. Finding a new teacher.
[2024-12-10 12:27:14,385 ] 337 root - INFO - V.P. Paul is already booked for 11:00:00 on Thursday. Finding a new teacher.
[2024-12-10 12:27:14,385 ] 259 root - INFO - Creating timetable for MCA-2 on Friday
[2024-12-10 12:27:14,385 ] 267 root - INFO - st: 09:00:00, et: 16:00:00, rs: 12:00:00, re: 13:00:00, tl: 60, pl: 120
[2024-12-10 12:27:14,386 ] 337 root - INFO - S.K. Mishra is already booked for 11:00:00 on Friday. Finding a new teacher.
[2024-12-10 12:27:14,386 ] 371 root - INFO - time is over
[2024-12-10 12:27:14,386 ] 259 root - INFO - Creating timetable for MCA-2 on Saturday
[2024-12-10 12:27:14,386 ] 267 root - INFO - st: 09:00:00, et: 16:00:00, rs: 12:00:00, re: 13:00:00, tl: 60, pl: 120
[2024-12-10 12:27:14,386 ] 371 root - INFO - time is over
[2024-12-10 12:27:14,386 ] 378 root - INFO - teacher workload: {'D.G. Patel': 8, 'S.K. Mishra': 11, 'R.S. Prajapati': 9, 'P.K. Patel': 11, 'S.I. Shah': 10, 'I.M.Khare': 8, 'V.P. Paul': 10, 'A.R. Rao': 3, 'H.K. Shrivastav': 2}
[2024-12-10 12:27:14,387 ] 241 root - INFO - Subject options: ['PRINCIPLES OF MANAGEMENT', 'QUANTITATIVE TECHNIQUES IN MANAGEMENT', 'MANAGERIAL ECONOMICS', 'MANAGERIAL ACCOUNTING', 'ORGANISATIONAL BEHAVIOUR', 'MANAGERIAL COMMUNICATION', 'RESEARCH DESIGN FOR MANAGEMENT', 'COMMUNICATIVE ENGLISH LABORATORY', 'RESEARCH DESIGN LABORATORY']
[2024-12-10 12:27:14,387 ] 251 root - INFO - weighted_subjects: ['PRINCIPLES OF MANAGEMENT', 'PRINCIPLES OF MANAGEMENT', 'PRINCIPLES OF MANAGEMENT', 'PRINCIPLES OF MANAGEMENT', 'QUANTITATIVE TECHNIQUES IN MANAGEMENT', 'QUANTITATIVE TECHNIQUES IN MANAGEMENT', 'QUANTITATIVE TECHNIQUES IN MANAGEMENT', 'QUANTITATIVE TECHNIQUES IN MANAGEMENT', 'QUANTITATIVE TECHNIQUES IN MANAGEMENT', 'MANAGERIAL ECONOMICS', 'MANAGERIAL ECONOMICS', 'MANAGERIAL ECONOMICS', 'MANAGERIAL ECONOMICS', 'MANAGERIAL ACCOUNTING', 'MANAGERIAL ACCOUNTING', 'MANAGERIAL ACCOUNTING', 'ORGANISATIONAL BEHAVIOUR', 'ORGANISATIONAL BEHAVIOUR', 'MANAGERIAL COMMUNICATION', 'MANAGERIAL COMMUNICATION', 'MANAGERIAL COMMUNICATION', 'MANAGERIAL COMMUNICATION', 'MANAGERIAL COMMUNICATION', 'RESEARCH DESIGN FOR MANAGEMENT', 'RESEARCH DESIGN FOR MANAGEMENT', 'RESEARCH DESIGN FOR MANAGEMENT', 'RESEARCH DESIGN FOR MANAGEMENT', 'RESEARCH DESIGN FOR MANAGEMENT', 'COMMUNICATIVE ENGLISH LABORATORY', 'COMMUNICATIVE ENGLISH LABORATORY', 'RESEARCH DESIGN LABORATORY', 'RESEARCH DESIGN LABORATORY']
[2024-12-10 12:27:14,387 ] 254 root - INFO - weighted_subjects: ['MANAGERIAL COMMUNICATION', 'PRINCIPLES OF MANAGEMENT', 'PRINCIPLES OF MANAGEMENT', 'RESEARCH DESIGN LABORATORY', 'PRINCIPLES OF MANAGEMENT', 'MANAGERIAL ECONOMICS', 'MANAGERIAL ACCOUNTING', 'RESEARCH DESIGN FOR MANAGEMENT', 'MANAGERIAL ECONOMICS', 'RESEARCH DESIGN FOR MANAGEMENT', 'RESEARCH DESIGN FOR MANAGEMENT', 'COMMUNICATIVE ENGLISH LABORATORY', 'PRINCIPLES OF MANAGEMENT', 'QUANTITATIVE TECHNIQUES IN MANAGEMENT', 'MANAGERIAL COMMUNICATION', 'MANAGERIAL ECONOMICS', 'COMMUNICATIVE ENGLISH LABORATORY', 'MANAGERIAL COMMUNICATION', 'MANAGERIAL ACCOUNTING', 'QUANTITATIVE TECHNIQUES IN MANAGEMENT', 'ORGANISATIONAL BEHAVIOUR', 'RESEARCH DESIGN FOR MANAGEMENT', 'QUANTITATIVE TECHNIQUES IN MANAGEMENT', 'RESEARCH DESIGN FOR MANAGEMENT', 'MANAGERIAL COMMUNICATION', 'QUANTITATIVE TECHNIQUES IN MANAGEMENT', 'MANAGERIAL ECONOMICS', 'MANAGERIAL ACCOUNTING', 'ORGANISATIONAL BEHAVIOUR', 'QUANTITATIVE TECHNIQUES IN MANAGEMENT', 'MANAGERIAL COMMUNICATION', 'RESEARCH DESIGN LABORATORY']
[2024-12-10 12:27:14,387 ] 259 root - INFO - Creating timetable for MBA-1 on Monday
[2024-12-10 12:27:14,388 ] 267 root - INFO - st: 08:00:00, et: 15:00:00, rs: 11:00:00, re: 12:00:00, tl: 60, pl: 120
[2024-12-10 12:27:14,388 ] 259 root - INFO - Creating timetable for MBA-1 on Tuesday
[2024-12-10 12:27:14,388 ] 267 root - INFO - st: 08:00:00, et: 15:00:00, rs: 11:00:00, re: 12:00:00, tl: 60, pl: 120
[2024-12-10 12:27:14,388 ] 371 root - INFO - time is over
[2024-12-10 12:27:14,388 ] 259 root - INFO - Creating timetable for MBA-1 on Wednesday
[2024-12-10 12:27:14,388 ] 267 root - INFO - st: 08:00:00, et: 15:00:00, rs: 11:00:00, re: 12:00:00, tl: 60, pl: 120
[2024-12-10 12:27:14,389 ] 259 root - INFO - Creating timetable for MBA-1 on Thursday
[2024-12-10 12:27:14,389 ] 267 root - INFO - st: 08:00:00, et: 15:00:00, rs: 11:00:00, re: 12:00:00, tl: 60, pl: 120
[2024-12-10 12:27:14,390 ] 259 root - INFO - Creating timetable for MBA-1 on Friday
[2024-12-10 12:27:14,390 ] 267 root - INFO - st: 08:00:00, et: 15:00:00, rs: 11:00:00, re: 12:00:00, tl: 60, pl: 120
[2024-12-10 12:27:14,390 ] 371 root - INFO - time is over
[2024-12-10 12:27:14,390 ] 259 root - INFO - Creating timetable for MBA-1 on Saturday
[2024-12-10 12:27:14,390 ] 267 root - INFO - st: 08:00:00, et: 15:00:00, rs: 11:00:00, re: 12:00:00, tl: 60, pl: 120
[2024-12-10 12:27:14,390 ] 378 root - INFO - teacher workload: {'D.G. Patel': 8, 'S.K. Mishra': 11, 'R.S. Prajapati': 9, 'P.K. Patel': 11, 'S.I. Shah': 10, 'I.M.Khare': 8, 'V.P. Paul': 10, 'A.R. Rao': 6, 'H.K. Shrivastav': 6, 'G.S. Desai': 7, 'P.J. Jha': 7, 'H.K. Patel': 5, 'P.K. Solanki': 4, 'J.P. Patel': 6}
[2024-12-10 12:27:14,390 ] 241 root - INFO - Subject options: ['STRATEGIC MANAGEMENT', 'FUNDAMENTALS OF ENTERPRISE RESOURCE PLANNING', 'MARKETING', 'FINANCE', 'HUMAN RESOURCE', 'INTERNATIONAL BUSINESS', 'ENTREPRENEURSHIP', 'SUPPLY CHAIN MANAGEMENT', 'SECTOR', 'PERSONALITY GROWTH LAB', 'MANAGEMENT RESEARCH PROJECT']
[2024-12-10 12:27:14,391 ] 251 root - INFO - weighted_subjects: ['STRATEGIC MANAGEMENT', 'STRATEGIC MANAGEMENT', 'STRATEGIC MANAGEMENT', 'FUNDAMENTALS OF ENTERPRISE RESOURCE PLANNING', 'FUNDAMENTALS OF ENTERPRISE RESOURCE PLANNING', 'FUNDAMENTALS OF ENTERPRISE RESOURCE PLANNING', 'MARKETING', 'MARKETING', 'MARKETING', 'MARKETING', 'FINANCE', 'FINANCE', 'FINANCE', 'FINANCE', 'HUMAN RESOURCE', 'HUMAN RESOURCE', 'HUMAN RESOURCE', 'INTERNATIONAL BUSINESS', 'INTERNATIONAL BUSINESS', 'INTERNATIONAL BUSINESS', 'ENTREPRENEURSHIP', 'ENTREPRENEURSHIP', 'ENTREPRENEURSHIP', 'ENTREPRENEURSHIP', 'ENTREPRENEURSHIP', 'SUPPLY CHAIN MANAGEMENT', 'SUPPLY CHAIN MANAGEMENT', 'SUPPLY CHAIN MANAGEMENT', 'SECTOR', 'SECTOR', 'SECTOR', 'SECTOR', 'PERSONALITY GROWTH LAB', 'MANAGEMENT RESEARCH PROJECT']
[2024-12-10 12:27:14,391 ] 254 root - INFO - weighted_subjects: ['FINANCE', 'FINANCE', 'HUMAN RESOURCE', 'PERSONALITY GROWTH LAB', 'SECTOR', 'MANAGEMENT RESEARCH PROJECT', 'SUPPLY CHAIN MANAGEMENT', 'MARKETING', 'MARKETING', 'MARKETING', 'HUMAN RESOURCE', 'FUNDAMENTALS OF ENTERPRISE RESOURCE PLANNING', 'HUMAN RESOURCE', 'STRATEGIC MANAGEMENT', 'STRATEGIC MANAGEMENT', 'FINANCE', 'SECTOR', 'ENTREPRENEURSHIP', 'SUPPLY CHAIN MANAGEMENT', 'SUPPLY CHAIN MANAGEMENT', 'MARKETING', 'FUNDAMENTALS OF ENTERPRISE RESOURCE PLANNING', 'ENTREPRENEURSHIP', 'ENTREPRENEURSHIP', 'INTERNATIONAL BUSINESS', 'SECTOR', 'INTERNATIONAL BUSINESS', 'FINANCE', 'INTERNATIONAL BUSINESS', 'FUNDAMENTALS OF ENTERPRISE RESOURCE PLANNING', 'SECTOR', 'STRATEGIC MANAGEMENT', 'ENTREPRENEURSHIP', 'ENTREPRENEURSHIP']
[2024-12-10 12:27:14,391 ] 259 root - INFO - Creating timetable for MBA-2 on Monday
[2024-12-10 12:27:14,391 ] 267 root - INFO - st: 08:00:00, et: 15:00:00, rs: 11:00:00, re: 12:00:00, tl: 60, pl: 120
[2024-12-10 12:27:14,391 ] 371 root - INFO - time is over
[2024-12-10 12:27:14,391 ] 337 root - INFO - H.K. Patel is already booked for 14:00:00 on Monday. Finding a new teacher.
[2024-12-10 12:27:14,391 ] 259 root - INFO - Creating timetable for MBA-2 on Tuesday
[2024-12-10 12:27:14,391 ] 267 root - INFO - st: 08:00:00, et: 15:00:00, rs: 11:00:00, re: 12:00:00, tl: 60, pl: 120
[2024-12-10 12:27:14,391 ] 337 root - INFO - P.K. Solanki is already booked for 10:00:00 on Tuesday. Finding a new teacher.
[2024-12-10 12:27:14,391 ] 259 root - INFO - Creating timetable for MBA-2 on Wednesday
[2024-12-10 12:27:14,392 ] 267 root - INFO - st: 08:00:00, et: 15:00:00, rs: 11:00:00, re: 12:00:00, tl: 60, pl: 120
[2024-12-10 12:27:14,392 ] 337 root - INFO - H.K. Shrivastav is already booked for 09:00:00 on Wednesday. Finding a new teacher.
[2024-12-10 12:27:14,392 ] 259 root - INFO - Creating timetable for MBA-2 on Thursday
[2024-12-10 12:27:14,392 ] 267 root - INFO - st: 08:00:00, et: 15:00:00, rs: 11:00:00, re: 12:00:00, tl: 60, pl: 120
[2024-12-10 12:27:14,392 ] 259 root - INFO - Creating timetable for MBA-2 on Friday
[2024-12-10 12:27:14,392 ] 267 root - INFO - st: 08:00:00, et: 15:00:00, rs: 11:00:00, re: 12:00:00, tl: 60, pl: 120
[2024-12-10 12:27:14,392 ] 337 root - INFO - H.K. Patel is already booked for 14:00:00 on Friday. Finding a new teacher.
[2024-12-10 12:27:14,392 ] 259 root - INFO - Creating timetable for MBA-2 on Saturday
[2024-12-10 12:27:14,392 ] 267 root - INFO - st: 08:00:00, et: 15:00:00, rs: 11:00:00, re: 12:00:00, tl: 60, pl: 120
[2024-12-10 12:27:14,392 ] 337 root - INFO - H.K. Shrivastav is already booked for 13:00:00 on Saturday. Finding a new teacher.
[2024-12-10 12:27:14,393 ] 378 root - INFO - teacher workload: {'D.G. Patel': 8, 'S.K. Mishra': 11, 'R.S. Prajapati': 9, 'P.K. Patel': 11, 'S.I. Shah': 10, 'I.M.Khare': 8, 'V.P. Paul': 10, 'A.R. Rao': 12, 'H.K. Shrivastav': 11, 'G.S. Desai': 12, 'P.J. Jha': 11, 'H.K. Patel': 10, 'P.K. Solanki': 10, 'J.P. Patel': 11}
[2024-12-10 12:27:14,393 ] 97 werkzeug - INFO - 127.0.0.1 - - [10/Dec/2024 12:27:14] "[32mPOST /upload HTTP/1.1[0m" 302 -
[2024-12-10 12:27:14,457 ] 97 werkzeug - INFO - 127.0.0.1 - - [10/Dec/2024 12:27:14] "GET /index HTTP/1.1" 200 -
[2024-12-10 12:27:14,505 ] 97 werkzeug - INFO - 127.0.0.1 - - [10/Dec/2024 12:27:14] "[36mGET /static/images/MCA-2.jpg HTTP/1.1[0m" 304 -
[2024-12-10 12:27:14,507 ] 97 werkzeug - INFO - 127.0.0.1 - - [10/Dec/2024 12:27:14] "[36mGET /static/images/MCA-1.jpg HTTP/1.1[0m" 304 -
[2024-12-10 12:27:14,510 ] 97 werkzeug - INFO - 127.0.0.1 - - [10/Dec/2024 12:27:14] "[36mGET /static/images/MBA-1.jpg HTTP/1.1[0m" 304 -
[2024-12-10 12:27:14,524 ] 97 werkzeug - INFO - 127.0.0.1 - - [10/Dec/2024 12:27:14] "[36mGET /static/images/MBA-2.jpg HTTP/1.1[0m" 304 -
[2024-12-10 12:27:21,393 ] 97 werkzeug - INFO - 127.0.0.1 - - [10/Dec/2024 12:27:21] "POST /get_timetable HTTP/1.1" 200 -
