[2024-12-18 12:36:25,777 ] 97 werkzeug - WARNING -  * Debugger is active!
[2024-12-18 12:36:25,780 ] 97 werkzeug - INFO -  * Debugger PIN: 291-304-962
[2024-12-18 12:36:30,730 ] 97 werkzeug - INFO - 127.0.0.1 - - [18/Dec/2024 12:36:30] "[32mPOST /authenticate HTTP/1.1[0m" 302 -
[2024-12-18 12:36:30,741 ] 97 werkzeug - INFO - 127.0.0.1 - - [18/Dec/2024 12:36:30] "GET /upload HTTP/1.1" 200 -
[2024-12-18 12:36:30,773 ] 97 werkzeug - INFO - 127.0.0.1 - - [18/Dec/2024 12:36:30] "[36mGET /static/images/pexels-jplenio-1103970.jpg HTTP/1.1[0m" 304 -
[2024-12-18 12:36:38,612 ] 249 root - INFO - Subject options: ['JAVA PROGRAMMING', 'ALGORITHMS AND LOGIC DEVELOPMENT', 'COMPUTER FUNDAMENTALS AND NETWORKING', 'WEB DESIGNING AND DATABASE', 'PYTHON PROGRAMMING', 'DATABASE MANAGEMENT SYSTEM', 'FOUNDATIONS OF MATHEMATICS', 'LINUX FUNDAMENTAL WITH NETWORKING', 'PYTHON PROGRAMMING LAB', 'JAVA PROGRAMMING LAB']
[2024-12-18 12:36:38,613 ] 259 root - INFO - weighted_subjects: ['JAVA PROGRAMMING', 'JAVA PROGRAMMING', 'JAVA PROGRAMMING', 'JAVA PROGRAMMING', 'ALGORITHMS AND LOGIC DEVELOPMENT', 'ALGORITHMS AND LOGIC DEVELOPMENT', 'ALGORITHMS AND LOGIC DEVELOPMENT', 'ALGORITHMS AND LOGIC DEVELOPMENT', 'COMPUTER FUNDAMENTALS AND NETWORKING', 'COMPUTER FUNDAMENTALS AND NETWORKING', 'COMPUTER FUNDAMENTALS AND NETWORKING', 'COMPUTER FUNDAMENTALS AND NETWORKING', 'WEB DESIGNING AND DATABASE', 'WEB DESIGNING AND DATABASE', 'WEB DESIGNING AND DATABASE', 'WEB DESIGNING AND DATABASE', 'WEB DESIGNING AND DATABASE', 'PYTHON PROGRAMMING', 'PYTHON PROGRAMMING', 'PYTHON PROGRAMMING', 'PYTHON PROGRAMMING', 'PYTHON PROGRAMMING', 'DATABASE MANAGEMENT SYSTEM', 'DATABASE MANAGEMENT SYSTEM', 'DATABASE MANAGEMENT SYSTEM', 'DATABASE MANAGEMENT SYSTEM', 'DATABASE MANAGEMENT SYSTEM', 'FOUNDATIONS OF MATHEMATICS', 'FOUNDATIONS OF MATHEMATICS', 'LINUX FUNDAMENTAL WITH NETWORKING', 'LINUX FUNDAMENTAL WITH NETWORKING', 'LINUX FUNDAMENTAL WITH NETWORKING', 'PYTHON PROGRAMMING LAB', 'JAVA PROGRAMMING LAB']
[2024-12-18 12:36:38,613 ] 262 root - INFO - weighted_subjects: ['PYTHON PROGRAMMING LAB', 'DATABASE MANAGEMENT SYSTEM', 'PYTHON PROGRAMMING', 'JAVA PROGRAMMING', 'JAVA PROGRAMMING', 'COMPUTER FUNDAMENTALS AND NETWORKING', 'ALGORITHMS AND LOGIC DEVELOPMENT', 'FOUNDATIONS OF MATHEMATICS', 'COMPUTER FUNDAMENTALS AND NETWORKING', 'LINUX FUNDAMENTAL WITH NETWORKING', 'ALGORITHMS AND LOGIC DEVELOPMENT', 'COMPUTER FUNDAMENTALS AND NETWORKING', 'WEB DESIGNING AND DATABASE', 'LINUX FUNDAMENTAL WITH NETWORKING', 'PYTHON PROGRAMMING', 'WEB DESIGNING AND DATABASE', 'WEB DESIGNING AND DATABASE', 'WEB DESIGNING AND DATABASE', 'DATABASE MANAGEMENT SYSTEM', 'DATABASE MANAGEMENT SYSTEM', 'PYTHON PROGRAMMING', 'DATABASE MANAGEMENT SYSTEM', 'COMPUTER FUNDAMENTALS AND NETWORKING', 'LINUX FUNDAMENTAL WITH NETWORKING', 'JAVA PROGRAMMING', 'PYTHON PROGRAMMING', 'ALGORITHMS AND LOGIC DEVELOPMENT', 'ALGORITHMS AND LOGIC DEVELOPMENT', 'PYTHON PROGRAMMING', 'JAVA PROGRAMMING LAB', 'JAVA PROGRAMMING', 'WEB DESIGNING AND DATABASE', 'DATABASE MANAGEMENT SYSTEM', 'FOUNDATIONS OF MATHEMATICS']
[2024-12-18 12:36:38,613 ] 267 root - INFO - Creating timetable for MCA-1 on Monday
[2024-12-18 12:36:38,613 ] 275 root - INFO - st: 09:00:00, et: 16:00:00, rs: 12:00:00, re: 13:00:00, tl: 60, pl: 120
[2024-12-18 12:36:38,613 ] 267 root - INFO - Creating timetable for MCA-1 on Tuesday
[2024-12-18 12:36:38,614 ] 275 root - INFO - st: 09:00:00, et: 16:00:00, rs: 12:00:00, re: 13:00:00, tl: 60, pl: 120
[2024-12-18 12:36:38,614 ] 378 root - INFO - time is over
[2024-12-18 12:36:38,614 ] 267 root - INFO - Creating timetable for MCA-1 on Wednesday
[2024-12-18 12:36:38,614 ] 275 root - INFO - st: 09:00:00, et: 16:00:00, rs: 12:00:00, re: 13:00:00, tl: 60, pl: 120
[2024-12-18 12:36:38,614 ] 267 root - INFO - Creating timetable for MCA-1 on Thursday
[2024-12-18 12:36:38,615 ] 275 root - INFO - st: 09:00:00, et: 16:00:00, rs: 12:00:00, re: 13:00:00, tl: 60, pl: 120
[2024-12-18 12:36:38,615 ] 267 root - INFO - Creating timetable for MCA-1 on Friday
[2024-12-18 12:36:38,615 ] 275 root - INFO - st: 09:00:00, et: 16:00:00, rs: 12:00:00, re: 13:00:00, tl: 60, pl: 120
[2024-12-18 12:36:38,615 ] 267 root - INFO - Creating timetable for MCA-1 on Saturday
[2024-12-18 12:36:38,615 ] 275 root - INFO - st: 09:00:00, et: 16:00:00, rs: 12:00:00, re: 13:00:00, tl: 60, pl: 120
[2024-12-18 12:36:38,615 ] 385 root - INFO - teacher workload: {'D.G. Patel': 7, 'R.S. Prajapati': 6, 'P.K. Patel': 3, 'S.K. Mishra': 7, 'V.P. Paul': 4, 'S.I. Shah': 4, 'I.M.Khare': 5}
[2024-12-18 12:36:38,615 ] 249 root - INFO - Subject options: ['ADVANCED DATABASE MANAGEMENT SYSTEM', 'WEB TECHNOLOGIES DEVELOPMENT USING PHP', 'DEVOPS, DESIGN AND ANALYSIS OF ALGORITHMS', 'ENTREPRENEURSHIP', 'HUMAN VALUES PROFESSIONAL ETHICS', 'IOS APPLICATION DEVELOPMENT', 'TESTING AND AUTOMATION REST API', 'WEB TECHNOLOGIES DEVELOPMENT USING SPRING', 'BLOCKCHAIN TECHNOLOGY-II', 'BIG DATA ANALYTICS-II', 'CLOUD COMPUTING-II', 'DATA SCIENCE-II', 'FUNDAMENTAL OF INFORMATION SYSTEMS AUDIT', 'IOT  ADVANCED', 'MACHINE LEARNING-II', 'MOBILE TESTING AUTOMATION', 'SYSTEM DEVELOPMENT PROJECT - I', 'DATABASE LAB', 'PROGRAMMING LAB']
[2024-12-18 12:36:38,616 ] 259 root - INFO - weighted_subjects: ['ADVANCED DATABASE MANAGEMENT SYSTEM', 'ADVANCED DATABASE MANAGEMENT SYSTEM', 'ADVANCED DATABASE MANAGEMENT SYSTEM', 'WEB TECHNOLOGIES DEVELOPMENT USING PHP', 'WEB TECHNOLOGIES DEVELOPMENT USING PHP', 'DEVOPS, DESIGN AND ANALYSIS OF ALGORITHMS', 'DEVOPS, DESIGN AND ANALYSIS OF ALGORITHMS', 'DEVOPS, DESIGN AND ANALYSIS OF ALGORITHMS', 'ENTREPRENEURSHIP', 'ENTREPRENEURSHIP', 'ENTREPRENEURSHIP', 'ENTREPRENEURSHIP', 'ENTREPRENEURSHIP', 'HUMAN VALUES PROFESSIONAL ETHICS', 'HUMAN VALUES PROFESSIONAL ETHICS', 'IOS APPLICATION DEVELOPMENT', 'TESTING AND AUTOMATION REST API', 'WEB TECHNOLOGIES DEVELOPMENT USING SPRING', 'WEB TECHNOLOGIES DEVELOPMENT USING SPRING', 'BLOCKCHAIN TECHNOLOGY-II', 'BLOCKCHAIN TECHNOLOGY-II', 'BLOCKCHAIN TECHNOLOGY-II', 'BIG DATA ANALYTICS-II', 'BIG DATA ANALYTICS-II', 'CLOUD COMPUTING-II', 'CLOUD COMPUTING-II', 'DATA SCIENCE-II', 'FUNDAMENTAL OF INFORMATION SYSTEMS AUDIT', 'IOT  ADVANCED', 'MACHINE LEARNING-II', 'MOBILE TESTING AUTOMATION', 'MOBILE TESTING AUTOMATION', 'SYSTEM DEVELOPMENT PROJECT - I', 'DATABASE LAB', 'PROGRAMMING LAB']
[2024-12-18 12:36:38,616 ] 262 root - INFO - weighted_subjects: ['IOT  ADVANCED', 'WEB TECHNOLOGIES DEVELOPMENT USING SPRING', 'BLOCKCHAIN TECHNOLOGY-II', 'WEB TECHNOLOGIES DEVELOPMENT USING PHP', 'ENTREPRENEURSHIP', 'ENTREPRENEURSHIP', 'TESTING AND AUTOMATION REST API', 'FUNDAMENTAL OF INFORMATION SYSTEMS AUDIT', 'MOBILE TESTING AUTOMATION', 'CLOUD COMPUTING-II', 'BIG DATA ANALYTICS-II', 'ADVANCED DATABASE MANAGEMENT SYSTEM', 'DATABASE LAB', 'ENTREPRENEURSHIP', 'PROGRAMMING LAB', 'WEB TECHNOLOGIES DEVELOPMENT USING PHP', 'DEVOPS, DESIGN AND ANALYSIS OF ALGORITHMS', 'BIG DATA ANALYTICS-II', 'MACHINE LEARNING-II', 'DEVOPS, DESIGN AND ANALYSIS OF ALGORITHMS', 'ADVANCED DATABASE MANAGEMENT SYSTEM', 'ENTREPRENEURSHIP', 'BLOCKCHAIN TECHNOLOGY-II', 'ADVANCED DATABASE MANAGEMENT SYSTEM', 'BLOCKCHAIN TECHNOLOGY-II', 'HUMAN VALUES PROFESSIONAL ETHICS', 'CLOUD COMPUTING-II', 'WEB TECHNOLOGIES DEVELOPMENT USING SPRING', 'HUMAN VALUES PROFESSIONAL ETHICS', 'IOS APPLICATION DEVELOPMENT', 'DEVOPS, DESIGN AND ANALYSIS OF ALGORITHMS', 'ENTREPRENEURSHIP', 'MOBILE TESTING AUTOMATION', 'SYSTEM DEVELOPMENT PROJECT - I', 'DATA SCIENCE-II']
[2024-12-18 12:36:38,616 ] 267 root - INFO - Creating timetable for MCA-2 on Monday
[2024-12-18 12:36:38,616 ] 275 root - INFO - st: 09:00:00, et: 16:00:00, rs: 12:00:00, re: 13:00:00, tl: 60, pl: 120
[2024-12-18 12:36:38,616 ] 344 root - INFO - V.P. Paul is already booked for 15:00:00 on Monday. Finding a new teacher.
[2024-12-18 12:36:38,616 ] 267 root - INFO - Creating timetable for MCA-2 on Tuesday
[2024-12-18 12:36:38,616 ] 275 root - INFO - st: 09:00:00, et: 16:00:00, rs: 12:00:00, re: 13:00:00, tl: 60, pl: 120
[2024-12-18 12:36:38,616 ] 344 root - INFO - V.P. Paul is already booked for 13:00:00 on Tuesday. Finding a new teacher.
[2024-12-18 12:36:38,616 ] 378 root - INFO - time is over
[2024-12-18 12:36:38,617 ] 267 root - INFO - Creating timetable for MCA-2 on Wednesday
[2024-12-18 12:36:38,617 ] 275 root - INFO - st: 09:00:00, et: 16:00:00, rs: 12:00:00, re: 13:00:00, tl: 60, pl: 120
[2024-12-18 12:36:38,617 ] 336 root - INFO - Not enough time for practical, trying another subject
[2024-12-18 12:36:38,617 ] 267 root - INFO - Creating timetable for MCA-2 on Thursday
[2024-12-18 12:36:38,617 ] 275 root - INFO - st: 09:00:00, et: 16:00:00, rs: 12:00:00, re: 13:00:00, tl: 60, pl: 120
[2024-12-18 12:36:38,617 ] 344 root - INFO - S.K. Mishra is already booked for 11:00:00 on Thursday. Finding a new teacher.
[2024-12-18 12:36:38,618 ] 267 root - INFO - Creating timetable for MCA-2 on Friday
[2024-12-18 12:36:38,618 ] 275 root - INFO - st: 09:00:00, et: 16:00:00, rs: 12:00:00, re: 13:00:00, tl: 60, pl: 120
[2024-12-18 12:36:38,619 ] 267 root - INFO - Creating timetable for MCA-2 on Saturday
[2024-12-18 12:36:38,619 ] 275 root - INFO - st: 09:00:00, et: 16:00:00, rs: 12:00:00, re: 13:00:00, tl: 60, pl: 120
[2024-12-18 12:36:38,619 ] 385 root - INFO - teacher workload: {'D.G. Patel': 11, 'R.S. Prajapati': 10, 'P.K. Patel': 9, 'S.K. Mishra': 10, 'V.P. Paul': 8, 'S.I. Shah': 8, 'I.M.Khare': 11, 'H.K. Shrivastav': 2, 'A.R. Rao': 3}
[2024-12-18 12:36:38,619 ] 249 root - INFO - Subject options: ['PRINCIPLES OF MANAGEMENT', 'QUANTITATIVE TECHNIQUES IN MANAGEMENT', 'MANAGERIAL ECONOMICS', 'MANAGERIAL ACCOUNTING', 'ORGANISATIONAL BEHAVIOUR', 'MANAGERIAL COMMUNICATION', 'RESEARCH DESIGN FOR MANAGEMENT', 'COMMUNICATIVE ENGLISH LABORATORY', 'RESEARCH DESIGN LABORATORY']
[2024-12-18 12:36:38,619 ] 259 root - INFO - weighted_subjects: ['PRINCIPLES OF MANAGEMENT', 'PRINCIPLES OF MANAGEMENT', 'PRINCIPLES OF MANAGEMENT', 'PRINCIPLES OF MANAGEMENT', 'QUANTITATIVE TECHNIQUES IN MANAGEMENT', 'QUANTITATIVE TECHNIQUES IN MANAGEMENT', 'QUANTITATIVE TECHNIQUES IN MANAGEMENT', 'QUANTITATIVE TECHNIQUES IN MANAGEMENT', 'QUANTITATIVE TECHNIQUES IN MANAGEMENT', 'MANAGERIAL ECONOMICS', 'MANAGERIAL ECONOMICS', 'MANAGERIAL ECONOMICS', 'MANAGERIAL ECONOMICS', 'MANAGERIAL ACCOUNTING', 'MANAGERIAL ACCOUNTING', 'MANAGERIAL ACCOUNTING', 'ORGANISATIONAL BEHAVIOUR', 'ORGANISATIONAL BEHAVIOUR', 'MANAGERIAL COMMUNICATION', 'MANAGERIAL COMMUNICATION', 'MANAGERIAL COMMUNICATION', 'MANAGERIAL COMMUNICATION', 'MANAGERIAL COMMUNICATION', 'RESEARCH DESIGN FOR MANAGEMENT', 'RESEARCH DESIGN FOR MANAGEMENT', 'RESEARCH DESIGN FOR MANAGEMENT', 'RESEARCH DESIGN FOR MANAGEMENT', 'RESEARCH DESIGN FOR MANAGEMENT', 'COMMUNICATIVE ENGLISH LABORATORY', 'COMMUNICATIVE ENGLISH LABORATORY', 'RESEARCH DESIGN LABORATORY', 'RESEARCH DESIGN LABORATORY']
[2024-12-18 12:36:38,620 ] 262 root - INFO - weighted_subjects: ['PRINCIPLES OF MANAGEMENT', 'MANAGERIAL ECONOMICS', 'MANAGERIAL COMMUNICATION', 'ORGANISATIONAL BEHAVIOUR', 'COMMUNICATIVE ENGLISH LABORATORY', 'RESEARCH DESIGN FOR MANAGEMENT', 'QUANTITATIVE TECHNIQUES IN MANAGEMENT', 'RESEARCH DESIGN FOR MANAGEMENT', 'QUANTITATIVE TECHNIQUES IN MANAGEMENT', 'MANAGERIAL ECONOMICS', 'QUANTITATIVE TECHNIQUES IN MANAGEMENT', 'MANAGERIAL COMMUNICATION', 'MANAGERIAL ACCOUNTING', 'RESEARCH DESIGN FOR MANAGEMENT', 'RESEARCH DESIGN FOR MANAGEMENT', 'MANAGERIAL COMMUNICATION', 'MANAGERIAL ACCOUNTING', 'RESEARCH DESIGN LABORATORY', 'MANAGERIAL ECONOMICS', 'MANAGERIAL COMMUNICATION', 'COMMUNICATIVE ENGLISH LABORATORY', 'QUANTITATIVE TECHNIQUES IN MANAGEMENT', 'RESEARCH DESIGN FOR MANAGEMENT', 'PRINCIPLES OF MANAGEMENT', 'PRINCIPLES OF MANAGEMENT', 'MANAGERIAL ECONOMICS', 'MANAGERIAL ACCOUNTING', 'ORGANISATIONAL BEHAVIOUR', 'PRINCIPLES OF MANAGEMENT', 'QUANTITATIVE TECHNIQUES IN MANAGEMENT', 'RESEARCH DESIGN LABORATORY', 'MANAGERIAL COMMUNICATION']
[2024-12-18 12:36:38,620 ] 267 root - INFO - Creating timetable for MBA-1 on Monday
[2024-12-18 12:36:38,620 ] 275 root - INFO - st: 08:00:00, et: 15:00:00, rs: 11:00:00, re: 12:00:00, tl: 60, pl: 120
[2024-12-18 12:36:38,621 ] 344 root - INFO - H.K. Shrivastav is already booked for 13:00:00 on Monday. Finding a new teacher.
[2024-12-18 12:36:38,622 ] 267 root - INFO - Creating timetable for MBA-1 on Tuesday
[2024-12-18 12:36:38,622 ] 275 root - INFO - st: 08:00:00, et: 15:00:00, rs: 11:00:00, re: 12:00:00, tl: 60, pl: 120
[2024-12-18 12:36:38,623 ] 378 root - INFO - time is over
[2024-12-18 12:36:38,623 ] 267 root - INFO - Creating timetable for MBA-1 on Wednesday
[2024-12-18 12:36:38,623 ] 275 root - INFO - st: 08:00:00, et: 15:00:00, rs: 11:00:00, re: 12:00:00, tl: 60, pl: 120
[2024-12-18 12:36:38,624 ] 267 root - INFO - Creating timetable for MBA-1 on Thursday
[2024-12-18 12:36:38,624 ] 275 root - INFO - st: 08:00:00, et: 15:00:00, rs: 11:00:00, re: 12:00:00, tl: 60, pl: 120
[2024-12-18 12:36:38,624 ] 336 root - INFO - Not enough time for practical, trying another subject
[2024-12-18 12:36:38,624 ] 336 root - INFO - Not enough time for practical, trying another subject
[2024-12-18 12:36:38,624 ] 267 root - INFO - Creating timetable for MBA-1 on Friday
[2024-12-18 12:36:38,624 ] 275 root - INFO - st: 08:00:00, et: 15:00:00, rs: 11:00:00, re: 12:00:00, tl: 60, pl: 120
[2024-12-18 12:36:38,625 ] 378 root - INFO - time is over
[2024-12-18 12:36:38,625 ] 267 root - INFO - Creating timetable for MBA-1 on Saturday
[2024-12-18 12:36:38,625 ] 275 root - INFO - st: 08:00:00, et: 15:00:00, rs: 11:00:00, re: 12:00:00, tl: 60, pl: 120
[2024-12-18 12:36:38,625 ] 385 root - INFO - teacher workload: {'D.G. Patel': 11, 'R.S. Prajapati': 10, 'P.K. Patel': 9, 'S.K. Mishra': 10, 'V.P. Paul': 8, 'S.I. Shah': 8, 'I.M.Khare': 11, 'H.K. Shrivastav': 11, 'A.R. Rao': 6, 'P.J. Jha': 5, 'G.S. Desai': 7, 'H.K. Patel': 3, 'J.P. Patel': 8, 'P.K. Solanki': 1}
[2024-12-18 12:36:38,625 ] 249 root - INFO - Subject options: ['STRATEGIC MANAGEMENT', 'FUNDAMENTALS OF ENTERPRISE RESOURCE PLANNING', 'MARKETING', 'FINANCE', 'HUMAN RESOURCE', 'INTERNATIONAL BUSINESS', 'ENTREPRENEURSHIP', 'SUPPLY CHAIN MANAGEMENT', 'SECTOR', 'PERSONALITY GROWTH LAB', 'MANAGEMENT RESEARCH PROJECT']
[2024-12-18 12:36:38,625 ] 259 root - INFO - weighted_subjects: ['STRATEGIC MANAGEMENT', 'STRATEGIC MANAGEMENT', 'STRATEGIC MANAGEMENT', 'FUNDAMENTALS OF ENTERPRISE RESOURCE PLANNING', 'FUNDAMENTALS OF ENTERPRISE RESOURCE PLANNING', 'FUNDAMENTALS OF ENTERPRISE RESOURCE PLANNING', 'MARKETING', 'MARKETING', 'MARKETING', 'MARKETING', 'FINANCE', 'FINANCE', 'FINANCE', 'FINANCE', 'HUMAN RESOURCE', 'HUMAN RESOURCE', 'HUMAN RESOURCE', 'INTERNATIONAL BUSINESS', 'INTERNATIONAL BUSINESS', 'INTERNATIONAL BUSINESS', 'ENTREPRENEURSHIP', 'ENTREPRENEURSHIP', 'ENTREPRENEURSHIP', 'ENTREPRENEURSHIP', 'ENTREPRENEURSHIP', 'SUPPLY CHAIN MANAGEMENT', 'SUPPLY CHAIN MANAGEMENT', 'SUPPLY CHAIN MANAGEMENT', 'SECTOR', 'SECTOR', 'SECTOR', 'SECTOR', 'PERSONALITY GROWTH LAB', 'MANAGEMENT RESEARCH PROJECT']
[2024-12-18 12:36:38,625 ] 262 root - INFO - weighted_subjects: ['SECTOR', 'STRATEGIC MANAGEMENT', 'FINANCE', 'MARKETING', 'INTERNATIONAL BUSINESS', 'ENTREPRENEURSHIP', 'SUPPLY CHAIN MANAGEMENT', 'FINANCE', 'STRATEGIC MANAGEMENT', 'FUNDAMENTALS OF ENTERPRISE RESOURCE PLANNING', 'HUMAN RESOURCE', 'MANAGEMENT RESEARCH PROJECT', 'HUMAN RESOURCE', 'MARKETING', 'SUPPLY CHAIN MANAGEMENT', 'FINANCE', 'STRATEGIC MANAGEMENT', 'INTERNATIONAL BUSINESS', 'HUMAN RESOURCE', 'MARKETING', 'SECTOR', 'SECTOR', 'ENTREPRENEURSHIP', 'ENTREPRENEURSHIP', 'SUPPLY CHAIN MANAGEMENT', 'FUNDAMENTALS OF ENTERPRISE RESOURCE PLANNING', 'PERSONALITY GROWTH LAB', 'ENTREPRENEURSHIP', 'FINANCE', 'FUNDAMENTALS OF ENTERPRISE RESOURCE PLANNING', 'SECTOR', 'ENTREPRENEURSHIP', 'MARKETING', 'INTERNATIONAL BUSINESS']
[2024-12-18 12:36:38,625 ] 267 root - INFO - Creating timetable for MBA-2 on Monday
[2024-12-18 12:36:38,626 ] 275 root - INFO - st: 08:00:00, et: 15:00:00, rs: 11:00:00, re: 12:00:00, tl: 60, pl: 120
[2024-12-18 12:36:38,626 ] 267 root - INFO - Creating timetable for MBA-2 on Tuesday
[2024-12-18 12:36:38,626 ] 275 root - INFO - st: 08:00:00, et: 15:00:00, rs: 11:00:00, re: 12:00:00, tl: 60, pl: 120
[2024-12-18 12:36:38,626 ] 336 root - INFO - Not enough time for practical, trying another subject
[2024-12-18 12:36:38,626 ] 267 root - INFO - Creating timetable for MBA-2 on Wednesday
[2024-12-18 12:36:38,626 ] 275 root - INFO - st: 08:00:00, et: 15:00:00, rs: 11:00:00, re: 12:00:00, tl: 60, pl: 120
[2024-12-18 12:36:38,626 ] 378 root - INFO - time is over
[2024-12-18 12:36:38,627 ] 267 root - INFO - Creating timetable for MBA-2 on Thursday
[2024-12-18 12:36:38,627 ] 275 root - INFO - st: 08:00:00, et: 15:00:00, rs: 11:00:00, re: 12:00:00, tl: 60, pl: 120
[2024-12-18 12:36:38,627 ] 344 root - INFO - J.P. Patel is already booked for 09:00:00 on Thursday. Finding a new teacher.
[2024-12-18 12:36:38,627 ] 344 root - INFO - J.P. Patel is already booked for 14:00:00 on Thursday. Finding a new teacher.
[2024-12-18 12:36:38,627 ] 267 root - INFO - Creating timetable for MBA-2 on Friday
[2024-12-18 12:36:38,627 ] 275 root - INFO - st: 08:00:00, et: 15:00:00, rs: 11:00:00, re: 12:00:00, tl: 60, pl: 120
[2024-12-18 12:36:38,627 ] 344 root - INFO - A.R. Rao is already booked for 12:00:00 on Friday. Finding a new teacher.
[2024-12-18 12:36:38,628 ] 267 root - INFO - Creating timetable for MBA-2 on Saturday
[2024-12-18 12:36:38,628 ] 275 root - INFO - st: 08:00:00, et: 15:00:00, rs: 11:00:00, re: 12:00:00, tl: 60, pl: 120
[2024-12-18 12:36:38,628 ] 344 root - INFO - H.K. Shrivastav is already booked for 08:00:00 on Saturday. Finding a new teacher.
[2024-12-18 12:36:38,628 ] 385 root - INFO - teacher workload: {'D.G. Patel': 11, 'R.S. Prajapati': 10, 'P.K. Patel': 9, 'S.K. Mishra': 10, 'V.P. Paul': 8, 'S.I. Shah': 8, 'I.M.Khare': 11, 'H.K. Shrivastav': 16, 'A.R. Rao': 10, 'P.J. Jha': 12, 'G.S. Desai': 12, 'H.K. Patel': 11, 'J.P. Patel': 10, 'P.K. Solanki': 6}
[2024-12-18 12:36:38,628 ] 97 werkzeug - INFO - 127.0.0.1 - - [18/Dec/2024 12:36:38] "[32mPOST /upload HTTP/1.1[0m" 302 -
[2024-12-18 12:36:38,681 ] 97 werkzeug - INFO - 127.0.0.1 - - [18/Dec/2024 12:36:38] "GET /index HTTP/1.1" 200 -
[2024-12-18 12:36:38,734 ] 97 werkzeug - INFO - 127.0.0.1 - - [18/Dec/2024 12:36:38] "[36mGET /static/images/MCA-2.jpg HTTP/1.1[0m" 304 -
[2024-12-18 12:36:38,736 ] 97 werkzeug - INFO - 127.0.0.1 - - [18/Dec/2024 12:36:38] "[36mGET /static/images/MCA-1.jpg HTTP/1.1[0m" 304 -
[2024-12-18 12:36:38,742 ] 97 werkzeug - INFO - 127.0.0.1 - - [18/Dec/2024 12:36:38] "[36mGET /static/images/MBA-2.jpg HTTP/1.1[0m" 304 -
[2024-12-18 12:36:38,746 ] 97 werkzeug - INFO - 127.0.0.1 - - [18/Dec/2024 12:36:38] "[36mGET /static/images/MBA-1.jpg HTTP/1.1[0m" 304 -
[2024-12-18 12:36:43,888 ] 97 werkzeug - INFO - 127.0.0.1 - - [18/Dec/2024 12:36:43] "POST /get_timetable HTTP/1.1" 200 -
