[2024-12-10 12:32:13,116 ] 97 werkzeug - WARNING -  * Debugger is active!
[2024-12-10 12:32:13,118 ] 97 werkzeug - INFO -  * Debugger PIN: 291-304-962
[2024-12-10 12:32:16,272 ] 97 werkzeug - INFO - 127.0.0.1 - - [10/Dec/2024 12:32:16] "GET /upload HTTP/1.1" 200 -
[2024-12-10 12:32:19,013 ] 97 werkzeug - INFO - 127.0.0.1 - - [10/Dec/2024 12:32:19] "GET / HTTP/1.1" 200 -
[2024-12-10 12:32:19,042 ] 97 werkzeug - INFO - 127.0.0.1 - - [10/Dec/2024 12:32:19] "[36mGET /static/images/pexels-jplenio-1103970.jpg HTTP/1.1[0m" 304 -
[2024-12-10 12:32:28,459 ] 97 werkzeug - INFO - 127.0.0.1 - - [10/Dec/2024 12:32:28] "[32mPOST /authenticate HTTP/1.1[0m" 302 -
[2024-12-10 12:32:28,468 ] 97 werkzeug - INFO - 127.0.0.1 - - [10/Dec/2024 12:32:28] "GET /upload HTTP/1.1" 200 -
[2024-12-10 12:32:28,536 ] 97 werkzeug - INFO - 127.0.0.1 - - [10/Dec/2024 12:32:28] "[36mGET /static/images/pexels-jplenio-1103970.jpg HTTP/1.1[0m" 304 -
[2024-12-10 12:32:36,407 ] 241 root - INFO - Subject options: ['JAVA PROGRAMMING', 'ALGORITHMS AND LOGIC DEVELOPMENT', 'COMPUTER FUNDAMENTALS AND NETWORKING', 'WEB DESIGNING AND DATABASE', 'PYTHON PROGRAMMING', 'DATABASE MANAGEMENT SYSTEM', 'FOUNDATIONS OF MATHEMATICS', 'LINUX FUNDAMENTAL WITH NETWORKING', 'PYTHON PROGRAMMING LAB', 'JAVA PROGRAMMING LAB']
[2024-12-10 12:32:36,408 ] 251 root - INFO - weighted_subjects: ['JAVA PROGRAMMING', 'JAVA PROGRAMMING', 'JAVA PROGRAMMING', 'JAVA PROGRAMMING', 'ALGORITHMS AND LOGIC DEVELOPMENT', 'ALGORITHMS AND LOGIC DEVELOPMENT', 'ALGORITHMS AND LOGIC DEVELOPMENT', 'ALGORITHMS AND LOGIC DEVELOPMENT', 'COMPUTER FUNDAMENTALS AND NETWORKING', 'COMPUTER FUNDAMENTALS AND NETWORKING', 'COMPUTER FUNDAMENTALS AND NETWORKING', 'COMPUTER FUNDAMENTALS AND NETWORKING', 'WEB DESIGNING AND DATABASE', 'WEB DESIGNING AND DATABASE', 'WEB DESIGNING AND DATABASE', 'WEB DESIGNING AND DATABASE', 'WEB DESIGNING AND DATABASE', 'PYTHON PROGRAMMING', 'PYTHON PROGRAMMING', 'PYTHON PROGRAMMING', 'PYTHON PROGRAMMING', 'PYTHON PROGRAMMING', 'DATABASE MANAGEMENT SYSTEM', 'DATABASE MANAGEMENT SYSTEM', 'DATABASE MANAGEMENT SYSTEM', 'DATABASE MANAGEMENT SYSTEM', 'DATABASE MANAGEMENT SYSTEM', 'FOUNDATIONS OF MATHEMATICS', 'FOUNDATIONS OF MATHEMATICS', 'LINUX FUNDAMENTAL WITH NETWORKING', 'LINUX FUNDAMENTAL WITH NETWORKING', 'LINUX FUNDAMENTAL WITH NETWORKING', 'PYTHON PROGRAMMING LAB', 'JAVA PROGRAMMING LAB']
[2024-12-10 12:32:36,408 ] 254 root - INFO - weighted_subjects: ['FOUNDATIONS OF MATHEMATICS', 'COMPUTER FUNDAMENTALS AND NETWORKING', 'DATABASE MANAGEMENT SYSTEM', 'DATABASE MANAGEMENT SYSTEM', 'PYTHON PROGRAMMING', 'COMPUTER FUNDAMENTALS AND NETWORKING', 'DATABASE MANAGEMENT SYSTEM', 'JAVA PROGRAMMING', 'ALGORITHMS AND LOGIC DEVELOPMENT', 'WEB DESIGNING AND DATABASE', 'PYTHON PROGRAMMING', 'COMPUTER FUNDAMENTALS AND NETWORKING', 'ALGORITHMS AND LOGIC DEVELOPMENT', 'WEB DESIGNING AND DATABASE', 'ALGORITHMS AND LOGIC DEVELOPMENT', 'PYTHON PROGRAMMING', 'PYTHON PROGRAMMING LAB', 'WEB DESIGNING AND DATABASE', 'LINUX FUNDAMENTAL WITH NETWORKING', 'COMPUTER FUNDAMENTALS AND NETWORKING', 'DATABASE MANAGEMENT SYSTEM', 'JAVA PROGRAMMING', 'JAVA PROGRAMMING LAB', 'FOUNDATIONS OF MATHEMATICS', 'PYTHON PROGRAMMING', 'WEB DESIGNING AND DATABASE', 'PYTHON PROGRAMMING', 'ALGORITHMS AND LOGIC DEVELOPMENT', 'DATABASE MANAGEMENT SYSTEM', 'JAVA PROGRAMMING', 'LINUX FUNDAMENTAL WITH NETWORKING', 'JAVA PROGRAMMING', 'LINUX FUNDAMENTAL WITH NETWORKING', 'WEB DESIGNING AND DATABASE']
[2024-12-10 12:32:36,408 ] 259 root - INFO - Creating timetable for MCA-1 on Monday
[2024-12-10 12:32:36,408 ] 267 root - INFO - st: 09:00:00, et: 16:00:00, rs: 12:00:00, re: 13:00:00, tl: 60, pl: 120
[2024-12-10 12:32:36,408 ] 259 root - INFO - Creating timetable for MCA-1 on Tuesday
[2024-12-10 12:32:36,408 ] 267 root - INFO - st: 09:00:00, et: 16:00:00, rs: 12:00:00, re: 13:00:00, tl: 60, pl: 120
[2024-12-10 12:32:36,408 ] 259 root - INFO - Creating timetable for MCA-1 on Wednesday
[2024-12-10 12:32:36,408 ] 267 root - INFO - st: 09:00:00, et: 16:00:00, rs: 12:00:00, re: 13:00:00, tl: 60, pl: 120
[2024-12-10 12:32:36,408 ] 259 root - INFO - Creating timetable for MCA-1 on Thursday
[2024-12-10 12:32:36,409 ] 267 root - INFO - st: 09:00:00, et: 16:00:00, rs: 12:00:00, re: 13:00:00, tl: 60, pl: 120
[2024-12-10 12:32:36,409 ] 259 root - INFO - Creating timetable for MCA-1 on Friday
[2024-12-10 12:32:36,409 ] 267 root - INFO - st: 09:00:00, et: 16:00:00, rs: 12:00:00, re: 13:00:00, tl: 60, pl: 120
[2024-12-10 12:32:36,409 ] 259 root - INFO - Creating timetable for MCA-1 on Saturday
[2024-12-10 12:32:36,409 ] 267 root - INFO - st: 09:00:00, et: 16:00:00, rs: 12:00:00, re: 13:00:00, tl: 60, pl: 120
[2024-12-10 12:32:36,409 ] 378 root - INFO - teacher workload: {'P.K. Patel': 5, 'D.G. Patel': 6, 'I.M.Khare': 5, 'S.I. Shah': 4, 'V.P. Paul': 6, 'R.S. Prajapati': 5, 'S.K. Mishra': 5}
[2024-12-10 12:32:36,409 ] 241 root - INFO - Subject options: ['ADVANCED DATABASE MANAGEMENT SYSTEM', 'WEB TECHNOLOGIES DEVELOPMENT USING PHP', 'DEVOPS, DESIGN AND ANALYSIS OF ALGORITHMS', 'ENTREPRENEURSHIP', 'HUMAN VALUES PROFESSIONAL ETHICS', 'IOS APPLICATION DEVELOPMENT', 'TESTING AND AUTOMATION REST API', 'WEB TECHNOLOGIES DEVELOPMENT USING SPRING', 'BLOCKCHAIN TECHNOLOGY-II', 'BIG DATA ANALYTICS-II', 'CLOUD COMPUTING-II', 'DATA SCIENCE-II', 'FUNDAMENTAL OF INFORMATION SYSTEMS AUDIT', 'IOT  ADVANCED', 'MACHINE LEARNING-II', 'MOBILE TESTING AUTOMATION', 'SYSTEM DEVELOPMENT PROJECT - I', 'DATABASE LAB', 'PROGRAMMING LAB']
[2024-12-10 12:32:36,409 ] 251 root - INFO - weighted_subjects: ['ADVANCED DATABASE MANAGEMENT SYSTEM', 'ADVANCED DATABASE MANAGEMENT SYSTEM', 'ADVANCED DATABASE MANAGEMENT SYSTEM', 'WEB TECHNOLOGIES DEVELOPMENT USING PHP', 'WEB TECHNOLOGIES DEVELOPMENT USING PHP', 'DEVOPS, DESIGN AND ANALYSIS OF ALGORITHMS', 'DEVOPS, DESIGN AND ANALYSIS OF ALGORITHMS', 'DEVOPS, DESIGN AND ANALYSIS OF ALGORITHMS', 'ENTREPRENEURSHIP', 'ENTREPRENEURSHIP', 'ENTREPRENEURSHIP', 'ENTREPRENEURSHIP', 'ENTREPRENEURSHIP', 'HUMAN VALUES PROFESSIONAL ETHICS', 'HUMAN VALUES PROFESSIONAL ETHICS', 'IOS APPLICATION DEVELOPMENT', 'TESTING AND AUTOMATION REST API', 'WEB TECHNOLOGIES DEVELOPMENT USING SPRING', 'WEB TECHNOLOGIES DEVELOPMENT USING SPRING', 'BLOCKCHAIN TECHNOLOGY-II', 'BLOCKCHAIN TECHNOLOGY-II', 'BLOCKCHAIN TECHNOLOGY-II', 'BIG DATA ANALYTICS-II', 'BIG DATA ANALYTICS-II', 'CLOUD COMPUTING-II', 'CLOUD COMPUTING-II', 'DATA SCIENCE-II', 'FUNDAMENTAL OF INFORMATION SYSTEMS AUDIT', 'IOT  ADVANCED', 'MACHINE LEARNING-II', 'MOBILE TESTING AUTOMATION', 'MOBILE TESTING AUTOMATION', 'SYSTEM DEVELOPMENT PROJECT - I', 'DATABASE LAB', 'PROGRAMMING LAB']
[2024-12-10 12:32:36,409 ] 254 root - INFO - weighted_subjects: ['ENTREPRENEURSHIP', 'WEB TECHNOLOGIES DEVELOPMENT USING SPRING', 'HUMAN VALUES PROFESSIONAL ETHICS', 'DATABASE LAB', 'DATA SCIENCE-II', 'WEB TECHNOLOGIES DEVELOPMENT USING SPRING', 'IOS APPLICATION DEVELOPMENT', 'ENTREPRENEURSHIP', 'ADVANCED DATABASE MANAGEMENT SYSTEM', 'DEVOPS, DESIGN AND ANALYSIS OF ALGORITHMS', 'WEB TECHNOLOGIES DEVELOPMENT USING PHP', 'PROGRAMMING LAB', 'CLOUD COMPUTING-II', 'ENTREPRENEURSHIP', 'ENTREPRENEURSHIP', 'MOBILE TESTING AUTOMATION', 'ADVANCED DATABASE MANAGEMENT SYSTEM', 'BLOCKCHAIN TECHNOLOGY-II', 'DEVOPS, DESIGN AND ANALYSIS OF ALGORITHMS', 'MACHINE LEARNING-II', 'SYSTEM DEVELOPMENT PROJECT - I', 'CLOUD COMPUTING-II', 'DEVOPS, DESIGN AND ANALYSIS OF ALGORITHMS', 'FUNDAMENTAL OF INFORMATION SYSTEMS AUDIT', 'IOT  ADVANCED', 'TESTING AND AUTOMATION REST API', 'BIG DATA ANALYTICS-II', 'ADVANCED DATABASE MANAGEMENT SYSTEM', 'HUMAN VALUES PROFESSIONAL ETHICS', 'MOBILE TESTING AUTOMATION', 'WEB TECHNOLOGIES DEVELOPMENT USING PHP', 'BLOCKCHAIN TECHNOLOGY-II', 'ENTREPRENEURSHIP', 'BIG DATA ANALYTICS-II', 'BLOCKCHAIN TECHNOLOGY-II']
[2024-12-10 12:32:36,409 ] 259 root - INFO - Creating timetable for MCA-2 on Monday
[2024-12-10 12:32:36,409 ] 267 root - INFO - st: 09:00:00, et: 16:00:00, rs: 12:00:00, re: 13:00:00, tl: 60, pl: 120
[2024-12-10 12:32:36,409 ] 337 root - INFO - P.K. Patel is already booked for 09:00:00 on Monday. Finding a new teacher.
[2024-12-10 12:32:36,409 ] 259 root - INFO - Creating timetable for MCA-2 on Tuesday
[2024-12-10 12:32:36,410 ] 267 root - INFO - st: 09:00:00, et: 16:00:00, rs: 12:00:00, re: 13:00:00, tl: 60, pl: 120
[2024-12-10 12:32:36,410 ] 337 root - INFO - S.K. Mishra is already booked for 14:00:00 on Tuesday. Finding a new teacher.
[2024-12-10 12:32:36,410 ] 259 root - INFO - Creating timetable for MCA-2 on Wednesday
[2024-12-10 12:32:36,410 ] 267 root - INFO - st: 09:00:00, et: 16:00:00, rs: 12:00:00, re: 13:00:00, tl: 60, pl: 120
[2024-12-10 12:32:36,410 ] 337 root - INFO - R.S. Prajapati is already booked for 09:00:00 on Wednesday. Finding a new teacher.
[2024-12-10 12:32:36,410 ] 337 root - INFO - V.P. Paul is already booked for 14:00:00 on Wednesday. Finding a new teacher.
[2024-12-10 12:32:36,410 ] 259 root - INFO - Creating timetable for MCA-2 on Thursday
[2024-12-10 12:32:36,410 ] 267 root - INFO - st: 09:00:00, et: 16:00:00, rs: 12:00:00, re: 13:00:00, tl: 60, pl: 120
[2024-12-10 12:32:36,410 ] 337 root - INFO - S.I. Shah is already booked for 10:00:00 on Thursday. Finding a new teacher.
[2024-12-10 12:32:36,410 ] 329 root - INFO - Not enough time for practical, trying another subject
[2024-12-10 12:32:36,410 ] 259 root - INFO - Creating timetable for MCA-2 on Friday
[2024-12-10 12:32:36,410 ] 267 root - INFO - st: 09:00:00, et: 16:00:00, rs: 12:00:00, re: 13:00:00, tl: 60, pl: 120
[2024-12-10 12:32:36,411 ] 337 root - INFO - S.I. Shah is already booked for 09:00:00 on Friday. Finding a new teacher.
[2024-12-10 12:32:36,413 ] 259 root - INFO - Creating timetable for MCA-2 on Saturday
[2024-12-10 12:32:36,413 ] 267 root - INFO - st: 09:00:00, et: 16:00:00, rs: 12:00:00, re: 13:00:00, tl: 60, pl: 120
[2024-12-10 12:32:36,414 ] 378 root - INFO - teacher workload: {'P.K. Patel': 9, 'D.G. Patel': 10, 'I.M.Khare': 10, 'S.I. Shah': 10, 'V.P. Paul': 9, 'R.S. Prajapati': 10, 'S.K. Mishra': 9, 'A.R. Rao': 3, 'H.K. Shrivastav': 2}
[2024-12-10 12:32:36,414 ] 241 root - INFO - Subject options: ['PRINCIPLES OF MANAGEMENT', 'QUANTITATIVE TECHNIQUES IN MANAGEMENT', 'MANAGERIAL ECONOMICS', 'MANAGERIAL ACCOUNTING', 'ORGANISATIONAL BEHAVIOUR', 'MANAGERIAL COMMUNICATION', 'RESEARCH DESIGN FOR MANAGEMENT', 'COMMUNICATIVE ENGLISH LABORATORY', 'RESEARCH DESIGN LABORATORY']
[2024-12-10 12:32:36,414 ] 251 root - INFO - weighted_subjects: ['PRINCIPLES OF MANAGEMENT', 'PRINCIPLES OF MANAGEMENT', 'PRINCIPLES OF MANAGEMENT', 'PRINCIPLES OF MANAGEMENT', 'QUANTITATIVE TECHNIQUES IN MANAGEMENT', 'QUANTITATIVE TECHNIQUES IN MANAGEMENT', 'QUANTITATIVE TECHNIQUES IN MANAGEMENT', 'QUANTITATIVE TECHNIQUES IN MANAGEMENT', 'QUANTITATIVE TECHNIQUES IN MANAGEMENT', 'MANAGERIAL ECONOMICS', 'MANAGERIAL ECONOMICS', 'MANAGERIAL ECONOMICS', 'MANAGERIAL ECONOMICS', 'MANAGERIAL ACCOUNTING', 'MANAGERIAL ACCOUNTING', 'MANAGERIAL ACCOUNTING', 'ORGANISATIONAL BEHAVIOUR', 'ORGANISATIONAL BEHAVIOUR', 'MANAGERIAL COMMUNICATION', 'MANAGERIAL COMMUNICATION', 'MANAGERIAL COMMUNICATION', 'MANAGERIAL COMMUNICATION', 'MANAGERIAL COMMUNICATION', 'RESEARCH DESIGN FOR MANAGEMENT', 'RESEARCH DESIGN FOR MANAGEMENT', 'RESEARCH DESIGN FOR MANAGEMENT', 'RESEARCH DESIGN FOR MANAGEMENT', 'RESEARCH DESIGN FOR MANAGEMENT', 'COMMUNICATIVE ENGLISH LABORATORY', 'COMMUNICATIVE ENGLISH LABORATORY', 'RESEARCH DESIGN LABORATORY', 'RESEARCH DESIGN LABORATORY']
[2024-12-10 12:32:36,414 ] 254 root - INFO - weighted_subjects: ['PRINCIPLES OF MANAGEMENT', 'MANAGERIAL COMMUNICATION', 'MANAGERIAL ECONOMICS', 'MANAGERIAL ECONOMICS', 'QUANTITATIVE TECHNIQUES IN MANAGEMENT', 'RESEARCH DESIGN FOR MANAGEMENT', 'QUANTITATIVE TECHNIQUES IN MANAGEMENT', 'RESEARCH DESIGN FOR MANAGEMENT', 'MANAGERIAL ACCOUNTING', 'ORGANISATIONAL BEHAVIOUR', 'MANAGERIAL ECONOMICS', 'MANAGERIAL COMMUNICATION', 'QUANTITATIVE TECHNIQUES IN MANAGEMENT', 'PRINCIPLES OF MANAGEMENT', 'MANAGERIAL ECONOMICS', 'MANAGERIAL COMMUNICATION', 'COMMUNICATIVE ENGLISH LABORATORY', 'PRINCIPLES OF MANAGEMENT', 'RESEARCH DESIGN LABORATORY', 'RESEARCH DESIGN FOR MANAGEMENT', 'COMMUNICATIVE ENGLISH LABORATORY', 'RESEARCH DESIGN FOR MANAGEMENT', 'MANAGERIAL ACCOUNTING', 'MANAGERIAL COMMUNICATION', 'ORGANISATIONAL BEHAVIOUR', 'RESEARCH DESIGN LABORATORY', 'RESEARCH DESIGN FOR MANAGEMENT', 'MANAGERIAL COMMUNICATION', 'MANAGERIAL ACCOUNTING', 'PRINCIPLES OF MANAGEMENT', 'QUANTITATIVE TECHNIQUES IN MANAGEMENT', 'QUANTITATIVE TECHNIQUES IN MANAGEMENT']
[2024-12-10 12:32:36,415 ] 259 root - INFO - Creating timetable for MBA-1 on Monday
[2024-12-10 12:32:36,415 ] 267 root - INFO - st: 08:00:00, et: 15:00:00, rs: 11:00:00, re: 12:00:00, tl: 60, pl: 120
[2024-12-10 12:32:36,416 ] 259 root - INFO - Creating timetable for MBA-1 on Tuesday
[2024-12-10 12:32:36,416 ] 267 root - INFO - st: 08:00:00, et: 15:00:00, rs: 11:00:00, re: 12:00:00, tl: 60, pl: 120
[2024-12-10 12:32:36,416 ] 259 root - INFO - Creating timetable for MBA-1 on Wednesday
[2024-12-10 12:32:36,416 ] 267 root - INFO - st: 08:00:00, et: 15:00:00, rs: 11:00:00, re: 12:00:00, tl: 60, pl: 120
[2024-12-10 12:32:36,416 ] 329 root - INFO - Not enough time for practical, trying another subject
[2024-12-10 12:32:36,416 ] 259 root - INFO - Creating timetable for MBA-1 on Thursday
[2024-12-10 12:32:36,416 ] 267 root - INFO - st: 08:00:00, et: 15:00:00, rs: 11:00:00, re: 12:00:00, tl: 60, pl: 120
[2024-12-10 12:32:36,417 ] 371 root - INFO - time is over
[2024-12-10 12:32:36,417 ] 259 root - INFO - Creating timetable for MBA-1 on Friday
[2024-12-10 12:32:36,417 ] 267 root - INFO - st: 08:00:00, et: 15:00:00, rs: 11:00:00, re: 12:00:00, tl: 60, pl: 120
[2024-12-10 12:32:36,417 ] 259 root - INFO - Creating timetable for MBA-1 on Saturday
[2024-12-10 12:32:36,417 ] 267 root - INFO - st: 08:00:00, et: 15:00:00, rs: 11:00:00, re: 12:00:00, tl: 60, pl: 120
[2024-12-10 12:32:36,417 ] 329 root - INFO - Not enough time for practical, trying another subject
[2024-12-10 12:32:36,417 ] 378 root - INFO - teacher workload: {'P.K. Patel': 9, 'D.G. Patel': 10, 'I.M.Khare': 10, 'S.I. Shah': 10, 'V.P. Paul': 9, 'R.S. Prajapati': 10, 'S.K. Mishra': 9, 'A.R. Rao': 5, 'H.K. Shrivastav': 7, 'P.J. Jha': 7, 'G.S. Desai': 7, 'J.P. Patel': 6, 'H.K. Patel': 5, 'P.K. Solanki': 4}
[2024-12-10 12:32:36,417 ] 241 root - INFO - Subject options: ['STRATEGIC MANAGEMENT', 'FUNDAMENTALS OF ENTERPRISE RESOURCE PLANNING', 'MARKETING', 'FINANCE', 'HUMAN RESOURCE', 'INTERNATIONAL BUSINESS', 'ENTREPRENEURSHIP', 'SUPPLY CHAIN MANAGEMENT', 'SECTOR', 'PERSONALITY GROWTH LAB', 'MANAGEMENT RESEARCH PROJECT']
[2024-12-10 12:32:36,417 ] 251 root - INFO - weighted_subjects: ['STRATEGIC MANAGEMENT', 'STRATEGIC MANAGEMENT', 'STRATEGIC MANAGEMENT', 'FUNDAMENTALS OF ENTERPRISE RESOURCE PLANNING', 'FUNDAMENTALS OF ENTERPRISE RESOURCE PLANNING', 'FUNDAMENTALS OF ENTERPRISE RESOURCE PLANNING', 'MARKETING', 'MARKETING', 'MARKETING', 'MARKETING', 'FINANCE', 'FINANCE', 'FINANCE', 'FINANCE', 'HUMAN RESOURCE', 'HUMAN RESOURCE', 'HUMAN RESOURCE', 'INTERNATIONAL BUSINESS', 'INTERNATIONAL BUSINESS', 'INTERNATIONAL BUSINESS', 'ENTREPRENEURSHIP', 'ENTREPRENEURSHIP', 'ENTREPRENEURSHIP', 'ENTREPRENEURSHIP', 'ENTREPRENEURSHIP', 'SUPPLY CHAIN MANAGEMENT', 'SUPPLY CHAIN MANAGEMENT', 'SUPPLY CHAIN MANAGEMENT', 'SECTOR', 'SECTOR', 'SECTOR', 'SECTOR', 'PERSONALITY GROWTH LAB', 'MANAGEMENT RESEARCH PROJECT']
[2024-12-10 12:32:36,417 ] 254 root - INFO - weighted_subjects: ['FINANCE', 'MANAGEMENT RESEARCH PROJECT', 'ENTREPRENEURSHIP', 'MARKETING', 'PERSONALITY GROWTH LAB', 'ENTREPRENEURSHIP', 'ENTREPRENEURSHIP', 'FINANCE', 'INTERNATIONAL BUSINESS', 'SUPPLY CHAIN MANAGEMENT', 'INTERNATIONAL BUSINESS', 'HUMAN RESOURCE', 'MARKETING', 'INTERNATIONAL BUSINESS', 'SECTOR', 'FINANCE', 'STRATEGIC MANAGEMENT', 'FUNDAMENTALS OF ENTERPRISE RESOURCE PLANNING', 'SECTOR', 'FUNDAMENTALS OF ENTERPRISE RESOURCE PLANNING', 'SECTOR', 'HUMAN RESOURCE', 'ENTREPRENEURSHIP', 'ENTREPRENEURSHIP', 'MARKETING', 'FINANCE', 'SUPPLY CHAIN MANAGEMENT', 'HUMAN RESOURCE', 'STRATEGIC MANAGEMENT', 'SUPPLY CHAIN MANAGEMENT', 'STRATEGIC MANAGEMENT', 'SECTOR', 'MARKETING', 'FUNDAMENTALS OF ENTERPRISE RESOURCE PLANNING']
[2024-12-10 12:32:36,417 ] 259 root - INFO - Creating timetable for MBA-2 on Monday
[2024-12-10 12:32:36,418 ] 267 root - INFO - st: 08:00:00, et: 15:00:00, rs: 11:00:00, re: 12:00:00, tl: 60, pl: 120
[2024-12-10 12:32:36,418 ] 337 root - INFO - G.S. Desai is already booked for 12:00:00 on Monday. Finding a new teacher.
[2024-12-10 12:32:36,418 ] 337 root - INFO - A.R. Rao is already booked for 13:00:00 on Monday. Finding a new teacher.
[2024-12-10 12:32:36,418 ] 259 root - INFO - Creating timetable for MBA-2 on Tuesday
[2024-12-10 12:32:36,418 ] 267 root - INFO - st: 08:00:00, et: 15:00:00, rs: 11:00:00, re: 12:00:00, tl: 60, pl: 120
[2024-12-10 12:32:36,418 ] 371 root - INFO - time is over
[2024-12-10 12:32:36,418 ] 259 root - INFO - Creating timetable for MBA-2 on Wednesday
[2024-12-10 12:32:36,418 ] 267 root - INFO - st: 08:00:00, et: 15:00:00, rs: 11:00:00, re: 12:00:00, tl: 60, pl: 120
[2024-12-10 12:32:36,418 ] 259 root - INFO - Creating timetable for MBA-2 on Thursday
[2024-12-10 12:32:36,418 ] 267 root - INFO - st: 08:00:00, et: 15:00:00, rs: 11:00:00, re: 12:00:00, tl: 60, pl: 120
[2024-12-10 12:32:36,419 ] 329 root - INFO - Not enough time for practical, trying another subject
[2024-12-10 12:32:36,419 ] 259 root - INFO - Creating timetable for MBA-2 on Friday
[2024-12-10 12:32:36,419 ] 267 root - INFO - st: 08:00:00, et: 15:00:00, rs: 11:00:00, re: 12:00:00, tl: 60, pl: 120
[2024-12-10 12:32:36,419 ] 337 root - INFO - H.K. Patel is already booked for 12:00:00 on Friday. Finding a new teacher.
[2024-12-10 12:32:36,419 ] 337 root - INFO - H.K. Shrivastav is already booked for 13:00:00 on Friday. Finding a new teacher.
[2024-12-10 12:32:36,419 ] 371 root - INFO - time is over
[2024-12-10 12:32:36,419 ] 259 root - INFO - Creating timetable for MBA-2 on Saturday
[2024-12-10 12:32:36,419 ] 267 root - INFO - st: 08:00:00, et: 15:00:00, rs: 11:00:00, re: 12:00:00, tl: 60, pl: 120
[2024-12-10 12:32:36,419 ] 337 root - INFO - H.K. Shrivastav is already booked for 10:00:00 on Saturday. Finding a new teacher.
[2024-12-10 12:32:36,419 ] 337 root - INFO - H.K. Shrivastav is already booked for 13:00:00 on Saturday. Finding a new teacher.
[2024-12-10 12:32:36,419 ] 378 root - INFO - teacher workload: {'P.K. Patel': 9, 'D.G. Patel': 10, 'I.M.Khare': 10, 'S.I. Shah': 10, 'V.P. Paul': 9, 'R.S. Prajapati': 10, 'S.K. Mishra': 9, 'A.R. Rao': 12, 'H.K. Shrivastav': 11, 'P.J. Jha': 11, 'G.S. Desai': 13, 'J.P. Patel': 11, 'H.K. Patel': 9, 'P.K. Solanki': 10}
[2024-12-10 12:32:36,420 ] 97 werkzeug - INFO - 127.0.0.1 - - [10/Dec/2024 12:32:36] "[32mPOST /upload HTTP/1.1[0m" 302 -
[2024-12-10 12:32:36,433 ] 97 werkzeug - INFO - 127.0.0.1 - - [10/Dec/2024 12:32:36] "GET /index HTTP/1.1" 200 -
[2024-12-10 12:32:36,463 ] 97 werkzeug - INFO - 127.0.0.1 - - [10/Dec/2024 12:32:36] "[36mGET /static/images/MCA-1.jpg HTTP/1.1[0m" 304 -
[2024-12-10 12:32:36,466 ] 97 werkzeug - INFO - 127.0.0.1 - - [10/Dec/2024 12:32:36] "[36mGET /static/images/MCA-2.jpg HTTP/1.1[0m" 304 -
[2024-12-10 12:32:36,473 ] 97 werkzeug - INFO - 127.0.0.1 - - [10/Dec/2024 12:32:36] "[36mGET /static/images/MBA-1.jpg HTTP/1.1[0m" 304 -
[2024-12-10 12:32:36,473 ] 97 werkzeug - INFO - 127.0.0.1 - - [10/Dec/2024 12:32:36] "[36mGET /static/images/MBA-2.jpg HTTP/1.1[0m" 304 -
[2024-12-10 12:32:40,654 ] 97 werkzeug - INFO - 127.0.0.1 - - [10/Dec/2024 12:32:40] "POST /get_timetable HTTP/1.1" 200 -
