[2024-12-09 16:01:30,771 ] 97 werkzeug - WARNING -  * Debugger is active!
[2024-12-09 16:01:30,772 ] 97 werkzeug - INFO -  * Debugger PIN: 291-304-962
[2024-12-09 16:01:35,249 ] 97 werkzeug - INFO - 127.0.0.1 - - [09/Dec/2024 16:01:35] "GET /upload HTTP/1.1" 200 -
[2024-12-09 16:01:37,948 ] 97 werkzeug - INFO - 127.0.0.1 - - [09/Dec/2024 16:01:37] "GET / HTTP/1.1" 200 -
[2024-12-09 16:01:37,964 ] 97 werkzeug - INFO - 127.0.0.1 - - [09/Dec/2024 16:01:37] "[36mGET /static/images/pexels-jplenio-1103970.jpg HTTP/1.1[0m" 304 -
[2024-12-09 16:01:52,927 ] 97 werkzeug - INFO - 127.0.0.1 - - [09/Dec/2024 16:01:52] "[32mPOST /authenticate HTTP/1.1[0m" 302 -
[2024-12-09 16:01:52,933 ] 97 werkzeug - INFO - 127.0.0.1 - - [09/Dec/2024 16:01:52] "GET /upload HTTP/1.1" 200 -
[2024-12-09 16:01:52,962 ] 97 werkzeug - INFO - 127.0.0.1 - - [09/Dec/2024 16:01:52] "[36mGET /static/images/pexels-jplenio-1103970.jpg HTTP/1.1[0m" 304 -
[2024-12-09 16:02:04,530 ] 249 root - INFO - Subject options: ['JAVA PROGRAMMING', 'ALGORITHMS AND LOGIC DEVELOPMENT', 'COMPUTER FUNDAMENTALS AND NETWORKING', 'WEB DESIGNING AND DATABASE', 'PYTHON PROGRAMMING', 'DATABASE MANAGEMENT SYSTEM', 'FOUNDATIONS OF MATHEMATICS', 'LINUX FUNDAMENTAL WITH NETWORKING', 'PYTHON PROGRAMMING LAB', 'JAVA PROGRAMMING LAB']
[2024-12-09 16:02:04,530 ] 259 root - INFO - weighted_subjects: ['JAVA PROGRAMMING', 'JAVA PROGRAMMING', 'JAVA PROGRAMMING', 'JAVA PROGRAMMING', 'ALGORITHMS AND LOGIC DEVELOPMENT', 'ALGORITHMS AND LOGIC DEVELOPMENT', 'ALGORITHMS AND LOGIC DEVELOPMENT', 'ALGORITHMS AND LOGIC DEVELOPMENT', 'COMPUTER FUNDAMENTALS AND NETWORKING', 'COMPUTER FUNDAMENTALS AND NETWORKING', 'COMPUTER FUNDAMENTALS AND NETWORKING', 'COMPUTER FUNDAMENTALS AND NETWORKING', 'WEB DESIGNING AND DATABASE', 'WEB DESIGNING AND DATABASE', 'WEB DESIGNING AND DATABASE', 'WEB DESIGNING AND DATABASE', 'WEB DESIGNING AND DATABASE', 'PYTHON PROGRAMMING', 'PYTHON PROGRAMMING', 'PYTHON PROGRAMMING', 'PYTHON PROGRAMMING', 'PYTHON PROGRAMMING', 'DATABASE MANAGEMENT SYSTEM', 'DATABASE MANAGEMENT SYSTEM', 'DATABASE MANAGEMENT SYSTEM', 'DATABASE MANAGEMENT SYSTEM', 'DATABASE MANAGEMENT SYSTEM', 'FOUNDATIONS OF MATHEMATICS', 'FOUNDATIONS OF MATHEMATICS', 'LINUX FUNDAMENTAL WITH NETWORKING', 'LINUX FUNDAMENTAL WITH NETWORKING', 'LINUX FUNDAMENTAL WITH NETWORKING', 'PYTHON PROGRAMMING LAB', 'JAVA PROGRAMMING LAB']
[2024-12-09 16:02:04,530 ] 262 root - INFO - weighted_subjects: ['LINUX FUNDAMENTAL WITH NETWORKING', 'PYTHON PROGRAMMING', 'JAVA PROGRAMMING', 'ALGORITHMS AND LOGIC DEVELOPMENT', 'WEB DESIGNING AND DATABASE', 'DATABASE MANAGEMENT SYSTEM', 'LINUX FUNDAMENTAL WITH NETWORKING', 'DATABASE MANAGEMENT SYSTEM', 'JAVA PROGRAMMING', 'DATABASE MANAGEMENT SYSTEM', 'PYTHON PROGRAMMING', 'COMPUTER FUNDAMENTALS AND NETWORKING', 'ALGORITHMS AND LOGIC DEVELOPMENT', 'COMPUTER FUNDAMENTALS AND NETWORKING', 'WEB DESIGNING AND DATABASE', 'FOUNDATIONS OF MATHEMATICS', 'DATABASE MANAGEMENT SYSTEM', 'DATABASE MANAGEMENT SYSTEM', 'JAVA PROGRAMMING', 'ALGORITHMS AND LOGIC DEVELOPMENT', 'PYTHON PROGRAMMING', 'PYTHON PROGRAMMING LAB', 'PYTHON PROGRAMMING', 'JAVA PROGRAMMING', 'WEB DESIGNING AND DATABASE', 'WEB DESIGNING AND DATABASE', 'JAVA PROGRAMMING LAB', 'COMPUTER FUNDAMENTALS AND NETWORKING', 'LINUX FUNDAMENTAL WITH NETWORKING', 'ALGORITHMS AND LOGIC DEVELOPMENT', 'WEB DESIGNING AND DATABASE', 'PYTHON PROGRAMMING', 'COMPUTER FUNDAMENTALS AND NETWORKING', 'FOUNDATIONS OF MATHEMATICS']
[2024-12-09 16:02:04,531 ] 267 root - INFO - Creating timetable for MCA-1 on Monday
[2024-12-09 16:02:04,531 ] 275 root - INFO - st: 09:00:00, et: 16:00:00, rs: 12:00:00, re: 13:00:00, tl: 60, pl: 120
[2024-12-09 16:02:04,531 ] 267 root - INFO - Creating timetable for MCA-1 on Tuesday
[2024-12-09 16:02:04,531 ] 275 root - INFO - st: 09:00:00, et: 16:00:00, rs: 12:00:00, re: 13:00:00, tl: 60, pl: 120
[2024-12-09 16:02:04,531 ] 267 root - INFO - Creating timetable for MCA-1 on Wednesday
[2024-12-09 16:02:04,531 ] 275 root - INFO - st: 09:00:00, et: 16:00:00, rs: 12:00:00, re: 13:00:00, tl: 60, pl: 120
[2024-12-09 16:02:04,531 ] 267 root - INFO - Creating timetable for MCA-1 on Thursday
[2024-12-09 16:02:04,531 ] 275 root - INFO - st: 09:00:00, et: 16:00:00, rs: 12:00:00, re: 13:00:00, tl: 60, pl: 120
[2024-12-09 16:02:04,531 ] 378 root - INFO - time is over
[2024-12-09 16:02:04,531 ] 267 root - INFO - Creating timetable for MCA-1 on Friday
[2024-12-09 16:02:04,531 ] 275 root - INFO - st: 09:00:00, et: 16:00:00, rs: 12:00:00, re: 13:00:00, tl: 60, pl: 120
[2024-12-09 16:02:04,532 ] 267 root - INFO - Creating timetable for MCA-1 on Saturday
[2024-12-09 16:02:04,532 ] 275 root - INFO - st: 09:00:00, et: 16:00:00, rs: 12:00:00, re: 13:00:00, tl: 60, pl: 120
[2024-12-09 16:02:04,532 ] 385 root - INFO - teacher workload: {'R.S. Prajapati': 6, 'S.I. Shah': 4, 'S.K. Mishra': 7, 'P.K. Patel': 3, 'I.M.Khare': 5, 'D.G. Patel': 7, 'V.P. Paul': 4}
[2024-12-09 16:02:04,532 ] 249 root - INFO - Subject options: ['ADVANCED DATABASE MANAGEMENT SYSTEM', 'WEB TECHNOLOGIES DEVELOPMENT USING PHP', 'DEVOPS, DESIGN AND ANALYSIS OF ALGORITHMS', 'ENTREPRENEURSHIP', 'HUMAN VALUES PROFESSIONAL ETHICS', 'IOS APPLICATION DEVELOPMENT', 'TESTING AND AUTOMATION REST API', 'WEB TECHNOLOGIES DEVELOPMENT USING SPRING', 'BLOCKCHAIN TECHNOLOGY-II', 'BIG DATA ANALYTICS-II', 'CLOUD COMPUTING-II', 'DATA SCIENCE-II', 'FUNDAMENTAL OF INFORMATION SYSTEMS AUDIT', 'IOT  ADVANCED', 'MACHINE LEARNING-II', 'MOBILE TESTING AUTOMATION', 'SYSTEM DEVELOPMENT PROJECT - I', 'DATABASE LAB', 'PROGRAMMING LAB']
[2024-12-09 16:02:04,532 ] 259 root - INFO - weighted_subjects: ['ADVANCED DATABASE MANAGEMENT SYSTEM', 'ADVANCED DATABASE MANAGEMENT SYSTEM', 'ADVANCED DATABASE MANAGEMENT SYSTEM', 'WEB TECHNOLOGIES DEVELOPMENT USING PHP', 'WEB TECHNOLOGIES DEVELOPMENT USING PHP', 'DEVOPS, DESIGN AND ANALYSIS OF ALGORITHMS', 'DEVOPS, DESIGN AND ANALYSIS OF ALGORITHMS', 'DEVOPS, DESIGN AND ANALYSIS OF ALGORITHMS', 'ENTREPRENEURSHIP', 'ENTREPRENEURSHIP', 'ENTREPRENEURSHIP', 'ENTREPRENEURSHIP', 'ENTREPRENEURSHIP', 'HUMAN VALUES PROFESSIONAL ETHICS', 'HUMAN VALUES PROFESSIONAL ETHICS', 'IOS APPLICATION DEVELOPMENT', 'TESTING AND AUTOMATION REST API', 'WEB TECHNOLOGIES DEVELOPMENT USING SPRING', 'WEB TECHNOLOGIES DEVELOPMENT USING SPRING', 'BLOCKCHAIN TECHNOLOGY-II', 'BLOCKCHAIN TECHNOLOGY-II', 'BLOCKCHAIN TECHNOLOGY-II', 'BIG DATA ANALYTICS-II', 'BIG DATA ANALYTICS-II', 'CLOUD COMPUTING-II', 'CLOUD COMPUTING-II', 'DATA SCIENCE-II', 'FUNDAMENTAL OF INFORMATION SYSTEMS AUDIT', 'IOT  ADVANCED', 'MACHINE LEARNING-II', 'MOBILE TESTING AUTOMATION', 'MOBILE TESTING AUTOMATION', 'SYSTEM DEVELOPMENT PROJECT - I', 'DATABASE LAB', 'PROGRAMMING LAB']
[2024-12-09 16:02:04,532 ] 262 root - INFO - weighted_subjects: ['ENTREPRENEURSHIP', 'WEB TECHNOLOGIES DEVELOPMENT USING PHP', 'BLOCKCHAIN TECHNOLOGY-II', 'ADVANCED DATABASE MANAGEMENT SYSTEM', 'HUMAN VALUES PROFESSIONAL ETHICS', 'BLOCKCHAIN TECHNOLOGY-II', 'DATABASE LAB', 'WEB TECHNOLOGIES DEVELOPMENT USING SPRING', 'DEVOPS, DESIGN AND ANALYSIS OF ALGORITHMS', 'WEB TECHNOLOGIES DEVELOPMENT USING PHP', 'TESTING AND AUTOMATION REST API', 'CLOUD COMPUTING-II', 'ENTREPRENEURSHIP', 'SYSTEM DEVELOPMENT PROJECT - I', 'WEB TECHNOLOGIES DEVELOPMENT USING SPRING', 'ENTREPRENEURSHIP', 'IOS APPLICATION DEVELOPMENT', 'ENTREPRENEURSHIP', 'BIG DATA ANALYTICS-II', 'FUNDAMENTAL OF INFORMATION SYSTEMS AUDIT', 'ENTREPRENEURSHIP', 'CLOUD COMPUTING-II', 'MOBILE TESTING AUTOMATION', 'MOBILE TESTING AUTOMATION', 'BLOCKCHAIN TECHNOLOGY-II', 'BIG DATA ANALYTICS-II', 'ADVANCED DATABASE MANAGEMENT SYSTEM', 'IOT  ADVANCED', 'PROGRAMMING LAB', 'DEVOPS, DESIGN AND ANALYSIS OF ALGORITHMS', 'DEVOPS, DESIGN AND ANALYSIS OF ALGORITHMS', 'MACHINE LEARNING-II', 'ADVANCED DATABASE MANAGEMENT SYSTEM', 'HUMAN VALUES PROFESSIONAL ETHICS', 'DATA SCIENCE-II']
[2024-12-09 16:02:04,532 ] 267 root - INFO - Creating timetable for MCA-2 on Monday
[2024-12-09 16:02:04,532 ] 275 root - INFO - st: 09:00:00, et: 16:00:00, rs: 12:00:00, re: 13:00:00, tl: 60, pl: 120
[2024-12-09 16:02:04,532 ] 267 root - INFO - Creating timetable for MCA-2 on Tuesday
[2024-12-09 16:02:04,532 ] 275 root - INFO - st: 09:00:00, et: 16:00:00, rs: 12:00:00, re: 13:00:00, tl: 60, pl: 120
[2024-12-09 16:02:04,532 ] 344 root - INFO - S.K. Mishra is already booked for 14:00:00 on Tuesday. Finding a new teacher.
[2024-12-09 16:02:04,532 ] 267 root - INFO - Creating timetable for MCA-2 on Wednesday
[2024-12-09 16:02:04,532 ] 275 root - INFO - st: 09:00:00, et: 16:00:00, rs: 12:00:00, re: 13:00:00, tl: 60, pl: 120
[2024-12-09 16:02:04,532 ] 267 root - INFO - Creating timetable for MCA-2 on Thursday
[2024-12-09 16:02:04,532 ] 275 root - INFO - st: 09:00:00, et: 16:00:00, rs: 12:00:00, re: 13:00:00, tl: 60, pl: 120
[2024-12-09 16:02:04,533 ] 344 root - INFO - R.S. Prajapati is already booked for 11:00:00 on Thursday. Finding a new teacher.
[2024-12-09 16:02:04,533 ] 344 root - INFO - S.I. Shah is already booked for 13:00:00 on Thursday. Finding a new teacher.
[2024-12-09 16:02:04,533 ] 267 root - INFO - Creating timetable for MCA-2 on Friday
[2024-12-09 16:02:04,533 ] 275 root - INFO - st: 09:00:00, et: 16:00:00, rs: 12:00:00, re: 13:00:00, tl: 60, pl: 120
[2024-12-09 16:02:04,533 ] 336 root - INFO - Not enough time for practical, trying another subject
[2024-12-09 16:02:04,533 ] 344 root - INFO - D.G. Patel is already booked for 13:00:00 on Friday. Finding a new teacher.
[2024-12-09 16:02:04,533 ] 267 root - INFO - Creating timetable for MCA-2 on Saturday
[2024-12-09 16:02:04,533 ] 275 root - INFO - st: 09:00:00, et: 16:00:00, rs: 12:00:00, re: 13:00:00, tl: 60, pl: 120
[2024-12-09 16:02:04,533 ] 344 root - INFO - R.S. Prajapati is already booked for 13:00:00 on Saturday. Finding a new teacher.
[2024-12-09 16:02:04,533 ] 378 root - INFO - time is over
[2024-12-09 16:02:04,533 ] 385 root - INFO - teacher workload: {'R.S. Prajapati': 11, 'S.I. Shah': 7, 'S.K. Mishra': 11, 'P.K. Patel': 9, 'I.M.Khare': 8, 'D.G. Patel': 10, 'V.P. Paul': 11, 'H.K. Shrivastav': 2, 'A.R. Rao': 3}
[2024-12-09 16:02:04,533 ] 249 root - INFO - Subject options: ['PRINCIPLES OF MANAGEMENT', 'QUANTITATIVE TECHNIQUES IN MANAGEMENT', 'MANAGERIAL ECONOMICS', 'MANAGERIAL ACCOUNTING', 'ORGANISATIONAL BEHAVIOUR', 'MANAGERIAL COMMUNICATION', 'RESEARCH DESIGN FOR MANAGEMENT', 'COMMUNICATIVE ENGLISH LABORATORY', 'RESEARCH DESIGN LABORATORY']
[2024-12-09 16:02:04,533 ] 259 root - INFO - weighted_subjects: ['PRINCIPLES OF MANAGEMENT', 'PRINCIPLES OF MANAGEMENT', 'PRINCIPLES OF MANAGEMENT', 'PRINCIPLES OF MANAGEMENT', 'QUANTITATIVE TECHNIQUES IN MANAGEMENT', 'QUANTITATIVE TECHNIQUES IN MANAGEMENT', 'QUANTITATIVE TECHNIQUES IN MANAGEMENT', 'QUANTITATIVE TECHNIQUES IN MANAGEMENT', 'QUANTITATIVE TECHNIQUES IN MANAGEMENT', 'MANAGERIAL ECONOMICS', 'MANAGERIAL ECONOMICS', 'MANAGERIAL ECONOMICS', 'MANAGERIAL ECONOMICS', 'MANAGERIAL ACCOUNTING', 'MANAGERIAL ACCOUNTING', 'MANAGERIAL ACCOUNTING', 'ORGANISATIONAL BEHAVIOUR', 'ORGANISATIONAL BEHAVIOUR', 'MANAGERIAL COMMUNICATION', 'MANAGERIAL COMMUNICATION', 'MANAGERIAL COMMUNICATION', 'MANAGERIAL COMMUNICATION', 'MANAGERIAL COMMUNICATION', 'RESEARCH DESIGN FOR MANAGEMENT', 'RESEARCH DESIGN FOR MANAGEMENT', 'RESEARCH DESIGN FOR MANAGEMENT', 'RESEARCH DESIGN FOR MANAGEMENT', 'RESEARCH DESIGN FOR MANAGEMENT', 'COMMUNICATIVE ENGLISH LABORATORY', 'COMMUNICATIVE ENGLISH LABORATORY', 'RESEARCH DESIGN LABORATORY', 'RESEARCH DESIGN LABORATORY']
[2024-12-09 16:02:04,533 ] 262 root - INFO - weighted_subjects: ['RESEARCH DESIGN FOR MANAGEMENT', 'QUANTITATIVE TECHNIQUES IN MANAGEMENT', 'MANAGERIAL ACCOUNTING', 'COMMUNICATIVE ENGLISH LABORATORY', 'MANAGERIAL ECONOMICS', 'PRINCIPLES OF MANAGEMENT', 'RESEARCH DESIGN FOR MANAGEMENT', 'QUANTITATIVE TECHNIQUES IN MANAGEMENT', 'MANAGERIAL ACCOUNTING', 'MANAGERIAL ACCOUNTING', 'ORGANISATIONAL BEHAVIOUR', 'RESEARCH DESIGN FOR MANAGEMENT', 'MANAGERIAL ECONOMICS', 'MANAGERIAL COMMUNICATION', 'RESEARCH DESIGN FOR MANAGEMENT', 'MANAGERIAL COMMUNICATION', 'MANAGERIAL COMMUNICATION', 'QUANTITATIVE TECHNIQUES IN MANAGEMENT', 'MANAGERIAL ECONOMICS', 'MANAGERIAL COMMUNICATION', 'QUANTITATIVE TECHNIQUES IN MANAGEMENT', 'QUANTITATIVE TECHNIQUES IN MANAGEMENT', 'PRINCIPLES OF MANAGEMENT', 'COMMUNICATIVE ENGLISH LABORATORY', 'MANAGERIAL COMMUNICATION', 'PRINCIPLES OF MANAGEMENT', 'MANAGERIAL ECONOMICS', 'RESEARCH DESIGN LABORATORY', 'PRINCIPLES OF MANAGEMENT', 'ORGANISATIONAL BEHAVIOUR', 'RESEARCH DESIGN LABORATORY', 'RESEARCH DESIGN FOR MANAGEMENT']
[2024-12-09 16:02:04,533 ] 267 root - INFO - Creating timetable for MBA-1 on Monday
[2024-12-09 16:02:04,533 ] 275 root - INFO - st: 08:00:00, et: 15:00:00, rs: 11:00:00, re: 12:00:00, tl: 60, pl: 120
[2024-12-09 16:02:04,533 ] 378 root - INFO - time is over
[2024-12-09 16:02:04,533 ] 267 root - INFO - Creating timetable for MBA-1 on Tuesday
[2024-12-09 16:02:04,534 ] 275 root - INFO - st: 08:00:00, et: 15:00:00, rs: 11:00:00, re: 12:00:00, tl: 60, pl: 120
[2024-12-09 16:02:04,534 ] 267 root - INFO - Creating timetable for MBA-1 on Wednesday
[2024-12-09 16:02:04,534 ] 275 root - INFO - st: 08:00:00, et: 15:00:00, rs: 11:00:00, re: 12:00:00, tl: 60, pl: 120
[2024-12-09 16:02:04,534 ] 336 root - INFO - Not enough time for practical, trying another subject
[2024-12-09 16:02:04,534 ] 267 root - INFO - Creating timetable for MBA-1 on Thursday
[2024-12-09 16:02:04,534 ] 275 root - INFO - st: 08:00:00, et: 15:00:00, rs: 11:00:00, re: 12:00:00, tl: 60, pl: 120
[2024-12-09 16:02:04,534 ] 378 root - INFO - time is over
[2024-12-09 16:02:04,534 ] 267 root - INFO - Creating timetable for MBA-1 on Friday
[2024-12-09 16:02:04,534 ] 275 root - INFO - st: 08:00:00, et: 15:00:00, rs: 11:00:00, re: 12:00:00, tl: 60, pl: 120
[2024-12-09 16:02:04,534 ] 378 root - INFO - time is over
[2024-12-09 16:02:04,534 ] 267 root - INFO - Creating timetable for MBA-1 on Saturday
[2024-12-09 16:02:04,534 ] 275 root - INFO - st: 08:00:00, et: 15:00:00, rs: 11:00:00, re: 12:00:00, tl: 60, pl: 120
[2024-12-09 16:02:04,534 ] 385 root - INFO - teacher workload: {'R.S. Prajapati': 11, 'S.I. Shah': 7, 'S.K. Mishra': 11, 'P.K. Patel': 9, 'I.M.Khare': 8, 'D.G. Patel': 10, 'V.P. Paul': 11, 'H.K. Shrivastav': 12, 'A.R. Rao': 6, 'H.K. Patel': 3, 'J.P. Patel': 8, 'G.S. Desai': 6, 'P.J. Jha': 5, 'P.K. Solanki': 1}
[2024-12-09 16:02:04,535 ] 249 root - INFO - Subject options: ['STRATEGIC MANAGEMENT', 'FUNDAMENTALS OF ENTERPRISE RESOURCE PLANNING', 'MARKETING', 'FINANCE', 'HUMAN RESOURCE', 'INTERNATIONAL BUSINESS', 'ENTREPRENEURSHIP', 'SUPPLY CHAIN MANAGEMENT', 'SECTOR', 'PERSONALITY GROWTH LAB', 'MANAGEMENT RESEARCH PROJECT']
[2024-12-09 16:02:04,535 ] 259 root - INFO - weighted_subjects: ['STRATEGIC MANAGEMENT', 'STRATEGIC MANAGEMENT', 'STRATEGIC MANAGEMENT', 'FUNDAMENTALS OF ENTERPRISE RESOURCE PLANNING', 'FUNDAMENTALS OF ENTERPRISE RESOURCE PLANNING', 'FUNDAMENTALS OF ENTERPRISE RESOURCE PLANNING', 'MARKETING', 'MARKETING', 'MARKETING', 'MARKETING', 'FINANCE', 'FINANCE', 'FINANCE', 'FINANCE', 'HUMAN RESOURCE', 'HUMAN RESOURCE', 'HUMAN RESOURCE', 'INTERNATIONAL BUSINESS', 'INTERNATIONAL BUSINESS', 'INTERNATIONAL BUSINESS', 'ENTREPRENEURSHIP', 'ENTREPRENEURSHIP', 'ENTREPRENEURSHIP', 'ENTREPRENEURSHIP', 'ENTREPRENEURSHIP', 'SUPPLY CHAIN MANAGEMENT', 'SUPPLY CHAIN MANAGEMENT', 'SUPPLY CHAIN MANAGEMENT', 'SECTOR', 'SECTOR', 'SECTOR', 'SECTOR', 'PERSONALITY GROWTH LAB', 'MANAGEMENT RESEARCH PROJECT']
[2024-12-09 16:02:04,535 ] 262 root - INFO - weighted_subjects: ['PERSONALITY GROWTH LAB', 'SECTOR', 'ENTREPRENEURSHIP', 'SUPPLY CHAIN MANAGEMENT', 'INTERNATIONAL BUSINESS', 'FINANCE', 'ENTREPRENEURSHIP', 'SECTOR', 'FUNDAMENTALS OF ENTERPRISE RESOURCE PLANNING', 'SUPPLY CHAIN MANAGEMENT', 'STRATEGIC MANAGEMENT', 'FINANCE', 'FINANCE', 'FUNDAMENTALS OF ENTERPRISE RESOURCE PLANNING', 'SECTOR', 'MARKETING', 'MARKETING', 'FUNDAMENTALS OF ENTERPRISE RESOURCE PLANNING', 'ENTREPRENEURSHIP', 'ENTREPRENEURSHIP', 'ENTREPRENEURSHIP', 'MANAGEMENT RESEARCH PROJECT', 'HUMAN RESOURCE', 'STRATEGIC MANAGEMENT', 'FINANCE', 'HUMAN RESOURCE', 'INTERNATIONAL BUSINESS', 'STRATEGIC MANAGEMENT', 'MARKETING', 'INTERNATIONAL BUSINESS', 'SECTOR', 'MARKETING', 'HUMAN RESOURCE', 'SUPPLY CHAIN MANAGEMENT']
[2024-12-09 16:02:04,535 ] 267 root - INFO - Creating timetable for MBA-2 on Monday
[2024-12-09 16:02:04,535 ] 275 root - INFO - st: 08:00:00, et: 15:00:00, rs: 11:00:00, re: 12:00:00, tl: 60, pl: 120
[2024-12-09 16:02:04,535 ] 344 root - INFO - H.K. Patel is already booked for 08:00:00 on Monday. Finding a new teacher.
[2024-12-09 16:02:04,535 ] 267 root - INFO - Creating timetable for MBA-2 on Tuesday
[2024-12-09 16:02:04,535 ] 275 root - INFO - st: 08:00:00, et: 15:00:00, rs: 11:00:00, re: 12:00:00, tl: 60, pl: 120
[2024-12-09 16:02:04,536 ] 344 root - INFO - P.J. Jha is already booked for 08:00:00 on Tuesday. Finding a new teacher.
[2024-12-09 16:02:04,536 ] 344 root - INFO - J.P. Patel is already booked for 09:00:00 on Tuesday. Finding a new teacher.
[2024-12-09 16:02:04,536 ] 344 root - INFO - P.K. Solanki is already booked for 13:00:00 on Tuesday. Finding a new teacher.
[2024-12-09 16:02:04,536 ] 267 root - INFO - Creating timetable for MBA-2 on Wednesday
[2024-12-09 16:02:04,536 ] 275 root - INFO - st: 08:00:00, et: 15:00:00, rs: 11:00:00, re: 12:00:00, tl: 60, pl: 120
[2024-12-09 16:02:04,536 ] 378 root - INFO - time is over
[2024-12-09 16:02:04,537 ] 267 root - INFO - Creating timetable for MBA-2 on Thursday
[2024-12-09 16:02:04,537 ] 275 root - INFO - st: 08:00:00, et: 15:00:00, rs: 11:00:00, re: 12:00:00, tl: 60, pl: 120
[2024-12-09 16:02:04,537 ] 344 root - INFO - H.K. Shrivastav is already booked for 13:00:00 on Thursday. Finding a new teacher.
[2024-12-09 16:02:04,538 ] 267 root - INFO - Creating timetable for MBA-2 on Friday
[2024-12-09 16:02:04,538 ] 275 root - INFO - st: 08:00:00, et: 15:00:00, rs: 11:00:00, re: 12:00:00, tl: 60, pl: 120
[2024-12-09 16:02:04,538 ] 344 root - INFO - G.S. Desai is already booked for 09:00:00 on Friday. Finding a new teacher.
[2024-12-09 16:02:04,538 ] 344 root - INFO - A.R. Rao is already booked for 10:00:00 on Friday. Finding a new teacher.
[2024-12-09 16:02:04,538 ] 344 root - INFO - A.R. Rao is already booked for 14:00:00 on Friday. Finding a new teacher.
[2024-12-09 16:02:04,538 ] 267 root - INFO - Creating timetable for MBA-2 on Saturday
[2024-12-09 16:02:04,538 ] 275 root - INFO - st: 08:00:00, et: 15:00:00, rs: 11:00:00, re: 12:00:00, tl: 60, pl: 120
[2024-12-09 16:02:04,538 ] 344 root - INFO - H.K. Shrivastav is already booked for 09:00:00 on Saturday. Finding a new teacher.
[2024-12-09 16:02:04,538 ] 378 root - INFO - time is over
[2024-12-09 16:02:04,538 ] 344 root - INFO - P.J. Jha is already booked for 13:00:00 on Saturday. Finding a new teacher.
[2024-12-09 16:02:04,538 ] 385 root - INFO - teacher workload: {'R.S. Prajapati': 11, 'S.I. Shah': 7, 'S.K. Mishra': 11, 'P.K. Patel': 9, 'I.M.Khare': 8, 'D.G. Patel': 10, 'V.P. Paul': 11, 'H.K. Shrivastav': 18, 'A.R. Rao': 11, 'H.K. Patel': 9, 'J.P. Patel': 12, 'G.S. Desai': 12, 'P.J. Jha': 8, 'P.K. Solanki': 7}
[2024-12-09 16:02:04,539 ] 97 werkzeug - INFO - 127.0.0.1 - - [09/Dec/2024 16:02:04] "[32mPOST /upload HTTP/1.1[0m" 302 -
[2024-12-09 16:02:04,576 ] 97 werkzeug - INFO - 127.0.0.1 - - [09/Dec/2024 16:02:04] "GET /index HTTP/1.1" 200 -
[2024-12-09 16:02:04,603 ] 97 werkzeug - INFO - 127.0.0.1 - - [09/Dec/2024 16:02:04] "[36mGET /static/images/MCA-1.jpg HTTP/1.1[0m" 304 -
[2024-12-09 16:02:04,606 ] 97 werkzeug - INFO - 127.0.0.1 - - [09/Dec/2024 16:02:04] "[36mGET /static/images/MBA-1.jpg HTTP/1.1[0m" 304 -
[2024-12-09 16:02:04,607 ] 97 werkzeug - INFO - 127.0.0.1 - - [09/Dec/2024 16:02:04] "[36mGET /static/images/MCA-2.jpg HTTP/1.1[0m" 304 -
[2024-12-09 16:02:04,608 ] 97 werkzeug - INFO - 127.0.0.1 - - [09/Dec/2024 16:02:04] "[36mGET /static/images/MBA-2.jpg HTTP/1.1[0m" 304 -
[2024-12-09 16:02:08,538 ] 97 werkzeug - INFO - 127.0.0.1 - - [09/Dec/2024 16:02:08] "POST /get_timetable HTTP/1.1" 200 -
[2024-12-09 16:02:23,248 ] 97 werkzeug - INFO - 127.0.0.1 - - [09/Dec/2024 16:02:23] "GET /upload HTTP/1.1" 200 -
